Loading data model 'Flux_model.stp'
Recording commands in 'C:/Users/jperalta/Documents/github_pato/flux/2_int_rotor/1_int_rotor_slotless/8_icems_journal_2018_3d/Flux3D_log.py'
 
                                                             FLUX3D_18.1.0 : 3D Finite Element Electromagnetism
                                                                   4096 MiB N. + 127 MiB C. + 2048 MiB J.
                                                                  HWU licensing used: 6200@stilic5.epfl.ch
                                           Build 1806291121 Flux_Release_2018.1 CL15346 Win64 4/8 cores LAIB108233:10960 jperalta
 
16:56:14       0 sec. FLUX3D_18.1.0 kernel initialized

Flux3D (application 2018.1) running

Loading new project
Creating ANONYM
... end loading new project
   GeomMeshOptions[1] modified
   openModelerContext executed
Modeler context opened
closeModelerContext()
   closeModelerContext executed
Modeler context closed
FICHIER PARAM.PY

   ParameterGeom[R_ROT_OUT] created
ParameterGeom[1]
   ParameterGeom[D_AGAP] created
   ParameterGeom[D_ST] created
   ParameterGeom[D_MECHGAP] created
   ParameterGeom[R_ST_IN] created
   ParameterGeom[R_ST_OUT] created
   ParameterGeom[D_MOT] created
   ParameterGeom[BETA] created
   ParameterGeom[ALPHA_H] created
   ParameterGeom[ALPHA_CASE] created
   ParameterGeom[H_ST] created
ParameterGeom[11]
   ParameterGeom[H_ROT] created
   ParameterGeom[DTHETA] created
   ParameterGeom[DALPHA] created
   ParameterGeom[DBETA] created
   ParameterGeom[DX] created
   ParameterGeom[DY] created
   ParameterGeom[X_H_DIFF] created
   ParameterGeom[DZ] created
   ParameterGeom[DR_0] created
   ParameterGeom[DTHETA_0] created
 
Multiplying coefficient for the flux in the coils and for coupling with electrical circuits :
Automatically calculated value = 1
 
   Application[2] created
   AidedMesh[1] modified
   CoordSys[COORD_SYS_ST] created
   CoordSys[COORD_SYS_ROT] created
   Point[1] created
   Point[2] created
   Point[3] created
   Point[4] created
   Point[5] created
   Point[6] created
   Point[7] created
   Point[8] created
   Line[1] created
   Line[2] created
   Line[3] created
   Line[4] created
   Line[5] created
   Line[6] created
   Line[7] created
   Line[8] created
   Transf[ROT_ROTOR] created
   Transf[ROT_ST] created
No line-line intersections and no lines superimposed
Number of surfaces found : 1
Checking the unicity of auxiliary points
Looking for identical points, minimum distance between 2 points is 0.392E-06
Checking the unicity of lines
Creation of 2 FACES :
1  2
   buildFaces executed
   Face[1, 2] modified
Creation of 1 volume(s) done :
1
   extrude executed
Creation of 1 volume(s) done :
2
   extrude executed
   Transf[ROT_SYM_ROT] created
   Transf[ROT_SYM_ST] created
   Transf[AX_SIM_ROT] created
   Transf[AX_SIM_ST] created
Creation of 1 volume(s) done :
3
   propagateVolume executed
Creation of 1 volume(s) done :
4
   propagateVolume executed
Creation of 2 volume(s) done :
5  6
   propagateVolume executed
Creation of 2 volume(s) done :
7  8
   propagateVolume executed
   InfiniteBox[InfiniteBoxCylinderZ] created
No line-line intersections and no lines superimposed
Number of surfaces found : 16
Checking the unicity of auxiliary points
Looking for identical points, minimum distance between 2 points is 0.783E-06
Checking the unicity of lines
Creation of 27 FACES :
33  34  35  36  37  38  39  40  41  42  43  44  45  46  47  48  49  50  51  52  53  54  55  56  57  58  59
   buildFaces executed
   setInvisible executed
   Face[34] deleted
   Face[33] deleted
   Face[35] deleted
No line-face intersections
Creation of 7 VOLUMES :
9  10  11  12  13  14  15
   buildVolumes executed
Anomaly (1) - Warning:
Some intersections may not have been detected

Anomaly (2) - Program error:
Can not execute the following command :
#! Flux3D 12.0

#M270-50A import @ 60 Hz
# Material(name='Cogent_M270_50A_60Hz : AC Curve 60 Hz - Magsoft 11-27-13', propertyJE=PropertyJeLinear(rho='5.5E-7'), propertyBH=PropertyBhNonlinearSpline(splinePoints=[BHPoint(h=0.0, b=0.0), BHPoint(h=30.14897145455453, b=0.5583195383544677), BHPoint(h=57.47147683524457, b=0.8014669589602983), BHPoint(h=114.94295367048915, b=1.0554113872521187), BHPoint(h=173.82766354266596, b=1.1828586189728878), BHPoint(h=247.43355088288698, b=1.2726841983189632), BHPoint(h=339.44091005816324, b=1.3385008839945494), BHPoint(h=454.4501090272586, b=1.388316882513333), BHPoint(h=598.2116077386278, b=1.4271905946570458), BHPoint(h=777.9134811278393, b=1.4585163635993679), BHPoint(h=1002.5408228643537, b=1.4847032356509042), BHPoint(h=1283.3250000349967, b=1.5075606100537984), BHPoint(h=1634.3052214983004, b=1.5285329183638185), BHPoint(h=2073.03049832743, b=1.5488529348897677), BHPoint(h=2621.437094363842, b=1.5696502300451567), BHPoint(h=3306.945339409357, b=1.5920352462391996), BHPoint(h=4163.830645716251, b=1.617171360718385), BHPoint(h=5234.937278599868, b=1.646343099980897), BHPoint(h=6573.820569704389, b=1.6810265315423274), BHPoint(h=8247.42468358504, b=1.7229668832636367), BHPoint(h=10339.429825935855, b=1.7742681824379336), BHPoint(h=12954.436253874374, b=1.8340388022204785), BHPoint(h=16223.19428879752, b=1.888024421320848), BHPoint(h=20309.141832451456, b=1.934588181077391), BHPoint(h=25416.576262018876, b=1.9742566116964841), BHPoint(h=31800.86929897815, b=2.00770641431493), BHPoint(h=39781.23559517724, b=2.03568294053627), BHPoint(h=49756.6934654261, b=2.058939298562508), BHPoint(h=62226.015803237184, b=2.078195517643845), BHPoint(h=68448.61738356091, b=2.0860150694082296)], equivalentHarmonicCurve=EquivalentBhUnmodified()), volumicMass='7600')

##M270-50A import @ 50 Hz
Material(name='Cogent_M270_50A_50Hz : AC Curve 50 Hz - Magsoft 11-27-13', propertyJE=PropertyJeLinear(rho='5.5E-7'), propertyBH=PropertyBhNonlinearSpline(splinePoints=[BHPoint(h=0.0, b=0.0), BHPoint(h=25.335410773000902, b=0.5094095664557834), BHPoint(h=48.29562678603297, b=0.7454092508250769), BHPoint(h=96.59125357206594, b=1.0017970717433387), BHPoint(h=146.07447773808332, b=1.1344364688373194), BHPoint(h=207.92850794560505, b=1.229527244853858), BHPoint(h=285.2460457050072, b=1.300012211798584), BHPoint(h=381.8929679042599, b=1.3537654064900504), BHPoint(h=502.7016206533258, b=1.3958885445691518), BHPoint(h=653.7124365896582, b=1.4298715604430412), BHPoint(h=842.4759565100736, b=1.4582263472240313), BHPoint(h=1078.430356410593, b=1.482856944062607), BHPoint(h=1373.3733562862421, b=1.5052900520340753), BHPoint(h=1742.0521061308036, b=1.5268284928566516), BHPoint(h=2202.9005434365054, b=1.548661354467694), BHPoint(h=2778.9610900686325, b=1.5719502020275844), BHPoint(h=3499.036773358792, b=1.5979033017505093), BHPoint(h=4399.131377471491, b=1.6278458927617978), BHPoint(h=5524.249632612364, b=1.663292525794019), BHPoint(h=6930.647451538455, b=1.7059732977090576), BHPoint(h=8688.644725196069, b=1.753407597419617), BHPoint(h=10886.141317268088, b=1.8024404970229542), BHPoint(h=13633.01205735811, b=1.8516679534963991), BHPoint(h=17066.60048247064, b=1.899527941220615), BHPoint(h=21358.5860138613, b=1.9444152373205), BHPoint(h=26723.567928099623, b=1.9847898884010333), BHPoint(h=33429.79532089753, b=2.0192546990803937), BHPoint(h=41812.57956189491, b=2.046585611555856), BHPoint(h=52291.05986314165, b=2.0657108838057883), BHPoint(h=57520.16584945582, b=2.072281972186367)], equivalentHarmonicCurve=EquivalentBhUnmodified()), volumicMass='7600')


##MUMETAL import
Material(name='Imphy_Mumetal : Annealed at 1170C (4h)', propertyJE=PropertyJeLinear(rho='6.0E-7'), propertyBH=PropertyBhNonlinearSpline(splinePoints=[BHPoint(h=0.0, b=0.0), BHPoint(h=0.07730337052716346, b=0.04602790951232145), BHPoint(h=0.19142247126788856, b=0.10461819800940673), BHPoint(h=0.3828449425357771, b=0.18390674271156043), BHPoint(h=0.6707130314576181, b=0.27256669471182327), BHPoint(h=1.1169085692864718, b=0.36641484021222653), BHPoint(h=1.808511652921195, b=0.4568239710389393), BHPoint(h=2.8804964325550166, b=0.5363431733989547), BHPoint(h=4.54207284098744, b=0.6008591956808994), BHPoint(h=7.117516274057696, b=0.6498302372724394), BHPoint(h=11.109453595316594, b=0.6851048726067008), BHPoint(h=17.296956443267888, b=0.7094828510107992), BHPoint(h=26.887585857592395, b=0.7257160890365061), BHPoint(h=41.75306144979538, b=0.736039703330057), BHPoint(h=64.79454861771002, b=0.74205041483429), BHPoint(h=100.50885372797771, b=0.7447386380251969), BHPoint(h=155.86602664889264, b=0.7450817557495342), BHPoint(h=241.6696446763108, b=0.7452726177975624), BHPoint(h=374.66525261880895, b=0.7455648825875318), BHPoint(h=580.8084449296812, b=0.7460097433508142), BHPoint(h=900.3303930115333, b=0.7466811655891662), BHPoint(h=1395.5894125384038, b=0.7476831419417013), BHPoint(h=2163.2408928050536, b=0.7491578111557223), BHPoint(h=3353.1006872183607, b=0.7512963061089424), BHPoint(h=5197.383368558987, b=0.7543600097338129), BHPoint(h=8056.021524636959, b=0.7587286674261435), BHPoint(h=12486.910666557815, b=0.7649963126697421), BHPoint(h=19354.788836535146, b=0.7741298427653783), BHPoint(h=30000.0, b=0.7876991118430775), BHPoint(h=33000.0, b=0.7914690230273853)], equivalentHarmonicCurve=EquivalentBhUnmodified()))

## ndfeb50 import
#! Preflu2D 10.3
#! Preflu3D 10.3
#! FluxSkewed 10.3

Material(name='BMT_50H : BMT_NdFeB', propertyBH=PropertyBhMagnetOneDirection(br='1.41', mur='1.0447'), volumicMass='7600')     

## ndfeb42uh import
#! Preflu2D 10.3
#! Preflu3D 10.3
#! FluxSkewed 10.3

Material(name='BMT_42UH : BMT_NdFeB', propertyBH=PropertyBhMagnetOneDirection(br='1.31', mur='1.0561'), volumicMass='7600')


##METGLAS http://magweb.us/free-bh-curves/ + extrapolation in DATASHEET folder
lastInstance = Material(name='METGLAS',
         propertyBH=PropertyBhNonlinearSpline(splinePoints=[BHPoint(h=0.0,
                                                                    b=0.0),
                                                            BHPoint(h=0.9491626252,
                                                                    b=0.023724686),
                                                            BHPoint(h=1.2126102414,
                                                                    b=0.032310921),
                                                            BHPoint(h=1.4633573684,
                                                                    b=0.042258681),
                                                            BHPoint(h=1.8202602134,
                                                                    b=0.059140911),
                                                            BHPoint(h=2.1645023577,
                                                                    b=0.075660091),
                                                            BHPoint(h=2.3387043684,
                                                                    b=0.084645811),
                                                            BHPoint(h=3.7196995418,
                                                                    b=0.157366666),
                                                            BHPoint(h=5.925144266,
                                                                    b=0.269697236),
                                                            BHPoint(h=8.2028369485,
                                                                    b=0.363638296),
                                                            BHPoint(h=10.3699733049,
                                                                    b=0.441967576),
                                                            BHPoint(h=12.7836153342,
                                                                    b=0.513561616),
                                                            BHPoint(h=15.7496570244,
                                                                    b=0.591127466),
                                                            BHPoint(h=21.3417874608,
                                                                    b=0.708591176),
                                                            BHPoint(h=26.2710176141,
                                                                    b=0.794886336),
                                                            BHPoint(h=31.4127501882,
                                                                    b=0.872267896),
                                                            BHPoint(h=37.2343806926,
                                                                    b=0.947088936),
                                                            BHPoint(h=43.5233589603,
                                                                    b=1.016735676),
                                                            BHPoint(h=59.5434504615,
                                                                    b=1.149),
                                                            BHPoint(h=74.8410942105,
                                                                    b=1.232395221),
                                                            BHPoint(h=91.2860871032,
                                                                    b=1.284148101),
                                                            BHPoint(h=111.5555108274,
                                                                    b=1.319848586),
                                                            BHPoint(h=133.3971373406,
                                                                    b=1.341587081),
                                                            BHPoint(h=155.7487012275,
                                                                    b=1.354974331),
                                                            BHPoint(h=183.9644056522,
                                                                    b=1.365540516),
                                                            BHPoint(h=231.9820348415,
                                                                    b=1.376390326),
                                                            BHPoint(h=279.1497657554,
                                                                    b=1.383211281),
                                                            BHPoint(h=331.8417717978,
                                                                    b=1.388736281),
                                                            BHPoint(h=371.3606808372,
                                                                    b=1.391972381),
                                                            BHPoint(h=447.8489552861,
                                                                    b=1.396941051),
                                                            BHPoint(h=613.9985136522,
                                                                    b=1.404),
                                                            BHPoint(h=792.0462181581,
                                                                    b=1.410014626),
                                                            BHPoint(h=800,
                                                                    b=1.410024621017041)]))

#NO12 https://cogent-power.com/downloads + extrapolation in DATASHEET folder
# lastInstance = Material(name='NO12',
         # propertyBH=PropertyBhNonlinearSpline(splinePoints=[BHPoint(h=0.0,
                                                                    # b=0.0),
                                                            # BHPoint(h=25.0,
                                                                    # b=0.1),
                                                            # BHPoint(h=32.0,
                                                                    # b=0.2),
                                                            # BHPoint(h=39.0,
                                                                    # b=0.3),
                                                            # BHPoint(h=45.0,
                                                                    # b=0.4),
                                                            # BHPoint(h=51.0,
                                                                    # b=0.5),
                                                            # BHPoint(h=57.0,
                                                                    # b=0.6),
                                                            # BHPoint(h=65.0,
                                                                    # b=0.7),
                                                            # BHPoint(h=75.0,
                                                                    # b=0.8),
                                                            # BHPoint(h=89.0,
                                                                    # b=0.9),
                                                            # BHPoint(h=105.0,
                                                                    # b=1.0),
                                                            # BHPoint(h=124.0,
                                                                    # b=1.1),
                                                            # BHPoint(h=160.0,
                                                                    # b=1.2),
                                                            # BHPoint(h=248.0,
                                                                    # b=1.3),
                                                            # BHPoint(h=470.0,
                                                                    # b=1.4),
                                                            # BHPoint(h=1290.0,
                                                                    # b=1.5),
                                                            # BHPoint(h=3050.0,
                                                                    # b=1.6),
                                                            # BHPoint(h=5350.0,
                                                                    # b=1.7),
                                                            # BHPoint(h=9420.0,
                                                                    # b=1.8),
                                                            # BHPoint(h=10000.0,
                                                                    # b=1.800728849495633)]))
                                                                                     
# NO12 https://cogent-power.com/downloads ONLY DATASHEET INFORMATION, BUT IT STOPS TOO EARLY
# lastInstance = Material(name='NO12',
         # propertyBH=PropertyBhNonlinearSpline(splinePoints=[BHPoint(h=0.0,
                                                                    # b=0.0),
                                                            # BHPoint(h=25.0,
                                                                    # b=0.1),
                                                            # BHPoint(h=32.0,
                                                                    # b=0.2),
                                                            # BHPoint(h=39.0,
                                                                    # b=0.3),
                                                            # BHPoint(h=45.0,
                                                                    # b=0.4),
                                                            # BHPoint(h=51.0,
                                                                    # b=0.5),
                                                            # BHPoint(h=57.0,
                                                                    # b=0.6),
                                                            # BHPoint(h=65.0,
                                                                    # b=0.7),
                                                            # BHPoint(h=75.0,
                                                                    # b=0.8),
                                                            # BHPoint(h=89.0,
                                                                    # b=0.9),
                                                            # BHPoint(h=105.0,
                                                                    # b=1.0),
                                                            # BHPoint(h=124.0,
                                                                    # b=1.1),
                                                            # BHPoint(h=160.0,
                                                                    # b=1.2),
                                                            # BHPoint(h=248.0,
                                                                    # b=1.3),
                                                            # BHPoint(h=470.0,
                                                                    # b=1.4),
                                                            # BHPoint(h=1290.0,
                                                                    # b=1.5),
                                                            # BHPoint(h=3050.0,
                                                                    # b=1.6),
                                                            # BHPoint(h=5350.0,
                                                                    # b=1.7),
                                                            # BHPoint(h=9420.0,
                                                                    # b=1.8)]))                                                            

# NO12 https://cogent-power.com/downloads + LOG EXTRAPOLATION WITH EXCEL (SEE DATASHEETS) EARLY                                                                                     
lastInstance = Material(name='NO12',
         propertyBH=PropertyBhNonlinearSpline(splinePoints=[BHPoint(h=0.0,
                                                                    b=0.0),
                                                            BHPoint(h=25.0,
                                                                    b=0.1),
                                                            BHPoint(h=32.0,
                                                                    b=0.2),
                                                            BHPoint(h=39.0,
                                                                    b=0.3),
                                                            BHPoint(h=45.0,
                                                                    b=0.4),
                                                            BHPoint(h=51.0,
                                                                    b=0.5),
                                                            BHPoint(h=57.0,
                                                                    b=0.6),
                                                            BHPoint(h=65.0,
                                                                    b=0.7),
                                                            BHPoint(h=75.0,
                                                                    b=0.8),
                                                            BHPoint(h=89.0,
                                                                    b=0.9),
                                                            BHPoint(h=105.0,
                                                                    b=1.0),
                                                            BHPoint(h=124.0,
                                                                    b=1.1),
                                                            BHPoint(h=160.0,
                                                                    b=1.2),
                                                            BHPoint(h=248.0,
                                                                    b=1.3),
                                                            BHPoint(h=470.0,
                                                                    b=1.4),
                                                            BHPoint(h=1290.0,
                                                                    b=1.5),
                                                            BHPoint(h=3050.0,
                                                                    b=1.6),
                                                            BHPoint(h=5350.0,
                                                                    b=1.7),
                                                            BHPoint(h=9420.0,
                                                                    b=1.8),
                                                            BHPoint(h=20000.0,
                                                                    b=1.876631403201),                                                                                     
                                                            BHPoint(h=30000.0,
                                                                    b=1.930274437003),          
                                                            BHPoint(h=40000.0,
                                                                    b=1.968334775189),     
                                                            BHPoint(h=50000.0,
                                                                    b=1.997856667027),     
                                                            BHPoint(h=60000.0,
                                                                    b=2.021977808991),     
                                                            BHPoint(h=70000.0,
                                                                    b=2.042371943932),          
                                                            BHPoint(h=80000.0,
                                                                    b=2.060038147177),          
                                                            BHPoint(h=90000.0,
                                                                    b=2.075620842794),                                                                                          
                                                            BHPoint(h=100000.0,
                                                                    b=2.089560039016)]))
                                                                                     
Material(name='Cogent_M235_35A_50Hz : AC Curve 50 Hz - Magsoft 11-27-13', propertyJE=PropertyJeLinear(rho='5.9E-7'), propertyBH=PropertyBhNonlinearSpline(splinePoints=[BHPoint(h=0.0, b=0.0), BHPoint(h=10.609410903823548, b=0.3273247381182948), BHPoint(h=21.165774753127977, b=0.5356124232868341), BHPoint(h=42.33154950625595, b=0.7875250174098541), BHPoint(h=65.6404252619563, b=0.9456105290875018), BHPoint(h=95.94196374436673, b=1.068912907131924), BHPoint(h=135.3339637715003, b=1.1650352014251444), BHPoint(h=186.54356380677393, b=1.2400700535602844), BHPoint(h=253.11604385262967, b=1.2988751266360483), BHPoint(h=339.66026791224215, b=1.3453200073496236), BHPoint(h=452.1677591897384, b=1.3824998965732842), BHPoint(h=598.4274978504834, b=1.4129172117197708), BHPoint(h=788.565158109452, b=1.4386352121148516), BHPoint(h=1035.744116446111, b=1.461409101559607), BHPoint(h=1357.076762283768, b=1.482800537000453), BHPoint(h=1774.809201872722, b=1.5042815706738921), BHPoint(h=2317.8613733383622, b=1.5273340799244424), BHPoint(h=3023.8291962436942, b=1.553550884652498), BHPoint(h=3941.587366020626, b=1.5847451446221081), BHPoint(h=5134.672986730638, b=1.6230753670568718), BHPoint(h=6685.684293653652, b=1.6711945341998606), BHPoint(h=8701.99899265357, b=1.7307693894339407), BHPoint(h=11323.208101353466, b=1.7933518159643456), BHPoint(h=14730.77994266333, b=1.8550604713504568), BHPoint(h=19160.623336366152, b=1.913315772893413), BHPoint(h=24919.419748179826, b=1.96569431071992), BHPoint(h=32405.855083537597, b=2.0101221739127864), BHPoint(h=42138.2210195027, b=2.044942554844638), BHPoint(h=54790.296736257354, b=2.0688515174858524), BHPoint(h=60269.32640988309, b=2.0757366692344377)], equivalentHarmonicCurve=EquivalentBhUnmodified()), volumicMass='7600')

## METGLAS 2605SA1_v2 grabbed from https://metglas.com/wp-content/uploads/2016/12/2605SA1-Magnetic-Alloy.pdf (16/11/2018) and extrapolated in C:\Users\jperalta\Google Drive\4_EPFL_Dropbox\07 Datasheets\stator materials\BH_METGLAS_2605SA1.xlxs
lastInstance = Material(name='METGLAS_2605SA1',
         propertyBH=PropertyBhNonlinearSpline(splinePoints=[BHPoint(h=0.0,
                                                                    b=0.0),
                                                            BHPoint(h=1.8688,
                                                                    b=0.8049),
                                                            BHPoint(h=1.9637,
                                                                    b=0.8507),
                                                            BHPoint(h=2.0728,
                                                                    b=0.9039),
                                                            BHPoint(h=2.1736,
                                                                    b=0.9702),
                                                            BHPoint(h=2.2738,
                                                                    b=1.0209),
                                                            BHPoint(h=2.3787,
                                                                    b=1.0708),
                                                            BHPoint(h=2.585,
                                                                    b=1.1223),
                                                            BHPoint(h=2.8855,
                                                                    b=1.1681),
                                                            BHPoint(h=3.2137,
                                                                    b=1.2163),
                                                            BHPoint(h=3.4917,
                                                                    b=1.24),
                                                            BHPoint(h=3.6931,
                                                                    b=1.2604),
                                                            BHPoint(h=4.0576,
                                                                    b=1.28),
                                                            BHPoint(h=4.6103,
                                                                    b=1.3036),
                                                            BHPoint(h=5.2267,
                                                                    b=1.3289),
                                                            BHPoint(h=5.8858,
                                                                    b=1.3526),
                                                            BHPoint(h=6.5539,
                                                                    b=1.3681),
                                                            BHPoint(h=7.6663,
                                                                    b=1.3884),
                                                            BHPoint(h=8.8081,
                                                                    b=1.403),
                                                            BHPoint(h=10.3487,
                                                                    b=1.4144),
                                                            BHPoint(h=12.7437,
                                                                    b=1.4241),
                                                            BHPoint(h=17.2009,
                                                                    b=1.4353),
                                                            BHPoint(h=25.6192,
                                                                    b=1.4457),
                                                            BHPoint(h=34.5012,
                                                                    b=1.4512),
                                                            BHPoint(h=45.7399,
                                                                    b=1.4551),
                                                            BHPoint(h=58.6383,
                                                                    b=1.4598),
                                                            BHPoint(h=70.2915,
                                                                    b=1.4633),
                                                            BHPoint(h=80.3945,
                                                                    b=1.4662),
                                                            BHPoint(h=100.0,
                                                                    b=1.470424438),
                                                            BHPoint(h=200.0,
                                                                    b=1.484426011),
                                                            BHPoint(h=500.0,
                                                                    b=1.502935084),
                                                            BHPoint(h=1000.0,
                                                                    b=1.516936657),
                                                            BHPoint(h=5000.0,
                                                                    b=1.549447302),
                                                            BHPoint(h=10000.0,
                                                                    b=1.563448876),
                                                            BHPoint(h=50000.0,
                                                                    b=1.595959521)]))
## measured by the NETL of the USA https://netl.doe.gov/File%20Library/Research/onsite%20research/publications/METGLAS-2605-SA1-Core-Datasheet_approved.pdf and adapted in C:\Users\jperalta\Google Drive\4_EPFL_Dropbox\07 Datasheets\stator materialsBH_METGLAS_NETL.xlss
lastInstance = Material(name='METGLAS_NETL : measured by NETL USA',
         propertyBH=PropertyBhNonlinearSpline(splinePoints=[BHPoint(h=0.0,
                                                                                     b=0.0),
                                                                           BHPoint(h=1.55435366731285,
                                                                                     b=0.0482090049433856),
                                                                           BHPoint(h=5.49272005606477,
                                                                                     b=0.092968168119094),
                                                                           BHPoint(h=6.8983217212492,
                                                                                     b=0.124822047560834),
                                                                           BHPoint(h=9.03825545327978,
                                                                                     b=0.154089527754296),
                                                                           BHPoint(h=12.6365873357572,
                                                                                     b=0.184211808185341),
                                                                           BHPoint(h=16.5910859838949,
                                                                                     b=0.219499030493114),
                                                                           BHPoint(h=22.0025162134443,
                                                                                     b=0.256502138571918),
                                                                           BHPoint(h=29.9643099949821,
                                                                                     b=0.296077503983307),
                                                                           BHPoint(h=36.1144719984831,
                                                                                     b=0.327910956213487),
                                                                           BHPoint(h=41.1844011527231,
                                                                                     b=0.351138267081078),
                                                                           BHPoint(h=49.8863932772475,
                                                                                     b=0.384682891110392),
                                                                           BHPoint(h=64.769345355009,
                                                                                     b=0.431978171167463),
                                                                           BHPoint(h=82.9384596206403,
                                                                                     b=0.478398223775389),
                                                                           BHPoint(h=99.6609082881053,
                                                                                     b=0.517074791878141),
                                                                           BHPoint(h=121.485550628582,
                                                                                     b=0.560034789112611),
                                                                           BHPoint(h=151.326249804894,
                                                                                     b=0.610709987020865),
                                                                           BHPoint(h=180.456082018921,
                                                                                     b=0.650194215642217),
                                                                           BHPoint(h=204.124620656206,
                                                                                     b=0.681952244322022),
                                                                           BHPoint(h=232.902685811678,
                                                                                     b=0.713688274466301),
                                                                           BHPoint(h=260.585852427539,
                                                                                     b=0.745429018582478),
                                                                           BHPoint(h=288.638384930375,
                                                                                     b=0.774584934774343),
                                                                           BHPoint(h=313.415021228587,
                                                                                     b=0.798588479681211),
                                                                           BHPoint(h=339.288022635446,
                                                                                     b=0.821726225082732),
                                                                           BHPoint(h=361.880728130576,
                                                                                     b=0.842294855799601),
                                                                           BHPoint(h=387.397562771774,
                                                                                     b=0.860267659324395),
                                                                           BHPoint(h=412.542098387927,
                                                                                     b=0.882547461840399),
                                                                           BHPoint(h=435.505636339067,
                                                                                     b=0.899670179099507),
                                                                           BHPoint(h=467.94069613842,
                                                                                     b=0.927085068336881),
                                                                           BHPoint(h=501.844420071465,
                                                                                     b=0.949327159077697),
                                                                           BHPoint(h=527.726220892534,
                                                                                     b=0.967298391278525),
                                                                           BHPoint(h=552.883955630002,
                                                                                     b=0.98182842399349),
                                                                           BHPoint(h=579.857721852613,
                                                                                     b=1.00151711328932),
                                                                           BHPoint(h=595.168702578753,
                                                                                     b=1.01178414408412),
                                                                           BHPoint(h=628.349826997233,
                                                                                     b=1.02972394980563),
                                                                           BHPoint(h=651.319231224513,
                                                                                     b=1.04340232493094),
                                                                           BHPoint(h=671.008339540065,
                                                                                     b=1.0545115853716),
                                                                           BHPoint(h=695.434675348757,
                                                                                     b=1.06990584626795),
                                                                           BHPoint(h=721.693174901977,
                                                                                     b=1.08098682287722),
                                                                           BHPoint(h=739.922418498046,
                                                                                     b=1.09210236861375),
                                                                           BHPoint(h=759.979426131538,
                                                                                     b=1.10148788666355),
                                                                           BHPoint(h=1000.0,
                                                                                     b=1.210861866),
                                                                           BHPoint(h=2000.0,
                                                                                     b=1.485417464),
                                                                           BHPoint(h=3000.0,
                                                                                     b=1.646022194),
                                                                           BHPoint(h=4000.0,
                                                                                     b=1.759973062),
                                                                           BHPoint(h=5000.0,
                                                                                     b=1.848360223),
                                                                           BHPoint(h=6000.0,
                                                                                     b=1.920577792),
                                                                           BHPoint(h=7000.0,
                                                                                     b=1.981636876),
                                                                           BHPoint(h=8000.0,
                                                                                     b=2.034528661),
                                                                           BHPoint(h=9000.0,
                                                                                     b=2.081182521),
                                                                           BHPoint(h=10000.0,
                                                                                     b=2.122915821)])




Syntax error in the command file :
Command prompt
Line : 417  Column : 100
Incorrect line :                                                                                      b=2.122915821)]) 

   Material[COGENT_M270_50A_50HZ] created
Material[1]
   Material[IMPHY_MUMETAL] created
Material[2]
   Material[BMT_50H] created
Material[3]
   Material[BMT_42UH] created
Material[4]
   Material[METGLAS] created
The final derivative of points defining the spline curve of material NO12 must be equal to Mu0. The final relative permeability is equal to: 1.10924599072956
   Material[NO12] created
   Material[COGENT_M235_35A_50HZ] created
Material[7]
The final derivative of points defining the spline curve of material METGLAS_2605SA1 must be equal to Mu0. The final relative permeability is equal to: 0.646778731856974
   Material[METGLAS_2605SA1] created
The final derivative of points defining the spline curve of material METGLAS_NETL must be equal to Mu0. The final relative permeability is equal to: 33.2103049326848
   Material[METGLAS_NETL] created
   ParameterGeom[M_R_THEO] created
   ParameterGeom[N_R_THEO] created
   ParameterGeom[COIL_R_THEO] created
   ParameterGeom[COIL_R_CASE] created
   ParameterGeom[COIL_R] created
   ParameterGeom[COIL_WCOIL] created
   ParameterGeom[COIL_KCU] created
   VariationParameter[TH_COIL_CIRC] created
   VariationParameter[R_ST_IN_PH] created
   VariationParameter[A_COIL] created
   VariationParameter[A_CU] created
   VariationParameter[ALPHA_CASE_PH] created
   VariationParameter[D_ST_PH] created
   VariationParameter[R_ST_OUT_PH] created
   VariationParameter[H_ST_PH] created
   VariationParameter[L_BAR_PH] created
   VariationParameter[R_ROT_PH] created
   ParameterGeom[RHO_CU] created
   VariationParameter[R_COIL] created
   VariationParameter[I_T_PEAK] created
   VariationParameter[THETA_T] created
   VariationParameter[JT_RMS] created
   VariationParameter[IT_HAT] created
   VariationParameter[I_F_PEAK] created
   VariationParameter[THETA_F0] created
   VariationParameter[THETA_F_DIR] created
   VariationParameter[THETA_F] created
   VariationParameter[JF_RMS] created
   VariationParameter[IF_HAT] created
   VariationParameter[P_CU_TOT] created
   VariationParameter[H_ROT_PH] created
   VariationParameter[V_FE_ST] created
   VariationParameter[V_PM] created
   VariationParameter[V_CU] created
   CoordSys[COORD_COIL_1] created
   VariationParameter[I_T_1] created
   VariationParameter[I_F_1] created
   CoilConductor[I_1] created
 
Coil(1) :
   Total number of coils obtained by duplication : 1
   Number of portions of conductors in parallel = 1
 
   Coil[COIL_1] created
   CoordSys[COORD_COIL_2] created
   VariationParameter[I_T_2] created
   VariationParameter[I_F_2] created
   CoilConductor[I_2] created
Coil(2) :
   Total number of coils obtained by duplication : 1
   Number of portions of conductors in parallel = 1
 
   Coil[COIL_2] created
   CoordSys[COORD_COIL_3] created
   VariationParameter[I_T_3] created
   VariationParameter[I_F_3] created
   CoilConductor[I_3] created
Coil(3) :
   Total number of coils obtained by duplication : 1
   Number of portions of conductors in parallel = 1
 
   Coil[COIL_3] created
   CoordSys[COORD_COIL_4] created
   VariationParameter[I_T_4] created
   VariationParameter[I_F_4] created
   CoilConductor[I_4] created
Coil(4) :
   Total number of coils obtained by duplication : 1
   Number of portions of conductors in parallel = 1
 
   Coil[COIL_4] created
   CoordSys[COORD_COIL_5] created
   VariationParameter[I_T_5] created
   VariationParameter[I_F_5] created
   CoilConductor[I_5] created
Coil(5) :
   Total number of coils obtained by duplication : 1
   Number of portions of conductors in parallel = 1
 
   Coil[COIL_5] created
   CoordSys[COORD_COIL_6] created
   VariationParameter[I_T_6] created
   VariationParameter[I_F_6] created
   CoilConductor[I_6] created
Coil(6) :
   Total number of coils obtained by duplication : 1
   Number of portions of conductors in parallel = 1
 
   Coil[COIL_6] created
   RegionVolume[IRON_ST] created
   RegionVolume[AIR] created
   RegionVolume[PM] created
   assignRegion executed
   assignRegion executed
   assignRegionToVolumes executed
   orientRegVolMaterial executed
   RegionVolume[IRON_ST] modified
   RegionVolume[PM] modified
   MeshLine[R_ST] created
   MeshLine[R_ROT] created
   MeshLine[H_ST] created
   MeshLine[H_ROT] created
   MeshLine[THETA] created
   assignMeshLine executed
   assignMeshLine executed
   assignMeshLine executed
   assignMeshLine executed
   assignMeshLine executed
   Sensor[F_ROT] created
   Sensor[TX_ROT] created
   Sensor[TY_ROT] created
   Sensor[TZ_ROT] created
   Sensor[F_ST] created
   Sensor[TX_ST] created
   Sensor[TY_ST] created
   Sensor[TZ_ST] created
   Scenario[1_DZ] created
Scenario[1]
Anomaly (3) - Program error:
Can not execute the following command :
Scenario(name='1_DZ')

startMacroTransaction()

Scenario['1_DZ'].addPilot(pilot=MultiValues(parameter=VariationParameter['ALPHA_H'],
                                            intervals=[IntervalStepValue(minValue=alpha_min,
                                                                         maxValue=alpha_max,
                                                                         stepValue=d_alpha)]))

Scenario['1_DZ'].addPilot(pilot=MultiValues(parameter=VariationParameter['BETA'],
                                            intervals=[IntervalStepValue(minValue=beta_min,
                                                                         maxValue=beta_max,
                                                                         stepValue=d_beta)]))

Scenario['1_DZ'].addPilot(pilot=MonoValue(parameter=VariationParameter['DZ'],
                                          value=r_rot_out/5))

Scenario['1_DZ'].addPilot(pilot=MultiValues(parameter=VariationParameter['D_AGAP'],
                                            intervals=[IntervalStepValue(minValue=dgap_min,
                                                                         maxValue=dgap_max,
                                                                         stepValue=d_dgap)]))

endMacroTransaction()


Unknown argument : alpha_min
This argument must be defined in your jython session before usage.

executed Undo(Scenario[1_DZ] created)
Scenario[1]
   addPilot executed
   addPilot executed
   addPilot executed
   addPilot executed
   Scenario[1_DZ] created
   ParameterGeom[DALPHA] modified
   ParameterGeom[DALPHA] modified
   ParameterGeom[DALPHA] modified
   ParameterGeom[DALPHA] modified
   Scenario[2_DALPHA] created
Scenario[2]
   addPilot executed
   addPilot executed
   addPilot executed
   addPilot executed
   ParameterGeom[DTHETA] modified
   ParameterGeom[DALPHA] modified
   ParameterGeom[DX] modified
   ParameterGeom[DTHETA] modified
   ParameterGeom[DX] modified
   ParameterGeom[DY] modified
   ParameterGeom[DY] modified
Closing project
Close of ANONYM
... end closing project
Maximum use of 594 MiB. in numerical memory
For the dynamic table ID 24728
Maximum use of 9 MiB. in character memory
For the dynamic table ID 454577
 
   NUMZM         ADRES    SUIV    PREC    CODE          LONG           UID     PROP4   ...
 
       1             5       6       4   R08 5             0             0
       2             1       5       5   C80 8             0             0
       4     536870913       1       6   R08 5             0             0
       5       1677722       2       2   C80 8             0             0
       6             5       4       1   I04 2        600037             0
Numerical memory: Total length                   = 536870912
(8 byte words)    Present length                 =    600041
                  Useful length                  =    600041
                  Number of numerical arrays     =         3
Character memory: Total length                   =   1677721
(80 byte words)   Present length                 =         0
                  Useful length                  =         0
                  Number of character arrays     =         2
Maximum number of arrays (num+char)              =    100006
 
08:06:28   54613 sec. FLUX3D_18.1.0 kernel finalized
