Loading data model 'Flux_model.stp'
Recording commands in 'C:/Users/jperalta/Documents/github_pato/flux/2_int_rotor/2_int_rotor_slotted/4_icems/Flux3D_log.py'
 
                                                             FLUX3D_18.1.0 : 3D Finite Element Electromagnetism
                                                                   4096 MiB N. + 127 MiB C. + 2048 MiB J.
                                                                  HWU licensing used: 6200@stilic5.epfl.ch
                                           Build 1806291121 Flux_Release_2018.1 CL15346 Win64 4/8 cores LAIB108233:17568 jperalta
 
10:30:01       0 sec. FLUX3D_18.1.0 kernel initialized

Flux3D (application 2018.1) running

Execution of command file 'C:/Users/jperalta/Documents/github_pato/flux/2_int_rotor/2_int_rotor_slotted/4_icems/00_main.py' in batch mode ...
Loading new project
Creating ANONYM
... end loading new project
Execution of command file '1_param_2d_revF.py' in batch mode ...

Anomaly (1) - Program error:
Can not execute the following command :
executeBatchSpy('C:/Users/jperalta/Documents/github_pato/flux/2_int_rotor/2_int_rotor_slotted/4_icems/00_main.py')

Error occured while executing the command file :
   C:/Users/jperalta/Documents/github_pato/flux/2_int_rotor/2_int_rotor_slotted/4_icems/00_main.py.
Line : 27.


1_param_2d_revF.py : Unable to open file.
Check the path.
Closing project
Close of ANONYM
... end closing project
Maximum use of 16 MiB. in numerical memory
For the dynamic table ID 33284
Maximum use of 7 MiB. in character memory
For the dynamic table ID 32300
 
   NUMZM         ADRES    SUIV    PREC    CODE          LONG           UID     PROP4   ...
 
       1             5       6       4   R08 5             0             0
       2             1       5       5   C80 8             0             0
       4     536870913       1       6   R08 5             0             0
       5       1677722       2       2   C80 8             0             0
       6             5       4       1   I04 2        600037             0
Numerical memory: Total length                   = 536870912
(8 byte words)    Present length                 =    600041
                  Useful length                  =    600041
                  Number of numerical arrays     =         3
Character memory: Total length                   =   1677721
(80 byte words)   Present length                 =         0
                  Useful length                  =         0
                  Number of character arrays     =         2
Maximum number of arrays (num+char)              =    100006
 
10:30:13      12 sec. FLUX3D_18.1.0 kernel finalized
