Loading data model 'Flux_model.stp'
Recording commands in 'C:/Users/jperalta/Documents/github_pato/flux/3_double_motor/1_ext_homopolar_int_long_drive/Flux3D_log.py'
 
                                                             FLUX3D_18.1.0 : 3D Finite Element Electromagnetism
                                                                   4096 MiB N. + 127 MiB C. + 2048 MiB J.
                                                                  HWU licensing used: 6200@stilic5.epfl.ch
                                           Build 1806291121 Flux_Release_2018.1 CL15346 Win64 4/8 cores LAIB108233:11328 jperalta
 
12:45:43       0 sec. FLUX3D_18.1.0 kernel initialized

Flux3D (application 2018.1) running

Loading new project
One or more of the required features checked out will expire in 18 day(s)
Creating ANONYM
Anomaly (1) - Warning:
One or more of the required features checked out will expire in 18 day(s)

... end loading new project
   GeomMeshOptions[1] modified
   openModelerContext executed
Modeler context opened
closeModelerContext()
   closeModelerContext executed
Modeler context closed
Execution of command file '1_param_revJ.py' in batch mode ...
FICHIER PARAM.PY

   ParameterGeom[R_OUT_PM_ROT_BNG] created
   ParameterGeom[D_AGAP_B] created
   ParameterGeom[D_ST_BNG] created
   ParameterGeom[R_OUT_ST_BNG] created
   ParameterGeom[D_MOT] created
   ParameterGeom[ALPHA_H] created
   ParameterGeom[ALPHA_CASE] created
   ParameterGeom[BETA_B] created
   ParameterGeom[BETA_D] created
   ParameterGeom[H_ST_BNG] created
   ParameterGeom[H_PERCENT_PM_TO_FE_BNG_ST] created
   ParameterGeom[H_PM_BNG_ST] created
   ParameterGeom[H_FE_BNG_ST] created
   ParameterGeom[H_ROT_B] created
   ParameterGeom[H_DRV] created
   ParameterGeom[D_PM_B_ROT] created
   ParameterGeom[H_PERCENT_PM_TO_FE_BNG_ROT] created
   ParameterGeom[H_FE_ROT_B] created
   ParameterGeom[H_PM_ROT_B] created
   ParameterGeom[DTHETA] created
   ParameterGeom[DALPHA] created
   ParameterGeom[DBETA] created
   ParameterGeom[DX] created
   ParameterGeom[DY] created
   ParameterGeom[X_H_DIFF] created
   ParameterGeom[DZ] created
   ParameterGeom[DR_0] created
   ParameterGeom[DTHETA_0] created
   ParameterGeom[R_SEP] created
   ParameterGeom[R_OUT_ST_DRV] created
   ParameterGeom[D_DRV_ST] created
   ParameterGeom[D_AGAP_D] created
   ParameterGeom[R_ROT_DRV] created

End execution of command file '1_param_revJ.py' in batch mode ...
Execution of command file '2_app_def.py' in batch mode ...
 
Multiplying coefficient for the flux in the coils and for coupling with electrical circuits :
Automatically calculated value = 1
 
   Application[2] created

End execution of command file '2_app_def.py' in batch mode ...
Execution of command file '3_mesh_info.py' in batch mode ...
   AidedMesh[1] modified

End execution of command file '3_mesh_info.py' in batch mode ...
Execution of command file '4_geom_revI.py' in batch mode ...
   CoordSys[COORD_SYS_ST] created
   CoordSys[COORD_SYS_ROT] created
   CoordSys[COORD_SYS_ST_VERT] created
   CoordSys[COORD_SYS_ROT_VERT] created
   Point[1] created
   Point[2] created
   Point[3] created
   Point[4] created
   Line[1] created
   Line[2] created
   Line[3] created
   Line[4] created
   Transf[H_FE_BNG_ST] created
Creation of 8 line(s) done :
5  6  7  8  9  10  11  12
   extrude executed
   Point[9] created
   Point[10] created
   Point[11] created
   Point[12] created
   Line[13] created
   Line[14] created
   Line[15] created
   Line[16] created
   Line[17] created
   Line[18] created
   Line[19] created
   Line[20] created
   Line[21] created
   Point[13] created
   Point[14] created
   Point[15] created
   Point[16] created
   Line[22] created
   Line[23] created
   Line[24] created
   Line[25] created
   Line[26] created
   Line[27] created
   Line[28] created
   Point[17] created
   Point[18] created
   Line[29] created
   Line[30] created
   Point[19] created
   Point[20] created
   Line[31] created
   Line[32] created
   Transf[H_PM_ROT_B] created
Creation of 8 line(s) done :
33  34  35  36  37  38  39  40
   extrude executed
   Transf[H_FE_ROT_B] created
Creation of 8 line(s) done :
41  42  43  44  45  46  47  48
   extrude executed
Creation of 8 line(s) done :
49  50  51  52  53  54  55  56
   extrude executed
   Point[33] created
   Point[34] created
   Line[57] created
   Line[58] created
   Point[35] created
   Point[36] created
   Line[59] created
   Line[60] created
   Transf[H_FE_ST_DRV] created
Creation of 8 line(s) done :
61  62  63  64  65  66  67  68
   extrude executed
   Point[41] created
   Point[42] created
   Line[69] created
   Line[70] created
   Transf[H_PM_ROT_DRV] created
Creation of 4 line(s) done :
71  72  73  74
   extrude executed
   Line[75] created
   Line[76] created
   Line[77] created
   Line[78] created
   Line[79] created
   Line[80] created
   Line[81] created
   Line[82] created
   Line[83] created
   Line[84] created
   InfiniteBox[InfiniteBoxCylinderZ] created
No line-line intersections and no lines superimposed
Number of surfaces found : 27
Checking the unicity of auxiliary points
Looking for identical points, minimum distance between 2 points is 0.280E-06
Checking the unicity of lines
Creation of 83 FACES :
1  2  3  4  5  6  7  8  9  10  11  12  13  14  15  16  17  18  19  20  21  22  23  24  25  26  27  28  29  30  31  32  33  34  35  36  37  38  39  40  41  42  43  44  45  46  47  48  49  50  51  52  53  54  55  56  57  58  59  60  61  62
63  64  65  66  67  68  69  70  71  72  73  74  75  76  77  78  79  80  81  82  83
   buildFaces executed
   setInvisible executed
   Face[19] deleted
   Face[15] deleted
   Face[6] deleted
   Face[23] deleted
   Face[27] deleted
   Face[34] deleted
   Face[41] deleted
   Face[46] deleted
   Face[55] deleted
   Face[50] deleted
No line-face intersections
Creation of 15 VOLUMES :
1  2  3  4  5  6  7  8  9  10  11  12  13  14  15
   buildVolumes executed
Some intersections may not have been detected


End execution of command file '4_geom_revI.py' in batch mode ...
Execution of command file '5_mat_def.py' in batch mode ...
   Material[COGENT_M270_50A_50HZ] created
Material[1]
   Material[IMPHY_MUMETAL] created
Material[2]
   Material[BMT_50H] created
Material[3]
   Material[BMT_42UH] created
Material[4]
   Material[METGLAS] created
The final derivative of points defining the spline curve of material NO12 must be equal to Mu0. The final relative permeability is equal to: 1.10924599072956
   Material[NO12] created

End execution of command file '5_mat_def.py' in batch mode ...
Execution of command file '6a_elec_circuit_saddle_wdg_drive_revB.py' in batch mode ...
   ParameterGeom[COIL_KCU] created
   ParameterGeom[RHO_CU] created
   ParameterGeom[RHO_V_CU] created
   ParameterGeom[DRV_WDG_ANG_STR_P] created
   ParameterGeom[DRV_WDG_ANG_CYL_P] created
   ParameterGeom[DRV_COIL_ANG_TOT] created
   ParameterGeom[DRV_COIL_L_STR_P] created
   VariationParameter[BNG_R_B_ST_OUT] created
   ParameterGeom[DRV_COIL_HALFHEIGHT_SADDLES] created
   VariationParameter[DRV_COIL_HALFHEIGHT_SADDLES_PH] created
   ParameterGeom[DRV_COIL_R_SADDLES] created
   ParameterGeom[DRV_COIL_TOTAL_ANGLE] created
   VariationParameter[DRV_COIL_R_TH] created
   VariationParameter[DRV_R_ST_IN_PH] created
   VariationParameter[DRV_A_COIL] created
   VariationParameter[DRV_A_CU] created
   VariationParameter[DRV_DELTA_1] created
   VariationParameter[DRV_DELTA_2] created
   VariationParameter[DRV_DELTA] created
   VariationParameter[DRV_LCA] created
   VariationParameter[DRV_R_COIL] created
   VariationParameter[DRV_I_T_PEAK] created
   VariationParameter[DRV_THETA_T] created
   VariationParameter[DRV_JT_RMS] created
   VariationParameter[DRV_IT_HAT] created
   VariationParameter[P_CU_TOT] created
   CoordSys[COORD_SYS_DRV_COIL_1] created
   VariationParameter[I_T_1] created
   CoilConductor[I_DRV_1] created
 
Coil(1) :
   Total number of coils obtained by duplication : 1
   Number of portions of conductors in parallel = 1
 
   Coil[COIL_DRV_1] created
   CoordSys[COORD_SYS_DRV_COIL_2] created
   VariationParameter[I_T_2] created
   CoilConductor[I_DRV_2] created
Coil(2) :
   Total number of coils obtained by duplication : 1
   Number of portions of conductors in parallel = 1
 
   Coil[COIL_DRV_2] created
   CoordSys[COORD_SYS_DRV_COIL_3] created
   VariationParameter[I_T_3] created
   CoilConductor[I_DRV_3] created
Coil(3) :
   Total number of coils obtained by duplication : 1
   Number of portions of conductors in parallel = 1
 
   Coil[COIL_DRV_3] created

End execution of command file '6a_elec_circuit_saddle_wdg_drive_revB.py' in batch mode ...
Execution of command file '6b_bearing_coil_toroidal_revE.py' in batch mode ...
   ParameterGeom[BNG_M_R_THEO] created
   ParameterGeom[BNG_N_R_THEO] created
   ParameterGeom[BNG_COIL_R_THEO] created
   ParameterGeom[BNG_COIL_R_CASE] created
   ParameterGeom[BNG_COIL_R] created
   ParameterGeom[BNG_COIL_WCOIL] created
   VariationParameter[BNG_TH_COIL_CIRC] created
   VariationParameter[BNG_R_ST_IN_PH] created
   VariationParameter[BNG_A_COIL] created
   VariationParameter[BNG_A_CU] created
   VariationParameter[BNG_ALPHA_CASE_PH] created
   VariationParameter[BNG_H_L_PH] created
   VariationParameter[BNG_L_BAR_PH] created
   VariationParameter[BNG_R_COIL] created
   VariationParameter[BNG_I_F_PEAK] created
   VariationParameter[BNG_THETA_F0] created
   VariationParameter[BNG_THETA_F_DIR] created
   VariationParameter[BNG_THETA_F] created
   VariationParameter[BNG_JF_RMS] created
   VariationParameter[BNG_IF_HAT] created
   CoordSys[COORD_COIL_BNG_1] created
   VariationParameter[I_F_1] created
   CoilConductor[I_BNG_1] created
Coil(4) :
   Total number of coils obtained by duplication : 1
   Number of portions of conductors in parallel = 1
 
   Coil[COIL_BNG_1] created
   CoordSys[COORD_COIL_BNG_2] created
   VariationParameter[I_F_2] created
   CoilConductor[I_BNG_2] created
Coil(5) :
   Total number of coils obtained by duplication : 1
   Number of portions of conductors in parallel = 1
 
   Coil[COIL_BNG_2] created
   CoordSys[COORD_COIL_BNG_3] created
   VariationParameter[I_F_3] created
   CoilConductor[I_BNG_3] created
Coil(6) :
   Total number of coils obtained by duplication : 1
   Number of portions of conductors in parallel = 1
 
   Coil[COIL_BNG_3] created
   CoordSys[COORD_COIL_BNG_4] created
   VariationParameter[I_F_4] created
   CoilConductor[I_BNG_4] created
Coil(7) :
   Total number of coils obtained by duplication : 1
   Number of portions of conductors in parallel = 1
 
   Coil[COIL_BNG_4] created
   CoordSys[COORD_COIL_BNG_5] created
   VariationParameter[I_F_5] created
   CoilConductor[I_BNG_5] created
Coil(8) :
   Total number of coils obtained by duplication : 1
   Number of portions of conductors in parallel = 1
 
   Coil[COIL_BNG_5] created
   CoordSys[COORD_COIL_BNG_6] created
   VariationParameter[I_F_6] created
   CoilConductor[I_BNG_6] created
Coil(9) :
   Total number of coils obtained by duplication : 1
   Number of portions of conductors in parallel = 1
 
   Coil[COIL_BNG_6] created

End execution of command file '6b_bearing_coil_toroidal_revE.py' in batch mode ...
Execution of command file '6c_other_outputs_revB.py' in batch mode ...
   VariationParameter[R_OUT_ST_BNG_AUX] created
   VariationParameter[A_BNG_ST] created
   VariationParameter[D_MOT_AUX] created
   VariationParameter[ALPHA_CASE_AUX] created
   VariationParameter[H_ST_BNG_AUX] created
   VariationParameter[H_PM_BNG_ST_AUX] created
   VariationParameter[H_FE_BNG_ST_AUX] created
   VariationParameter[V_PM_BNG_ST] created
   VariationParameter[V_FE_BNG_ST] created
   VariationParameter[A_BNG_ROT] created
   VariationParameter[H_ROT_B_AUX] created
   VariationParameter[H_PM_ROT_B_AUX] created
   VariationParameter[V_PM_BNG_ROT] created
   VariationParameter[V_FE_BNG_ROT] created
   VariationParameter[R_OUT_ST_DRV_AUX] created
   VariationParameter[A_DRV_ST] created
   VariationParameter[V_FE_DRV_ST] created

Anomaly (2) - User error:
Can not execute the following command :
executeBatchSpy('1_param_revJ.py')                         # Defines different parameters
executeBatchSpy('2_app_def.py')                              # Defines different parameters
executeBatchSpy('3_mesh_info.py')                         # Defines different parameters
executeBatchSpy('4_geom_revI.py')                             # Defines different parameters
executeBatchSpy('5_mat_def.py')                              # Defines different parameters
executeBatchSpy('6a_elec_circuit_saddle_wdg_drive_revB.py')      # Defines different parameters
executeBatchSpy('6b_bearing_coil_toroidal_revE.py')      # Defines different parameters
executeBatchSpy('6c_other_outputs_revB.py')                # Defines different parameters

Error occured while executing the command file :
   6c_other_outputs_revB.py.
Line : 63.


K_D_DR_PM is not a valid parameter name
   VariationParameter[R_ROT_DRV_AUX] created
   VariationParameter[V_PM_DRV_ROT] created
   VariationParameter[OUT_V_FE] created
   VariationParameter[OUT_V_PM] created
   VariationParameter[OUT_V_CU] created
   RegionVolume[BNG_ST_PM_TOP] created
   RegionVolume[BNG_ST_PM_BOTTOM] created
   RegionVolume[BNG_ST_IRON] created
   RegionVolume[BNG_ROT_IRON] created
   RegionVolume[BNG_ROT_PM_TOP] created
   RegionVolume[BNG_ROT_PM_BOTTOM] created
   RegionVolume[DRV_ROT_PM] created
   RegionVolume[DRV_ST_IRON] created
   RegionVolume[AIR] created
   assignRegion executed
   assignRegion executed
   assignRegion executed
   assignRegion executed
   assignRegion executed
   assignRegion executed
   assignRegion executed
   assignRegion executed
   assignRegionToVolumes executed
   orientRegVolMaterial executed
   orientRegVolMaterial executed
   orientRegVolMaterial executed
   orientRegVolMaterial executed
   orientRegVolMaterial executed
   RegionVolume[BNG_ST_PM_TOP, BNG_ROT_PM_BOTTOM] modified
   RegionVolume[BNG_ST_PM_BOTTOM, BNG_ROT_PM_TOP] modified
   RegionVolume[BNG_ST_IRON, BNG_ROT_IRON, DRV_ST_IRON] modified
   RegionVolume[DRV_ROT_PM] modified
   setInvisible executed
12:54:31     528 sec. Internal meshing of the lines
 
Automatic meshing of 73  faces
Boundary meshing of the faces achieved in 1 iteration(s)
Internal meshing of the 73 faces
Faces internal meshing achieved
Boundary meshing of the faces achieved in 1 iteration(s)
Internal meshing of the 73 faces
Faces internal meshing achieved
Boundary meshing of the faces achieved in 1 iteration(s)
Internal meshing of the 73 faces
Faces internal meshing achieved
End of topological mesh regularization
12:54:39     536 sec.   32867 1st order surfacic elements created
 
Automatic mesh of 15 volumes
12:54:40     536 sec. Internal meshing of volumes
         81635 nodes
        490821 meshes
12:54:46     543 sec. Mesh compressing
         81635 nodes
        490821 meshes
12:54:48     545 sec.  490821 1st order volumic elements created
 
Volume elements :
   Number of elements not evaluated     : 0  %
   Number of excellent quality elements : 71.08  %
   Number of good quality elements      : 26.61  %
   Number of average quality elements   : 1.84  %
   Number of poor quality elements      : 0.47  %
   meshDomain executed
The group of volume regions:
   - BNG_ST_PM_TOP
   - BNG_ST_PM_BOTTOM
   - BNG_ST_IRON
is multiply connected (have hole(s)).
 
There can be a problem called connexity problem if a coil forms
an interlacing with the group of volume regions.
 
If you have a connexity problem, you must create a cut of
magnetic circuit which cuts the group
of volume regions.
The group of volume regions:
   - BNG_ROT_IRON
   - BNG_ROT_PM_TOP
   - BNG_ROT_PM_BOTTOM
is multiply connected (have hole(s)).
 
There can be a problem called connexity problem if a coil forms
an interlacing with the group of volume regions.
 
If you have a connexity problem, you must create a cut of
magnetic circuit which cuts the group
of volume regions.
The group of volume regions:
   - DRV_ST_IRON
is multiply connected (have hole(s)).
 
There can be a problem called connexity problem if a coil forms
an interlacing with the group of volume regions.
 
If you have a connexity problem, you must create a cut of
magnetic circuit which cuts the group
of volume regions.
   displayArrowsOnMagnet executed
Anomaly (3) - Warning:
The group of volume regions:
   - BNG_ST_PM_TOP
   - BNG_ST_PM_BOTTOM
   - BNG_ST_IRON
is multiply connected (have hole(s)).
 
There can be a problem called connexity problem if a coil forms
an interlacing with the group of volume regions.
 
If you have a connexity problem, you must create a cut of
magnetic circuit which cuts the group
of volume regions.
The group of volume regions:
   - BNG_ROT_IRON
   - BNG_ROT_PM_TOP
   - BNG_ROT_PM_BOTTOM
is multiply connected (have hole(s)).
 
There can be a problem called connexity problem if a coil forms
an interlacing with the group of volume regions.
 
If you have a connexity problem, you must create a cut of
magnetic circuit which cuts the group
of volume regions.
The group of volume regions:
   - DRV_ST_IRON
is multiply connected (have hole(s)).
 
There can be a problem called connexity problem if a coil forms
an interlacing with the group of volume regions.
 
If you have a connexity problem, you must create a cut of
magnetic circuit which cuts the group
of volume regions.

Saving project as 'test_4.FLU'
12:58:05     741 sec. Start save ...
12:58:06     742 sec. ... end save
... end saving project
   deleteArrows executed
Execution of command file '8_sensors_revE.py' in batch mode ...
   Sensor[F_DRV_BNG_ST] created
   Sensor[F_DRV_BNG_ROT] created
   Sensor[TX_DRV_BNG_ST] created
   Sensor[TY_DRV_BNG_ST] created
   Sensor[TZ_DRV_BNG_ST] created
   Sensor[TX_DRV_BNG_ROT] created
   Sensor[TY_DRV_BNG_ROT] created
   Sensor[TZ_DRV_BNG_ROT] created

End execution of command file '8_sensors_revE.py' in batch mode ...
Anomaly (4) - User error:
The creation/modification/deletion of these entities is forbidden because the geometry is meshed.
To carry out this command, first delete the mesh.
Failed to modify an instance.
Can not execute the following command :
startMacroTransaction()
ParameterGeom['R_SEP'].expression='5'

endMacroTransaction()

   deleteMesh executed
   ParameterGeom[R_SEP] modified
   ParameterGeom[R_SEP] modified
   ParameterGeom[R_SEP] modified
   ParameterGeom[R_SEP] modified
   ParameterGeom[R_SEP] modified
   ParameterGeom[R_SEP] modified
   ParameterGeom[DZ] modified
   ParameterGeom[DZ] modified
   ParameterGeom[DALPHA] modified
   ParameterGeom[DALPHA] modified
   ParameterGeom[DBETA] modified
   ParameterGeom[DBETA] modified
   ParameterGeom[DX] modified
   ParameterGeom[DX] modified
   ParameterGeom[DX] modified
   ParameterGeom[DTHETA] modified
   ParameterGeom[DTHETA] modified
   ParameterGeom[DX] modified
Execution of command file '9_make_scenarios_passive_revD.py' in batch mode ...
   Scenario[0_FIELD] created
Scenario[1]
   addPilot executed
   addPilot executed
   addPilot executed
   addPilot executed
   addPilot executed
   Scenario[1_DZ] created
Scenario[2]
   addPilot executed
   addPilot executed
   addPilot executed
   addPilot executed
   addPilot executed
   addPilot executed
   Scenario[2_DALPHA] created
Scenario[3]
   addPilot executed
   addPilot executed
   addPilot executed
   addPilot executed
   addPilot executed
   addPilot executed
   Scenario[3_DBETA] created
Scenario[4]
   addPilot executed
   addPilot executed
   addPilot executed
   addPilot executed
   addPilot executed
   addPilot executed
   Scenario[4_DX] created
Scenario[5]
   addPilot executed
   addPilot executed
   addPilot executed
   addPilot executed
   addPilot executed
   addPilot executed
   Scenario[5_DY] created
Scenario[6]
   addPilot executed
   addPilot executed
   addPilot executed
   addPilot executed
   addPilot executed
   addPilot executed
   addPilot executed

End execution of command file '9_make_scenarios_passive_revD.py' in batch mode ...
Execution of command file '10_make_scenarios_active_revD.py' in batch mode ...
   Scenario[6_JT] created
Scenario[7]
   addPilot executed
   addPilot executed
   addPilot executed
   addPilot executed
   addPilot executed
   addPilot executed
   Scenario[7_JF] created
Scenario[8]
   addPilot executed
   addPilot executed
   addPilot executed
   addPilot executed
   addPilot executed
   addPilot executed

End execution of command file '10_make_scenarios_active_revD.py' in batch mode ...
13:10:39    1496 sec. Internal meshing of the lines
 
Automatic meshing of 73  faces
Boundary meshing of the faces achieved in 1 iteration(s)
Internal meshing of the 73 faces
Faces internal meshing achieved
Boundary meshing of the faces achieved in 1 iteration(s)
Internal meshing of the 73 faces
Faces internal meshing achieved
Boundary meshing of the faces achieved in 1 iteration(s)
Internal meshing of the 73 faces
Faces internal meshing achieved
End of topological mesh regularization
13:10:47    1503 sec.   32881 1st order surfacic elements created
 
Automatic mesh of 15 volumes
13:10:47    1504 sec. Internal meshing of volumes
         81660 nodes
        491226 meshes
13:10:53    1510 sec. Mesh compressing
         81660 nodes
        491226 meshes
13:10:55    1511 sec.  491226 1st order volumic elements created
 
Volume elements :
   Number of elements not evaluated     : 0  %
   Number of excellent quality elements : 70.67  %
   Number of good quality elements      : 26.87  %
   Number of average quality elements   : 1.99  %
   Number of poor quality elements      : 0.47  %
   meshDomain executed
13:11:09    1526 sec. Internal meshing of the lines
 
Automatic meshing of 73  faces
Boundary meshing of the faces achieved in 1 iteration(s)
Internal meshing of the 73 faces
Faces internal meshing achieved
Boundary meshing of the faces achieved in 1 iteration(s)
Internal meshing of the 73 faces
Faces internal meshing achieved
Boundary meshing of the faces achieved in 1 iteration(s)
Internal meshing of the 73 faces
Faces internal meshing achieved
End of topological mesh regularization
13:11:17    1534 sec.   32881 1st order surfacic elements created
 
Automatic mesh of 15 volumes
13:11:18    1534 sec. Internal meshing of volumes
         81660 nodes
        491226 meshes
13:11:24    1540 sec. Mesh compressing
         81660 nodes
        491226 meshes
13:11:25    1542 sec.  491226 1st order volumic elements created
 
Volume elements :
   Number of elements not evaluated     : 0  %
   Number of excellent quality elements : 70.66  %
   Number of good quality elements      : 26.88  %
   Number of average quality elements   : 1.99  %
   Number of poor quality elements      : 0.47  %
   meshDomain executed
 
13:12:56    1632 sec. Generating 2nd order elements is running
Percentage of 2nd order nodes not projected on line 88 : 57%
Percentage of 2nd order nodes not projected on line 95 : 57%
Percentage of 2nd order nodes not projected on line 104 : 9%
Percentage of 2nd order nodes not projected on line 115 : 9%
Percentage of 2nd order nodes not projected on face 48 : < 1%
Percentage of 2nd order nodes not projected on face 49 : < 1%
Percentage of 2nd order nodes not projected on face 51 : < 1%
Percentage of 2nd order nodes not projected on face 68 : 100%
Percentage of 2nd order nodes not projected on face 76 : 100%
Percentage of 2nd order nodes not projected on face 82 : 14%
  Total number of nodes --> 654727
13:13:07    1644 sec. End generating 2nd order elements
   generateSecondOrderElements executed
Saving project as '../../../../../Desktop/double_mot_test.FLU'
13:13:23    1660 sec. Start save ...
13:13:25    1661 sec. ... end save
... end saving project
   Scenario[REFERENCEVALUES] created
   Scenario[REFERENCEVALUES] modified
One or more of the required features checked out will expire in 18 day(s)
Begin of physical check ...
The group of volume regions:
   - BNG_ST_PM_TOP
   - BNG_ST_PM_BOTTOM
   - BNG_ST_IRON
is multiply connected (have hole(s)).
 
There can be a problem called connexity problem if a coil forms
an interlacing with the group of volume regions.
 
If you have a connexity problem, you must create a cut of
magnetic circuit which cuts the group
of volume regions.
The group of volume regions:
   - BNG_ROT_IRON
   - BNG_ROT_PM_TOP
   - BNG_ROT_PM_BOTTOM
is multiply connected (have hole(s)).
 
There can be a problem called connexity problem if a coil forms
an interlacing with the group of volume regions.
 
If you have a connexity problem, you must create a cut of
magnetic circuit which cuts the group
of volume regions.
The group of volume regions:
   - DRV_ST_IRON
is multiply connected (have hole(s)).
 
There can be a problem called connexity problem if a coil forms
an interlacing with the group of volume regions.
 
If you have a connexity problem, you must create a cut of
magnetic circuit which cuts the group
of volume regions.
The final derivative of points defining the spline curve of material NO12 must be equal to Mu0. The final relative permeability is equal to: 1.10924599072956
Please, verify the properties of the material: NO12
 
An electric circuit exists.
The active physical application does not take account of it.
 
End of physical check.
One or more of the required features checked out will expire in 18 day(s)
13:13:34    1671 sec. Start save ...
13:13:35    1672 sec. ... end save
One or more of the required features checked out will expire in 18 day(s)
The group of volume regions:
   - BNG_ST_PM_TOP
   - BNG_ST_PM_BOTTOM
   - BNG_ST_IRON
is multiply connected (have hole(s)).
 
There can be a problem called connexity problem if a coil forms
an interlacing with the group of volume regions.
 
If you have a connexity problem, you must create a cut of
magnetic circuit which cuts the group
of volume regions.
The group of volume regions:
   - BNG_ROT_IRON
   - BNG_ROT_PM_TOP
   - BNG_ROT_PM_BOTTOM
is multiply connected (have hole(s)).
 
There can be a problem called connexity problem if a coil forms
an interlacing with the group of volume regions.
 
If you have a connexity problem, you must create a cut of
magnetic circuit which cuts the group
of volume regions.
The group of volume regions:
   - DRV_ST_IRON
is multiply connected (have hole(s)).
 
There can be a problem called connexity problem if a coil forms
an interlacing with the group of volume regions.
 
If you have a connexity problem, you must create a cut of
magnetic circuit which cuts the group
of volume regions.
Active formulation(s) :
MS3SCA : Magnetostatic total scalar potential formulation
MS3RED : Magnetostatic reduced scalar potential formulation
Matrix system : non linear, real, symmetrical
 
13:13:37    1673 sec. Start solving problem ...
 
Step number 1
Value of parameter ALPHA_H : 1.8
Value of parameter BETA_B : 0.2
Value of parameter BETA_D : 0.5
Value of parameter BNG_I_F_PEAK : 0
Value of parameter BNG_JF_RMS : 0
Value of parameter BNG_M_R_THEO : 0.15
Value of parameter BNG_N_R_THEO : 0
Value of parameter BNG_THETA_F0 : 0
Value of parameter BNG_THETA_F_DIR : 0
Value of parameter COIL_KCU : 0.4
Value of parameter DALPHA : 0
Value of parameter DBETA : 0
Value of parameter DRV_COIL_ANG_TOT : 120
Value of parameter DRV_COIL_TOTAL_ANGLE : 118
Value of parameter DRV_I_T_PEAK : 0
Value of parameter DRV_JT_RMS : 0
Value of parameter DRV_THETA_T : 90
Value of parameter DRV_WDG_ANG_CYL_P : 10
Value of parameter DRV_WDG_ANG_STR_P : 50
Value of parameter DR_0 : 0
Value of parameter DTHETA : 0
Value of parameter DTHETA_0 : 0
Value of parameter DX : 0
Value of parameter DY : 0
Value of parameter DZ : 0
Value of parameter D_AGAP_B : 1.5
Value of parameter D_AGAP_D : 2.5
Value of parameter D_DRV_ST : 1
Value of parameter D_PM_B_ROT : 1
Value of parameter D_ST_BNG : 1
Value of parameter H_PERCENT_PM_TO_FE_BNG_ROT : 0.8
Value of parameter H_PERCENT_PM_TO_FE_BNG_ST : 0.6
Value of parameter RHO_CU : 0.168E-07
Value of parameter RHO_V_CU : 8960
Value of parameter R_OUT_PM_ROT_BNG : 10
Value of parameter R_SEP : 3.5
Value of parameter X_H_DIFF : 0
 
13:13:37    1673 sec. Start creating Dirichlet constraints at points...
13:13:37    1674 sec. ... end creating Dirichlet constraints at points.
 
  V1 unknowns are initialized to zero
  V1R unknowns are initialized to zero
 
13:13:37    1674 sec. Start computing reduced total increments ...
13:13:37    1674 sec. Start solving ...
Active formulation(s) :
MS3CRT : 3D formulation for coupling total and reduced scalar potentials
Matrix system : linear, real, symmetrical
  DV1 unknowns are initialized to zero
13:13:37    1674 sec. Numbering of    62602 nodal values done.
13:13:37    1674 sec. Number of non zero matrix elements estimated to be     5008160
13:13:37    1674 sec. Renumbering due to boundary conditions done.
 
Building of topologic matrix ...
Memory used during the building:          513 Mo.
 
TOPOLOGY OF LINEAR SYSTEM :
 
 Number of equations                 =                                  62598
 Length of the shortest line         =                                      8
 Length of the longest line          =                                     32
 Average line length                 =                                     11
 Number of the longest line          =                                  40876
 
 Redundance for vectorization                                             NON
 Number of nonzero coefficients      =                                 733494
 
NUMERIC MEMORY INFORMATION :
 
   Total reserved memory:                                     4294 Mo.
   Total memory allocated before solving process:              513 Mo.
   Memory allocated during solving process:                    522 Mo.
 
13:13:39    1676 sec. Integration on the region COUPLING_RED_TOT finished ( 31300  elements )
13:13:39    1676 sec. Linear part has been integrated and assembled.
       Prec. rel. = 0.0E0/0.0E0
13:13:39    1676 sec. ... end of solving
13:13:39    1676 sec. ... end of computing reduced total increments.
 
13:13:39    1676 sec. Numbering of   717329 nodal values done.
13:13:39    1676 sec. Number of non zero matrix elements estimated to be    57524560
13:13:40    1676 sec. Renumbering due to boundary conditions done.
 
Building of topologic matrix ...
Memory used during the building:          677 Mo.
 
TOPOLOGY OF LINEAR SYSTEM :
 
 Number of equations                 =                                 653997
 Length of the shortest line         =                                      7
 Length of the longest line          =                                    155
 Average line length                 =                                     28
 Number of the longest line          =                                 644603
 
 Redundance for vectorization                                             NON
 Number of nonzero coefficients      =                               18808125
 
NUMERIC MEMORY INFORMATION :
 
   Total reserved memory:                                     4294 Mo.
   Total memory allocated before solving process:              677 Mo.
   Memory allocated during solving process:                    864 Mo.
 
13:13:47    1683 sec. Integration on the region BNG_ST_PM_BOTTOM finished ( 852  elements )
13:13:47    1683 sec. Integration on the region BNG_ST_PM_TOP finished ( 852  elements )
13:13:47    1683 sec. Integration on the region BNG_ROT_PM_BOTTOM finished ( 2510  elements )
13:13:47    1683 sec. Integration on the region BNG_ROT_PM_TOP finished ( 2532  elements )
13:13:48    1684 sec. Integration on the region DRV_ROT_PM finished ( 112592  elements )
13:13:49    1685 sec. Integration on the region AIR finished ( 310618  elements )
13:13:49    1685 sec. Linear part has been integrated and assembled.
13:13:49    1685 sec. Computation of F_DRV_BNG_ST
13:13:50    1686 sec. Value of F_DRV_BNG_ST : 0 0 0
13:13:50    1686 sec. Computation of F_DRV_BNG_ROT
13:13:51    1687 sec. Value of F_DRV_BNG_ROT : 0 0 0
13:13:51    1687 sec. Computation of TX_DRV_BNG_ST
13:13:52    1688 sec. Value of TX_DRV_BNG_ST : 0
13:13:52    1688 sec. Computation of TY_DRV_BNG_ST
13:13:52    1689 sec. Value of TY_DRV_BNG_ST : 0
13:13:52    1689 sec. Computation of TZ_DRV_BNG_ST
13:13:53    1690 sec. Value of TZ_DRV_BNG_ST : 0
13:13:53    1690 sec. Computation of TX_DRV_BNG_ROT
13:13:54    1691 sec. Value of TX_DRV_BNG_ROT : 0
13:13:54    1691 sec. Computation of TY_DRV_BNG_ROT
13:13:55    1692 sec. Value of TY_DRV_BNG_ROT : 0
13:13:55    1692 sec. Computation of TZ_DRV_BNG_ROT
13:13:56    1692 sec. Value of TZ_DRV_BNG_ROT : 0
13:13:56    1692 sec. Value of BNG_R_B_ST_OUT : 12.5
13:13:56    1692 sec. Value of DRV_COIL_HALFHEIGHT_SADDLES_PH : 6.25
13:13:56    1692 sec. Value of DRV_COIL_R_TH : 2
13:13:56    1692 sec. Value of DRV_R_ST_IN_PH : 4.5
13:13:56    1692 sec. Value of DRV_A_COIL : 6.10865238198015
13:13:56    1692 sec. Value of DRV_A_CU : 2.44346095279206
13:13:56    1692 sec. Value of DRV_DELTA_1 : 65
13:13:56    1692 sec. Value of DRV_DELTA_2 : 7
13:13:56    1692 sec. Value of DRV_DELTA : 113.75
13:13:56    1692 sec. Value of DRV_LCA : 739.712328691678
13:13:56    1692 sec. Value of DRV_R_COIL : 0.005085887338539
13:13:56    1692 sec. Value of DRV_IT_HAT : 0
13:13:56    1692 sec. Value of P_CU_TOT : 0
13:13:56    1692 sec. Value of I_T_1 : 0
13:13:56    1692 sec. Value of I_T_2 : 0
13:13:56    1692 sec. Value of I_T_3 : 0
13:13:56    1692 sec. Value of BNG_TH_COIL_CIRC : 0.5
13:13:56    1692 sec. Value of BNG_R_ST_IN_PH : 11.5
13:13:56    1692 sec. Value of BNG_A_COIL : 5.89048622548086
13:13:56    1692 sec. Value of BNG_A_CU : 2.35619449019234
13:13:56    1692 sec. Value of BNG_ALPHA_CASE_PH : 0
13:13:56    1692 sec. Value of BNG_H_L_PH : 2.77777777777778
13:13:56    1692 sec. Value of BNG_L_BAR_PH : 9.12635188235045
13:13:56    1692 sec. Value of BNG_R_COIL : 0.198059484737E-04
13:13:56    1692 sec. Value of BNG_THETA_F : 0
13:13:56    1692 sec. Value of BNG_IF_HAT : 0
13:13:56    1692 sec. Value of I_F_1 : 0
13:13:56    1692 sec. Value of I_F_2 : 0
13:13:56    1692 sec. Value of I_F_3 : 0
13:13:56    1692 sec. Value of I_F_4 : 0
13:13:56    1692 sec. Value of I_F_5 : 0
13:13:56    1692 sec. Value of I_F_6 : 0
13:13:56    1692 sec. Value of R_OUT_ST_BNG_AUX : 12.5
13:13:56    1692 sec. Value of A_BNG_ST : 75.398223686155
13:13:56    1692 sec. Value of D_MOT_AUX : 25
13:13:56    1692 sec. Value of ALPHA_CASE_AUX : 0
13:13:56    1692 sec. Value of H_ST_BNG_AUX : 2.77777777777778
13:13:56    1692 sec. Value of H_PM_BNG_ST_AUX : 0.833333333333333
13:13:56    1692 sec. Value of H_FE_BNG_ST_AUX : 1.11111111111111
13:13:56    1692 sec. Value of V_PM_BNG_ST : 62.8318530717959
13:13:56    1692 sec. Value of V_FE_BNG_ST : 83.7758040957278
13:13:56    1692 sec. Value of A_BNG_ROT : 59.6902604182061
13:13:56    1692 sec. Value of H_ROT_B_AUX : 5
13:13:56    1692 sec. Value of H_PM_ROT_B_AUX : 2
13:13:56    1692 sec. Value of V_PM_BNG_ROT : 119.380520836412
13:13:56    1692 sec. Value of V_FE_BNG_ROT : 59.6902604182061
13:13:56    1692 sec. Value of R_OUT_ST_DRV_AUX : 5.5
13:13:56    1692 sec. Value of A_DRV_ST : 31.4159265358979
13:13:56    1692 sec. Value of V_FE_DRV_ST : 392.699081698724
13:13:56    1692 sec. Value of R_ROT_DRV_AUX : 2
13:13:56    1692 sec. Value of V_PM_DRV_ROT : 157.07963267949
13:13:56    1692 sec. Value of OUT_V_FE : 536.165146212658
13:13:56    1692 sec. Value of OUT_V_PM : 521.504380495906
13:13:56    1692 sec. Value of OUT_V_CU : 13878.4883362388
 
13:13:56    1693 sec. ... end solving problem.
 
13:13:56    1693 sec. Start save ...
13:13:56    1693 sec. ... end save
One or more of the required features checked out will expire in 18 day(s)
Value of parameter ALPHA_H : 1.8
Value of parameter BETA_B : 0.2
Value of parameter BETA_D : 0.5
Value of parameter BNG_I_F_PEAK : 0
Value of parameter BNG_JF_RMS : 0
Value of parameter BNG_M_R_THEO : 0.15
Value of parameter BNG_N_R_THEO : 0
Value of parameter BNG_THETA_F0 : 0
Value of parameter BNG_THETA_F_DIR : 0
Value of parameter COIL_KCU : 0.4
Value of parameter DALPHA : 0
Value of parameter DBETA : 0
Value of parameter DRV_COIL_ANG_TOT : 120
Value of parameter DRV_COIL_TOTAL_ANGLE : 118
Value of parameter DRV_I_T_PEAK : 0
Value of parameter DRV_JT_RMS : 0
Value of parameter DRV_THETA_T : 90
Value of parameter DRV_WDG_ANG_CYL_P : 10
Value of parameter DRV_WDG_ANG_STR_P : 50
Value of parameter DR_0 : 0
Value of parameter DTHETA : 0
Value of parameter DTHETA_0 : 0
Value of parameter DX : 0
Value of parameter DY : 0
Value of parameter DZ : 0
Value of parameter D_AGAP_B : 1.5
Value of parameter D_AGAP_D : 2.5
Value of parameter D_DRV_ST : 1
Value of parameter D_PM_B_ROT : 1
Value of parameter D_ST_BNG : 1
Value of parameter H_PERCENT_PM_TO_FE_BNG_ROT : 0.8
Value of parameter H_PERCENT_PM_TO_FE_BNG_ST : 0.6
Value of parameter RHO_CU : 0.168E-07
Value of parameter RHO_V_CU : 8960
Value of parameter R_OUT_PM_ROT_BNG : 10
Value of parameter R_SEP : 3.5
Value of parameter X_H_DIFF : 0
 
User stop at the end of a solver iteration
 
   solve executed
Anomaly (5) - Warning:
One or more of the required features checked out will expire in 18 day(s)
The group of volume regions:
   - BNG_ST_PM_TOP
   - BNG_ST_PM_BOTTOM
   - BNG_ST_IRON
is multiply connected (have hole(s)).
 
There can be a problem called connexity problem if a coil forms
an interlacing with the group of volume regions.
 
If you have a connexity problem, you must create a cut of
magnetic circuit which cuts the group
of volume regions.
The group of volume regions:
   - BNG_ROT_IRON
   - BNG_ROT_PM_TOP
   - BNG_ROT_PM_BOTTOM
is multiply connected (have hole(s)).
 
There can be a problem called connexity problem if a coil forms
an interlacing with the group of volume regions.
 
If you have a connexity problem, you must create a cut of
magnetic circuit which cuts the group
of volume regions.
The group of volume regions:
   - DRV_ST_IRON
is multiply connected (have hole(s)).
 
There can be a problem called connexity problem if a coil forms
an interlacing with the group of volume regions.
 
If you have a connexity problem, you must create a cut of
magnetic circuit which cuts the group
of volume regions.
One or more of the required features checked out will expire in 18 day(s)
One or more of the required features checked out will expire in 18 day(s)
The group of volume regions:
   - BNG_ST_PM_TOP
   - BNG_ST_PM_BOTTOM
   - BNG_ST_IRON
is multiply connected (have hole(s)).
 
There can be a problem called connexity problem if a coil forms
an interlacing with the group of volume regions.
 
If you have a connexity problem, you must create a cut of
magnetic circuit which cuts the group
of volume regions.
The group of volume regions:
   - BNG_ROT_IRON
   - BNG_ROT_PM_TOP
   - BNG_ROT_PM_BOTTOM
is multiply connected (have hole(s)).
 
There can be a problem called connexity problem if a coil forms
an interlacing with the group of volume regions.
 
If you have a connexity problem, you must create a cut of
magnetic circuit which cuts the group
of volume regions.
The group of volume regions:
   - DRV_ST_IRON
is multiply connected (have hole(s)).
 
There can be a problem called connexity problem if a coil forms
an interlacing with the group of volume regions.
 
If you have a connexity problem, you must create a cut of
magnetic circuit which cuts the group
of volume regions.

One or more of the required features checked out will expire in 18 day(s)

   DeleteAllResults executed
 
    3 holes have been identified.
    3 magnetic cuts have been created.
   buildMagneticCircuitCut executed
 
    3 holes have been identified.
    3 magnetic cuts have been created.
   buildMagneticCircuitCut executed
13:16:48    1865 sec. Internal meshing of the lines
 
Automatic meshing of 73  faces
Boundary meshing of the faces achieved in 1 iteration(s)
Internal meshing of the 73 faces
Faces internal meshing achieved
Boundary meshing of the faces achieved in 1 iteration(s)
Internal meshing of the 73 faces
Faces internal meshing achieved
Boundary meshing of the faces achieved in 1 iteration(s)
Internal meshing of the 73 faces
Faces internal meshing achieved
End of topological mesh regularization
13:16:56    1873 sec.   32881 1st order surfacic elements created
 
Automatic mesh of 15 volumes
13:16:57    1873 sec. Internal meshing of volumes
         81660 nodes
        491226 meshes
13:17:03    1879 sec. Mesh compressing
         81660 nodes
        491226 meshes
13:17:05    1881 sec.  491226 1st order volumic elements created
 
Volume elements :
   Number of elements not evaluated     : 0  %
   Number of excellent quality elements : 70.68  %
   Number of good quality elements      : 26.87  %
   Number of average quality elements   : 1.99  %
   Number of poor quality elements      : 0.47  %
   meshDomain executed
 
13:17:17    1893 sec. Generating 2nd order elements is running
Percentage of 2nd order nodes not projected on line 88 : 57%
Percentage of 2nd order nodes not projected on line 95 : 57%
Percentage of 2nd order nodes not projected on line 104 : 9%
Percentage of 2nd order nodes not projected on line 115 : 9%
Percentage of 2nd order nodes not projected on face 48 : < 1%
Percentage of 2nd order nodes not projected on face 49 : < 1%
Percentage of 2nd order nodes not projected on face 51 : < 1%
Percentage of 2nd order nodes not projected on face 68 : 100%
Percentage of 2nd order nodes not projected on face 76 : 100%
Percentage of 2nd order nodes not projected on face 82 : 14%
  Total number of nodes --> 654727
13:17:28    1905 sec. End generating 2nd order elements
   generateSecondOrderElements executed
   Scenario[REFERENCEVALUES_1] created
   Scenario[REFERENCEVALUES_1] modified
One or more of the required features checked out will expire in 18 day(s)
Begin of physical check ...
The final derivative of points defining the spline curve of material NO12 must be equal to Mu0. The final relative permeability is equal to: 1.10924599072956
Please, verify the properties of the material: NO12
 
An electric circuit exists.
The active physical application does not take account of it.
 
End of physical check.
One or more of the required features checked out will expire in 18 day(s)
13:17:47    1924 sec. Start save ...
13:17:48    1925 sec. ... end save
One or more of the required features checked out will expire in 18 day(s)
Active formulation(s) :
MS3SCA : Magnetostatic total scalar potential formulation
MS3RED : Magnetostatic reduced scalar potential formulation
Matrix system : non linear, real, symmetrical
 
13:17:50    1927 sec. Start solving problem ...
 
Step number 1
Value of parameter ALPHA_H : 1.8
Value of parameter BETA_B : 0.2
Value of parameter BETA_D : 0.5
Value of parameter BNG_I_F_PEAK : 0
Value of parameter BNG_JF_RMS : 0
Value of parameter BNG_M_R_THEO : 0.15
Value of parameter BNG_N_R_THEO : 0
Value of parameter BNG_THETA_F0 : 0
Value of parameter BNG_THETA_F_DIR : 0
Value of parameter COIL_KCU : 0.4
Value of parameter DALPHA : 0
Value of parameter DBETA : 0
Value of parameter DRV_COIL_ANG_TOT : 120
Value of parameter DRV_COIL_TOTAL_ANGLE : 118
Value of parameter DRV_I_T_PEAK : 0
Value of parameter DRV_JT_RMS : 0
Value of parameter DRV_THETA_T : 90
Value of parameter DRV_WDG_ANG_CYL_P : 10
Value of parameter DRV_WDG_ANG_STR_P : 50
Value of parameter DR_0 : 0
Value of parameter DTHETA : 0
Value of parameter DTHETA_0 : 0
Value of parameter DX : 0
Value of parameter DY : 0
Value of parameter DZ : 0
Value of parameter D_AGAP_B : 1.5
Value of parameter D_AGAP_D : 2.5
Value of parameter D_DRV_ST : 1
Value of parameter D_PM_B_ROT : 1
Value of parameter D_ST_BNG : 1
Value of parameter H_PERCENT_PM_TO_FE_BNG_ROT : 0.8
Value of parameter H_PERCENT_PM_TO_FE_BNG_ST : 0.6
Value of parameter RHO_CU : 0.168E-07
Value of parameter RHO_V_CU : 8960
Value of parameter R_OUT_PM_ROT_BNG : 10
Value of parameter R_SEP : 3.5
Value of parameter X_H_DIFF : 0
 
13:17:51    1928 sec. Start creating Dirichlet constraints at points...
13:17:51    1928 sec. ... end creating Dirichlet constraints at points.
 
13:17:51    1928 sec. Start save ...
13:17:52    1929 sec. ... end save
  V1 unknowns are initialized to zero
  V1R unknowns are initialized to zero
 
13:17:53    1929 sec. Start computing reduced total increments ...
13:17:53    1929 sec. Start solving ...
Active formulation(s) :
MS3COU : 3D formulation for coupling potentials on a cut.
MS3CRT : 3D formulation for coupling total and reduced scalar potentials
Matrix system : linear, real, symmetrical
  DV1 unknowns are initialized to zero
13:17:53    1929 sec. Numbering of    63780 nodal values done.
13:17:53    1929 sec. Number of non zero matrix elements estimated to be     5132160
13:17:53    1929 sec. Renumbering due to boundary conditions done.
 
Building of topologic matrix ...
Memory used during the building:          514 Mo.
 
TOPOLOGY OF LINEAR SYSTEM :
 
 Number of equations                 =                                  63097
 Length of the shortest line         =                                      8
 Length of the longest line          =                                   1285
 Average line length                 =                                     11
 Number of the longest line          =                                  56062
 
 Redundance for vectorization                                             NON
 Number of nonzero coefficients      =                                 749035
 
NUMERIC MEMORY INFORMATION :
 
   Total reserved memory:                                     4294 Mo.
   Total memory allocated before solving process:              514 Mo.
   Memory allocated during solving process:                    523 Mo.
 
13:17:55    1931 sec. Integration on the region RS_CUT finished ( 293  elements )
13:17:55    1932 sec. Integration on the region COUPLING_RED_TOT finished ( 31300  elements )
13:17:55    1932 sec. Linear part has been integrated and assembled.
       Prec. rel. = 0.0E0/0.0E0
13:17:55    1932 sec. ... end of solving
13:17:55    1932 sec. ... end of computing reduced total increments.
 
13:17:55    1932 sec. Numbering of   718011 nodal values done.
13:17:55    1932 sec. Number of non zero matrix elements estimated to be    57580080
13:17:56    1932 sec. Renumbering due to boundary conditions done.
 
Building of topologic matrix ...
Memory used during the building:          678 Mo.
 
TOPOLOGY OF LINEAR SYSTEM :
 
 Number of equations                 =                                 653997
 Length of the shortest line         =                                      7
 Length of the longest line          =                                    155
 Average line length                 =                                     28
 Number of the longest line          =                                 644603
 
 Redundance for vectorization                                             NON
 Number of nonzero coefficients      =                               18808125
 
NUMERIC MEMORY INFORMATION :
 
   Total reserved memory:                                     4294 Mo.
   Total memory allocated before solving process:              678 Mo.
   Memory allocated during solving process:                    865 Mo.
 
13:18:03    1939 sec. Integration on the region BNG_ST_PM_BOTTOM finished ( 852  elements )
13:18:03    1939 sec. Integration on the region BNG_ST_PM_TOP finished ( 852  elements )
13:18:03    1939 sec. Integration on the region BNG_ROT_PM_BOTTOM finished ( 2510  elements )
13:18:03    1939 sec. Integration on the region BNG_ROT_PM_TOP finished ( 2532  elements )
13:18:04    1940 sec. Integration on the region DRV_ROT_PM finished ( 112592  elements )
13:18:05    1941 sec. Integration on the region AIR finished ( 310618  elements )
13:18:05    1941 sec. Linear part has been integrated and assembled.
13:18:05    1942 sec. Integration on the region BNG_ST_IRON finished ( 858  elements )
13:18:05    1942 sec. Integration on the region BNG_ROT_IRON finished ( 864  elements )
13:18:06    1942 sec. Integration on the region DRV_ST_IRON finished ( 59548  elements )
13:18:06    1942 sec. Non linear part has been integrated and assembled.
13:18:06    1942 sec. Scaling linear system
13:18:06    1942 sec. Solving linear system with ICCG or IGBCG.
13:18:06    1942 sec. Incomplete Choleski fact. with diag. shift: 1.0000
 Lin syst: iter=   332/ 653998 Prec= 8.97E-07/ 1.00E-06 Stabi= 3.96E+00
13:18:31    1967 sec. Linear system has been solved.
13:18:31    1968 sec. Integration on the region BNG_ST_IRON finished ( 858  elements )
13:18:31    1968 sec. Integration on the region BNG_ROT_IRON finished ( 864  elements )
13:18:32    1968 sec. Integration on the region DRV_ST_IRON finished ( 59548  elements )
  Relaxation:  No iter=   1/   4  Resid= 8.27E-01/ 1.25E+01  Relax= 1.00E+00
13:18:32    1969 sec. Integration on the region BNG_ST_IRON finished ( 858  elements )
13:18:32    1969 sec. Integration on the region BNG_ROT_IRON finished ( 864  elements )
13:18:32    1969 sec. Integration on the region DRV_ST_IRON finished ( 59548  elements )
  Relaxation:  No iter=   2/   8  Resid= 6.26E+00/ 8.27E-01  Relax= 5.00E-01
13:18:33    1970 sec. Integration on the region BNG_ST_IRON finished ( 858  elements )
13:18:33    1970 sec. Integration on the region BNG_ROT_IRON finished ( 864  elements )
13:18:34    1970 sec. Integration on the region DRV_ST_IRON finished ( 59548  elements )
   Newton-Raphson:  No iter=   1/ 100 Relax= 1.00E+00
       Prec. rel. = 2.00E+00/ 1.00E-04
13:18:36    1973 sec. Integration on the region BNG_ST_IRON finished ( 858  elements )
13:18:36    1973 sec. Integration on the region BNG_ROT_IRON finished ( 864  elements )
13:18:37    1973 sec. Integration on the region DRV_ST_IRON finished ( 59548  elements )
13:18:37    1973 sec. Non linear part has been integrated and assembled.
13:18:37    1973 sec. Scaling linear system
13:18:37    1973 sec. Solving linear system with ICCG or IGBCG.
13:18:37    1974 sec. Incomplete Choleski fact. with diag. shift: 1.0000
 Lin syst: iter=   358/ 653998 Prec= 8.69E-07/ 1.00E-06 Stabi= 4.15E+00
13:19:04    2001 sec. Linear system has been solved.
13:19:05    2001 sec. Integration on the region BNG_ST_IRON finished ( 858  elements )
13:19:05    2001 sec. Integration on the region BNG_ROT_IRON finished ( 864  elements )
13:19:05    2001 sec. Integration on the region DRV_ST_IRON finished ( 59548  elements )
  Relaxation:  No iter=   1/   4  Resid= 1.34E-01/ 8.27E-01  Relax= 1.00E+00
13:19:05    2002 sec. Integration on the region BNG_ST_IRON finished ( 858  elements )
13:19:05    2002 sec. Integration on the region BNG_ROT_IRON finished ( 864  elements )
13:19:06    2002 sec. Integration on the region DRV_ST_IRON finished ( 59548  elements )
  Relaxation:  No iter=   2/   8  Resid= 4.43E-01/ 1.34E-01  Relax= 5.00E-01
13:19:07    2003 sec. Integration on the region BNG_ST_IRON finished ( 858  elements )
13:19:07    2003 sec. Integration on the region BNG_ROT_IRON finished ( 864  elements )
13:19:07    2004 sec. Integration on the region DRV_ST_IRON finished ( 59548  elements )
   Newton-Raphson:  No iter=   2/ 100 Relax= 1.00E+00
       Prec. rel. = 6.47E-04/ 1.00E-04
13:19:09    2006 sec. Integration on the region BNG_ST_IRON finished ( 858  elements )
13:19:09    2006 sec. Integration on the region BNG_ROT_IRON finished ( 864  elements )
13:19:10    2006 sec. Integration on the region DRV_ST_IRON finished ( 59548  elements )
13:19:10    2006 sec. Non linear part has been integrated and assembled.
13:19:10    2006 sec. Scaling linear system
13:19:10    2006 sec. Solving linear system with ICCG or IGBCG.
13:19:10    2007 sec. Incomplete Choleski fact. with diag. shift: 1.0000
 Lin syst: iter=   363/ 653998 Prec= 8.73E-07/ 1.00E-06 Stabi= 4.10E+00
13:19:37    2033 sec. Linear system has been solved.
13:19:37    2034 sec. Integration on the region BNG_ST_IRON finished ( 858  elements )
13:19:37    2034 sec. Integration on the region BNG_ROT_IRON finished ( 864  elements )
13:19:38    2034 sec. Integration on the region DRV_ST_IRON finished ( 59548  elements )
  Relaxation:  No iter=   1/   8  Resid= 1.79E-02/ 1.34E-01  Relax= 1.00E+00
13:19:38    2035 sec. Integration on the region BNG_ST_IRON finished ( 858  elements )
13:19:38    2035 sec. Integration on the region BNG_ROT_IRON finished ( 864  elements )
13:19:39    2035 sec. Integration on the region DRV_ST_IRON finished ( 59548  elements )
  Relaxation:  No iter=   2/   8  Resid= 6.79E-02/ 1.79E-02  Relax= 5.00E-01
13:19:39    2036 sec. Integration on the region BNG_ST_IRON finished ( 858  elements )
13:19:39    2036 sec. Integration on the region BNG_ROT_IRON finished ( 864  elements )
13:19:40    2036 sec. Integration on the region DRV_ST_IRON finished ( 59548  elements )
   Newton-Raphson:  No iter=   3/ 100 Relax= 1.00E+00
       Prec. rel. = 1.83E-04/ 1.00E-04
13:19:42    2039 sec. Integration on the region BNG_ST_IRON finished ( 858  elements )
13:19:42    2039 sec. Integration on the region BNG_ROT_IRON finished ( 864  elements )
13:19:43    2039 sec. Integration on the region DRV_ST_IRON finished ( 59548  elements )
13:19:43    2039 sec. Non linear part has been integrated and assembled.
13:19:43    2039 sec. Scaling linear system
13:19:43    2039 sec. Solving linear system with ICCG or IGBCG.
13:19:43    2039 sec. Incomplete Choleski fact. with diag. shift: 1.0000
 Lin syst: iter=   259/ 653998 Prec= 9.78E-07/ 1.00E-06 Stabi= 4.17E+00
13:20:03    2060 sec. Linear system has been solved.
13:20:04    2060 sec. Integration on the region BNG_ST_IRON finished ( 858  elements )
13:20:04    2060 sec. Integration on the region BNG_ROT_IRON finished ( 864  elements )
13:20:04    2061 sec. Integration on the region DRV_ST_IRON finished ( 59548  elements )
  Relaxation:  No iter=   1/   8  Resid= 5.66E-04/ 1.79E-02  Relax= 1.00E+00
13:20:05    2061 sec. Integration on the region BNG_ST_IRON finished ( 858  elements )
13:20:05    2061 sec. Integration on the region BNG_ROT_IRON finished ( 864  elements )
13:20:05    2062 sec. Integration on the region DRV_ST_IRON finished ( 59548  elements )
  Relaxation:  No iter=   2/   8  Resid= 8.97E-03/ 5.66E-04  Relax= 5.00E-01
13:20:06    2063 sec. Integration on the region BNG_ST_IRON finished ( 858  elements )
13:20:06    2063 sec. Integration on the region BNG_ROT_IRON finished ( 864  elements )
13:20:07    2063 sec. Integration on the region DRV_ST_IRON finished ( 59548  elements )
   Newton-Raphson:  No iter=   4/ 100 Relax= 1.00E+00
       Prec. rel. = 1.10E-05/ 1.00E-04
13:20:09    2065 sec. Computation of F_DRV_BNG_ST
13:20:10    2066 sec. Value of F_DRV_BNG_ST : 0.044241286103925 0.005469730498467 0.042018497321901
13:20:10    2066 sec. Computation of F_DRV_BNG_ROT
13:20:11    2067 sec. Value of F_DRV_BNG_ROT : 0.009780817135282 -0.00935285999242 0.00963325665385
13:20:11    2067 sec. Computation of TX_DRV_BNG_ST
13:20:11    2068 sec. Value of TX_DRV_BNG_ST : 0.15836805202E-03
13:20:11    2068 sec. Computation of TY_DRV_BNG_ST
13:20:12    2069 sec. Value of TY_DRV_BNG_ST : 0.758639130785E-04
13:20:12    2069 sec. Computation of TZ_DRV_BNG_ST
13:20:13    2070 sec. Value of TZ_DRV_BNG_ST : -.800414469994E-04
13:20:13    2070 sec. Computation of TX_DRV_BNG_ROT
13:20:14    2071 sec. Value of TX_DRV_BNG_ROT : -.304098437037E-04
13:20:14    2071 sec. Computation of TY_DRV_BNG_ROT
13:20:15    2072 sec. Value of TY_DRV_BNG_ROT : 0.647854717881E-04
13:20:15    2072 sec. Computation of TZ_DRV_BNG_ROT
13:20:16    2073 sec. Value of TZ_DRV_BNG_ROT : -.557901774567E-04
13:20:16    2073 sec. Value of BNG_R_B_ST_OUT : 12.5
13:20:16    2073 sec. Value of DRV_COIL_HALFHEIGHT_SADDLES_PH : 6.25
13:20:16    2073 sec. Value of DRV_COIL_R_TH : 2
13:20:16    2073 sec. Value of DRV_R_ST_IN_PH : 4.5
13:20:16    2073 sec. Value of DRV_A_COIL : 6.10865238198015
13:20:16    2073 sec. Value of DRV_A_CU : 2.44346095279206
13:20:16    2073 sec. Value of DRV_DELTA_1 : 65
13:20:16    2073 sec. Value of DRV_DELTA_2 : 7
13:20:16    2073 sec. Value of DRV_DELTA : 113.75
13:20:16    2073 sec. Value of DRV_LCA : 739.712328691678
13:20:16    2073 sec. Value of DRV_R_COIL : 0.005085887338539
13:20:16    2073 sec. Value of DRV_IT_HAT : 0
13:20:16    2073 sec. Value of P_CU_TOT : 0
13:20:16    2073 sec. Value of I_T_1 : 0
13:20:16    2073 sec. Value of I_T_2 : 0
13:20:16    2073 sec. Value of I_T_3 : 0
13:20:16    2073 sec. Value of BNG_TH_COIL_CIRC : 0.5
13:20:16    2073 sec. Value of BNG_R_ST_IN_PH : 11.5
13:20:16    2073 sec. Value of BNG_A_COIL : 5.89048622548086
13:20:16    2073 sec. Value of BNG_A_CU : 2.35619449019234
13:20:16    2073 sec. Value of BNG_ALPHA_CASE_PH : 0
13:20:16    2073 sec. Value of BNG_H_L_PH : 2.77777777777778
13:20:16    2073 sec. Value of BNG_L_BAR_PH : 9.12635188235045
13:20:16    2073 sec. Value of BNG_R_COIL : 0.198059484737E-04
13:20:16    2073 sec. Value of BNG_THETA_F : 0
13:20:16    2073 sec. Value of BNG_IF_HAT : 0
13:20:16    2073 sec. Value of I_F_1 : 0
13:20:16    2073 sec. Value of I_F_2 : 0
13:20:16    2073 sec. Value of I_F_3 : 0
13:20:16    2073 sec. Value of I_F_4 : 0
13:20:16    2073 sec. Value of I_F_5 : 0
13:20:16    2073 sec. Value of I_F_6 : 0
13:20:16    2073 sec. Value of R_OUT_ST_BNG_AUX : 12.5
13:20:16    2073 sec. Value of A_BNG_ST : 75.398223686155
13:20:16    2073 sec. Value of D_MOT_AUX : 25
13:20:16    2073 sec. Value of ALPHA_CASE_AUX : 0
13:20:16    2073 sec. Value of H_ST_BNG_AUX : 2.77777777777778
13:20:16    2073 sec. Value of H_PM_BNG_ST_AUX : 0.833333333333333
13:20:16    2073 sec. Value of H_FE_BNG_ST_AUX : 1.11111111111111
13:20:16    2073 sec. Value of V_PM_BNG_ST : 62.8318530717959
13:20:16    2073 sec. Value of V_FE_BNG_ST : 83.7758040957278
13:20:16    2073 sec. Value of A_BNG_ROT : 59.6902604182061
13:20:16    2073 sec. Value of H_ROT_B_AUX : 5
13:20:16    2073 sec. Value of H_PM_ROT_B_AUX : 2
13:20:16    2073 sec. Value of V_PM_BNG_ROT : 119.380520836412
13:20:16    2073 sec. Value of V_FE_BNG_ROT : 59.6902604182061
13:20:16    2073 sec. Value of R_OUT_ST_DRV_AUX : 5.5
13:20:16    2073 sec. Value of A_DRV_ST : 31.4159265358979
13:20:16    2073 sec. Value of V_FE_DRV_ST : 392.699081698724
13:20:16    2073 sec. Value of R_ROT_DRV_AUX : 2
13:20:16    2073 sec. Value of V_PM_DRV_ROT : 157.07963267949
13:20:16    2073 sec. Value of OUT_V_FE : 536.165146212658
13:20:16    2073 sec. Value of OUT_V_PM : 521.504380495906
13:20:16    2073 sec. Value of OUT_V_CU : 13878.4883362388
 
13:20:17    2073 sec. ... end solving problem.
 
13:20:17    2073 sec. Start save ...
13:20:17    2074 sec. ... end save
One or more of the required features checked out will expire in 18 day(s)
Value of parameter ALPHA_H : 1.8
Value of parameter BETA_B : 0.2
Value of parameter BETA_D : 0.5
Value of parameter BNG_I_F_PEAK : 0
Value of parameter BNG_JF_RMS : 0
Value of parameter BNG_M_R_THEO : 0.15
Value of parameter BNG_N_R_THEO : 0
Value of parameter BNG_THETA_F0 : 0
Value of parameter BNG_THETA_F_DIR : 0
Value of parameter COIL_KCU : 0.4
Value of parameter DALPHA : 0
Value of parameter DBETA : 0
Value of parameter DRV_COIL_ANG_TOT : 120
Value of parameter DRV_COIL_TOTAL_ANGLE : 118
Value of parameter DRV_I_T_PEAK : 0
Value of parameter DRV_JT_RMS : 0
Value of parameter DRV_THETA_T : 90
Value of parameter DRV_WDG_ANG_CYL_P : 10
Value of parameter DRV_WDG_ANG_STR_P : 50
Value of parameter DR_0 : 0
Value of parameter DTHETA : 0
Value of parameter DTHETA_0 : 0
Value of parameter DX : 0
Value of parameter DY : 0
Value of parameter DZ : 0
Value of parameter D_AGAP_B : 1.5
Value of parameter D_AGAP_D : 2.5
Value of parameter D_DRV_ST : 1
Value of parameter D_PM_B_ROT : 1
Value of parameter D_ST_BNG : 1
Value of parameter H_PERCENT_PM_TO_FE_BNG_ROT : 0.8
Value of parameter H_PERCENT_PM_TO_FE_BNG_ST : 0.6
Value of parameter RHO_CU : 0.168E-07
Value of parameter RHO_V_CU : 8960
Value of parameter R_OUT_PM_ROT_BNG : 10
Value of parameter R_SEP : 3.5
Value of parameter X_H_DIFF : 0
   solve executed
Anomaly (6) - Warning:
One or more of the required features checked out will expire in 18 day(s)
One or more of the required features checked out will expire in 18 day(s)
One or more of the required features checked out will expire in 18 day(s)

One or more of the required features checked out will expire in 18 day(s)

