#
# A fatal error has been detected by the Java Runtime Environment:
#
#  EXCEPTION_ACCESS_VIOLATION (0xc0000005) at pc=0x00000000700de835, pid=5248, tid=0x0000000000006adc
#
# JRE version: Java(TM) SE Runtime Environment (8.0_101-b13) (build 1.8.0_101-b13)
# Java VM: Java HotSpot(TM) 64-Bit Server VM (25.101-b13 mixed mode windows-amd64 compressed oops)
# Problematic frame:
# V  [jvm.dll+0x13e835]
#
# Failed to write core dump. Minidumps are not enabled by default on client versions of Windows
#
# If you would like to submit a bug report, please visit:
#   http://bugreport.java.com/bugreport/crash.jsp
# The crash happened outside the Java Virtual Machine in native code.
# See problematic frame for where to report the bug.
#

---------------  T H R E A D  ---------------

Current thread (0x000000002c4c6000):  JavaThread "AWT-EventQueue-0" [_thread_in_native, id=27356, stack(0x0000000035420000,0x0000000036370000)]

siginfo: ExceptionCode=0xc0000005, reading address 0x0000000000000000

Registers:
RAX=0x0000000000000000, RBX=0x000000002c4c8800, RCX=0x0000000000000880, RDX=0x0000000000000000
RSP=0x000000003636c4b0, RBP=0x000000003636c560, RSI=0x000000002c4c89f8, RDI=0x0000000000000000
R8 =0x000000007073ed50, R9 =0x0000000000000000, R10=0x0000000000000001, R11=0x0000000000000000
R12=0x0000000000000000, R13=0x000000003636d310, R14=0x0000000000000000, R15=0x000000002c4c6000
RIP=0x00000000700de835, EFLAGS=0x0000000000010202

Top of Stack: (sp=0x000000003636c4b0)
0x000000003636c4b0:   00000000000e7525 00000000000dc715
0x000000003636c4c0:   000000003636c510 000000002c4c6000
0x000000003636c4d0:   000000002c4c8800 0000000000000000
0x000000003636c4e0:   0000000000000000 000000003636d370
0x000000003636c4f0:   00000000805d8598 000007fe33597db5
0x000000003636c500:   000000003941a2c8 000000003636c560
0x000000003636c510:   000000000000000b 00000000046c1340
0x000000003636c520:   000000003636d370 000000003636d310
0x000000003636c530:   0000000000000000 000007fe33f650a8
0x000000003636c540:   000000003636d370 0000000000000000
0x000000003636c550:   0000000000000001 0000000000000001
0x000000003636c560:   0000000000000000 0000000000000000
0x000000003636c570:   000000003636d370 0000000000000000
0x000000003636c580:   000000003636c5e0 000007fe3387a603
0x000000003636c590:   000000003636d2f0 000000000532846c
0x000000003636c5a0:   0000000005325710 0000000000000000 

Instructions: (pc=0x00000000700de835)
0x00000000700de815:   89 5c 24 20 48 c7 44 24 28 00 00 00 00 74 0a 48
0x00000000700de825:   8d 4c 24 20 e8 d2 cb 13 00 80 3d 3c cb 6c 00 00
0x00000000700de835:   48 8b 17 74 15 8b 52 08 8b 0d 5d ff 65 00 48 d3
0x00000000700de845:   e2 48 03 15 4b ff 65 00 eb 04 48 8b 52 08 48 8b 


Register to memory mapping:

RAX=0x0000000000000000 is an unknown value
RBX=0x000000002c4c8800 is a thread
RCX=0x0000000000000880 is an unknown value
RDX=0x0000000000000000 is an unknown value
RSP=0x000000003636c4b0 is pointing into the stack for thread: 0x000000002c4c6000
RBP=0x000000003636c560 is pointing into the stack for thread: 0x000000002c4c6000
RSI=0x000000002c4c89f8 is an unknown value
RDI=0x0000000000000000 is an unknown value
R8 =0x000000007073ed50 is an unknown value
R9 =0x0000000000000000 is an unknown value
R10=0x0000000000000001 is an unknown value
R11=0x0000000000000000 is an unknown value
R12=0x0000000000000000 is an unknown value
R13=0x000000003636d310 is pointing into the stack for thread: 0x000000002c4c6000
R14=0x0000000000000000 is an unknown value
R15=0x000000002c4c6000 is a thread


Stack: [0x0000000035420000,0x0000000036370000],  sp=0x000000003636c4b0,  free space=15665k
Native frames: (J=compiled Java code, j=interpreted, Vv=VM code, C=native code)
V  [jvm.dll+0x13e835]
C  [flux_project.dll+0x27db5]
C  [flux_project.dll+0x9f50a8]
C  [flux_project.dll+0x30a603]
C  [flux_project.dll+0x2745b]
C  0x00000000032f7f54

Java frames: (J=compiled Java code, j=interpreted, Vv=VM code)
j  cad.flux.kernel.dbmanager.FGCProjectDbWrapper.unloadProjectData()V+0
j  cad.core.kernel.dbmanager.CProjectDbAdapter.unloadProjectData()V+31
j  cad.core.kernel.dbmanager.DbManager.unloadProjectData()V+12
j  cad.core.kernel.actions.implementation.algo.project.ExitAction.doAction()Ljava/lang/Object;+10
j  cad.core.common.dynamic.actions.UIActionManager.postAction(Lcad/core/common/dynamic/actions/UIAction;)Ljava/lang/Object;+144
j  cad.core.kernel.KernelCommon.postAction(Lcad/core/common/dynamic/actions/UIAction;)Ljava/lang/Object;+4
j  cad.core.kernel.Supervisor.exitRequest()V+7
j  cad.core.kernel.Supervisor.exitForceAction()V+1
j  cad.core.kernel.encoder.ActionServerRequestsInputPlug.exitForceAction()V+3
j  stdcom.protocole.actionserverrequests.ActionServerRequestsRouter.exitForceAction()V+25
j  stdcom.protocole.actionserverrequests.ActionServerRequestsOutputPlug.exitForceAction()V+11
j  cad.core.frontal.decoder.FrontalDecoder.exitForceAction()V+4
j  cad.core.frontal.actions.implementation.algo.project.ExitForceAction.act()Z+68
j  cad.core.frontal.actions.implementation.ModalImplementer.internalRun()Z+33
j  cad.core.frontal.frontalthread.WorkerThreadsManager.requestExecuteImplementer(Lcad/core/frontal/frontalthread/MultithreadedActionModel;)Z+320
j  cad.core.frontal.actions.implementation.AbstractImplementer.run()Z+23
j  cad.core.frontal.desktop.StandardDesktopC.windowClosing(Ljava/awt/event/WindowEvent;)V+9
j  swing.listener.WeakWindowListener.windowClosing(Ljava/awt/event/WindowEvent;)V+12
j  java.awt.AWTEventMulticaster.windowClosing(Ljava/awt/event/WindowEvent;)V+8
J 14109 C1 java.awt.Window.processWindowEvent(Ljava/awt/event/WindowEvent;)V (127 bytes) @ 0x000000000489c15c [0x000000000489bb40+0x61c]
J 14733 C1 javax.swing.JFrame.processWindowEvent(Ljava/awt/event/WindowEvent;)V (71 bytes) @ 0x00000000058644d4 [0x0000000005864440+0x94]
J 13883 C1 java.awt.Window.processEvent(Ljava/awt/AWTEvent;)V (101 bytes) @ 0x0000000004729c8c [0x0000000004729580+0x70c]
J 16284 C2 java.awt.Component.dispatchEventImpl(Ljava/awt/AWTEvent;)V (883 bytes) @ 0x000000000617f0ac [0x000000000617e840+0x86c]
J 15210 C2 java.awt.Container.dispatchEventImpl(Ljava/awt/AWTEvent;)V (129 bytes) @ 0x0000000005e237fc [0x0000000005e23040+0x7bc]
J 11576 C2 java.awt.Window.dispatchEventImpl(Ljava/awt/AWTEvent;)V (23 bytes) @ 0x00000000048d1f8c [0x00000000048d1f40+0x4c]
J 5497 C2 java.awt.EventQueue$3.run()Ljava/lang/Object; (5 bytes) @ 0x00000000042d5aec [0x00000000042d57c0+0x32c]
v  ~StubRoutines::call_stub
J 4216  java.security.AccessController.doPrivileged(Ljava/security/PrivilegedAction;Ljava/security/AccessControlContext;)Ljava/lang/Object; (0 bytes) @ 0x0000000003de9ea6 [0x0000000003de9e40+0x66]
J 11072 C2 java.awt.EventQueue$4.run()Ljava/lang/Object; (5 bytes) @ 0x00000000053b4fa8 [0x00000000053b4e20+0x188]
v  ~StubRoutines::call_stub
J 4216  java.security.AccessController.doPrivileged(Ljava/security/PrivilegedAction;Ljava/security/AccessControlContext;)Ljava/lang/Object; (0 bytes) @ 0x0000000003de9ea6 [0x0000000003de9e40+0x66]
J 7332 C2 java.awt.EventDispatchThread.pumpOneEventForFilters(I)V (295 bytes) @ 0x000000000491c76c [0x000000000491ba40+0xd2c]
J 5359% C2 java.awt.EventDispatchThread.pumpEventsForFilter(ILjava/awt/Conditional;Ljava/awt/EventFilter;)V (47 bytes) @ 0x00000000041d7400 [0x00000000041d7300+0x100]
j  java.awt.EventDispatchThread.pumpEventsForHierarchy(ILjava/awt/Conditional;Ljava/awt/Component;)V+11
j  java.awt.EventDispatchThread.pumpEvents(ILjava/awt/Conditional;)V+4
j  java.awt.EventDispatchThread.pumpEvents(Ljava/awt/Conditional;)V+3
j  java.awt.EventDispatchThread.run()V+9
v  ~StubRoutines::call_stub

---------------  P R O C E S S  ---------------

Java Threads: ( => current thread )
  0x000000002e66c000 JavaThread "Image Animator 0" daemon [_thread_blocked, id=1144, stack(0x00000002c47d0000,0x00000002c5720000)]
  0x0000000033ad8000 JavaThread "SwingWorker-pool-2-thread-10" daemon [_thread_blocked, id=8388, stack(0x00000002ca3b0000,0x00000002cb300000)]
  0x0000000033ad7800 JavaThread "SwingWorker-pool-2-thread-9" daemon [_thread_blocked, id=12652, stack(0x00000002c9460000,0x00000002ca3b0000)]
  0x0000000033ad6800 JavaThread "SwingWorker-pool-2-thread-8" daemon [_thread_blocked, id=24828, stack(0x00000002c8510000,0x00000002c9460000)]
  0x000000002e66d800 JavaThread "SwingWorker-pool-2-thread-7" daemon [_thread_blocked, id=24156, stack(0x00000002c6670000,0x00000002c75c0000)]
  0x000000002e66b800 JavaThread "SwingWorker-pool-2-thread-6" daemon [_thread_blocked, id=19344, stack(0x00000002c3880000,0x00000002c47d0000)]
  0x000000002e66a800 JavaThread "SwingWorker-pool-2-thread-5" daemon [_thread_blocked, id=2896, stack(0x00000002c2930000,0x00000002c3880000)]
  0x000000002e668800 JavaThread "SwingWorker-pool-2-thread-4" daemon [_thread_blocked, id=28344, stack(0x000000007dd80000,0x000000007ecd0000)]
  0x000000002c4ce800 JavaThread "SwingWorker-pool-2-thread-3" daemon [_thread_blocked, id=13216, stack(0x0000000075900000,0x0000000076850000)]
  0x000000002c4d1800 JavaThread "SwingWorker-pool-2-thread-2" daemon [_thread_blocked, id=26188, stack(0x00000000749b0000,0x0000000075900000)]
  0x000000002c4cd800 JavaThread "SwingWorker-pool-2-thread-1" daemon [_thread_blocked, id=27320, stack(0x0000000073a60000,0x00000000749b0000)]
  0x000000002e667000 JavaThread "Swing-Shell" daemon [_thread_blocked, id=7120, stack(0x0000000050220000,0x0000000051170000)]
  0x000000002c4cb800 JavaThread "ComponentsUpdaterThread" [_thread_blocked, id=24236, stack(0x000000004c450000,0x000000004d3a0000)]
  0x000000002c4ca800 JavaThread "Thread-3" [_thread_blocked, id=2780, stack(0x0000000049940000,0x000000004a890000)]
  0x000000002c4c9000 JavaThread "Thread-2" daemon [_thread_in_native, id=27876, stack(0x00000000489f0000,0x0000000049940000)]
  0x000000002c4ca000 JavaThread "TimerQueue" daemon [_thread_blocked, id=11104, stack(0x0000000047aa0000,0x00000000489f0000)]
  0x000000002c4c8800 JavaThread "WorkerThread[1](WORKER_BUSY_STATE, Delete)" [_thread_in_native, id=9588, stack(0x0000000038410000,0x0000000039360000)]
  0x000000002c4c7800 JavaThread "WorkerThreadsManager" [_thread_blocked, id=7016, stack(0x00000000374c0000,0x0000000038410000)]
=>0x000000002c4c6000 JavaThread "AWT-EventQueue-0" [_thread_in_native, id=27356, stack(0x0000000035420000,0x0000000036370000)]
  0x000000002c4c4800 JavaThread "AWT-Windows" daemon [_thread_in_native, id=27436, stack(0x0000000031620000,0x0000000032570000)]
  0x000000002c4c4000 JavaThread "AWT-Shutdown" [_thread_blocked, id=24380, stack(0x00000000306d0000,0x0000000031620000)]
  0x000000002c4c3000 JavaThread "Java2D Disposer" daemon [_thread_blocked, id=27164, stack(0x000000002f780000,0x00000000306d0000)]
  0x000000002c4c2800 JavaThread "Memory watcher thread" [_thread_blocked, id=24176, stack(0x000000002e830000,0x000000002f780000)]
  0x0000000020834000 JavaThread "Service Thread" daemon [_thread_blocked, id=18556, stack(0x000000002a060000,0x000000002afb0000)]
  0x00000000207e7800 JavaThread "C1 CompilerThread3" daemon [_thread_blocked, id=27232, stack(0x0000000029110000,0x000000002a060000)]
  0x00000000207b7000 JavaThread "C2 CompilerThread2" daemon [_thread_in_native, id=17572, stack(0x00000000281c0000,0x0000000029110000)]
  0x00000000207af800 JavaThread "C2 CompilerThread1" daemon [_thread_blocked, id=464, stack(0x0000000027270000,0x00000000281c0000)]
  0x00000000207a8000 JavaThread "C2 CompilerThread0" daemon [_thread_blocked, id=4252, stack(0x0000000026320000,0x0000000027270000)]
  0x00000000207a4800 JavaThread "Attach Listener" daemon [_thread_blocked, id=26588, stack(0x00000000253d0000,0x0000000026320000)]
  0x00000000207a3800 JavaThread "Signal Dispatcher" daemon [_thread_blocked, id=9476, stack(0x0000000024480000,0x00000000253d0000)]
  0x000000001f5d8800 JavaThread "Finalizer" daemon [_thread_blocked, id=28572, stack(0x0000000023530000,0x0000000024480000)]
  0x000000001f5d1800 JavaThread "Reference Handler" daemon [_thread_blocked, id=14092, stack(0x00000000225e0000,0x0000000023530000)]
  0x0000000002e71000 JavaThread "main" [_thread_blocked, id=27720, stack(0x0000000000030000,0x0000000000f80000)]

Other Threads:
  0x000000001f5c7000 VMThread [stack: 0x0000000021690000,0x00000000225e0000] [id=20660]
  0x00000000208e1800 WatcherThread [stack: 0x000000002afb0000,0x000000002bf00000] [id=9628]

VM state:not at safepoint (normal execution)

VM Mutex/Monitor currently owned by a thread: None

Heap:
 PSYoungGen      total 672768K, used 86375K [0x00000000d5580000, 0x0000000100000000, 0x0000000100000000)
  eden space 647168K, 11% used [0x00000000d5580000,0x00000000d9ede5f8,0x00000000fcd80000)
  from space 25600K, 43% used [0x00000000fcd80000,0x00000000fd87b940,0x00000000fe680000)
  to   space 25088K, 0% used [0x00000000fe780000,0x00000000fe780000,0x0000000100000000)
 ParOldGen       total 1398272K, used 116317K [0x0000000080000000, 0x00000000d5580000, 0x00000000d5580000)
  object space 1398272K, 8% used [0x0000000080000000,0x0000000087197650,0x00000000d5580000)
 Metaspace       used 69240K, capacity 70344K, committed 72616K, reserved 1110016K
  class space    used 10751K, capacity 11029K, committed 11440K, reserved 1048576K

Card table byte_map: [0x00000000126a0000,0x0000000012ab0000] byte_map_base: 0x00000000122a0000

Marking Bits: (ParMarkBitMap*) 0x00000000707ba6d0
 Begin Bits: [0x000000001a7e0000, 0x000000001c7e0000)
 End Bits:   [0x000000001c7e0000, 0x000000001e7e0000)

Polling page: 0x0000000001050000

CodeCache: size=245760Kb used=48416Kb max_used=48432Kb free=197343Kb
 bounds [0x00000000032e0000, 0x00000000062a0000, 0x00000000122e0000]
 total_blobs=13181 nmethods=12149 adapters=938
 compilation: enabled

Compilation events (10 events):
Event: 4189.672 Thread 0x00000000207e7800 16526       3       sun.awt.event.IgnorePaintEvent::<init> (8 bytes)
Event: 4189.672 Thread 0x00000000207e7800 nmethod 16526 0x00000000048e43d0 code [0x00000000048e4540, 0x00000000048e47c8]
Event: 4189.677 Thread 0x00000000207e7800 16528       3       sun.awt.Win32GraphicsDevice::getDynamicColorModel (25 bytes)
Event: 4189.677 Thread 0x00000000207e7800 nmethod 16528 0x0000000003593b10 code [0x0000000003593c80, 0x0000000003593e88]
Event: 4189.692 Thread 0x00000000207e7800 16529       1       javax.swing.JRootPane::getContentPane (5 bytes)
Event: 4189.693 Thread 0x00000000207e7800 nmethod 16529 0x0000000004bb8990 code [0x0000000004bb8ae0, 0x0000000004bb8bf0]
Event: 4195.416 Thread 0x00000000207e7800 16530       3       cad.core.common.dynamic.states.StateProject::changeState (1161 bytes)
Event: 4195.418 Thread 0x00000000207e7800 nmethod 16530 0x000000000628d910 code [0x000000000628e380, 0x0000000006295b48]
Event: 4195.420 Thread 0x00000000207a8000 16531       4       cad.core.common.dynamic.states.StateProject::notifyStateStack (58 bytes)
Event: 4195.431 Thread 0x00000000207a8000 nmethod 16531 0x000000000442a5d0 code [0x000000000442a760, 0x000000000442baf8]

GC Heap History (10 events):
Event: 3448.823 GC heap before
{Heap before GC invocations=68 (full 33):
 PSYoungGen      total 672768K, used 96K [0x00000000d5580000, 0x0000000100000000, 0x0000000100000000)
  eden space 646656K, 0% used [0x00000000d5580000,0x00000000d5580000,0x00000000fcd00000)
  from space 26112K, 0% used [0x00000000fcd00000,0x00000000fcd18000,0x00000000fe680000)
  to   space 25088K, 0% used [0x00000000fe780000,0x00000000fe780000,0x0000000100000000)
 ParOldGen       total 1398272K, used 116309K [0x0000000080000000, 0x00000000d5580000, 0x00000000d5580000)
  object space 1398272K, 8% used [0x0000000080000000,0x0000000087195678,0x00000000d5580000)
 Metaspace       used 68676K, capacity 69664K, committed 72104K, reserved 1110016K
  class space    used 10703K, capacity 10933K, committed 11440K, reserved 1048576K
Event: 3448.903 GC heap after
Heap after GC invocations=68 (full 33):
 PSYoungGen      total 672768K, used 0K [0x00000000d5580000, 0x0000000100000000, 0x0000000100000000)
  eden space 646656K, 0% used [0x00000000d5580000,0x00000000d5580000,0x00000000fcd00000)
  from space 26112K, 0% used [0x00000000fcd00000,0x00000000fcd00000,0x00000000fe680000)
  to   space 25088K, 0% used [0x00000000fe780000,0x00000000fe780000,0x0000000100000000)
 ParOldGen       total 1398272K, used 116309K [0x0000000080000000, 0x00000000d5580000, 0x00000000d5580000)
  object space 1398272K, 8% used [0x0000000080000000,0x0000000087195650,0x00000000d5580000)
 Metaspace       used 68676K, capacity 69664K, committed 72104K, reserved 1110016K
  class space    used 10703K, capacity 10933K, committed 11440K, reserved 1048576K
}
Event: 4169.987 GC heap before
{Heap before GC invocations=69 (full 33):
 PSYoungGen      total 672768K, used 646656K [0x00000000d5580000, 0x0000000100000000, 0x0000000100000000)
  eden space 646656K, 100% used [0x00000000d5580000,0x00000000fcd00000,0x00000000fcd00000)
  from space 26112K, 0% used [0x00000000fcd00000,0x00000000fcd00000,0x00000000fe680000)
  to   space 25088K, 0% used [0x00000000fe780000,0x00000000fe780000,0x0000000100000000)
 ParOldGen       total 1398272K, used 116309K [0x0000000080000000, 0x00000000d5580000, 0x00000000d5580000)
  object space 1398272K, 8% used [0x0000000080000000,0x0000000087195650,0x00000000d5580000)
 Metaspace       used 69207K, capacity 70274K, committed 72360K, reserved 1110016K
  class space    used 10749K, capacity 11028K, committed 11440K, reserved 1048576K
Event: 4170.001 GC heap after
Heap after GC invocations=69 (full 33):
 PSYoungGen      total 671744K, used 14010K [0x00000000d5580000, 0x0000000100000000, 0x0000000100000000)
  eden space 646656K, 0% used [0x00000000d5580000,0x00000000d5580000,0x00000000fcd00000)
  from space 25088K, 55% used [0x00000000fe780000,0x00000000ff52e888,0x0000000100000000)
  to   space 26112K, 0% used [0x00000000fcd00000,0x00000000fcd00000,0x00000000fe680000)
 ParOldGen       total 1398272K, used 116317K [0x0000000080000000, 0x00000000d5580000, 0x00000000d5580000)
  object space 1398272K, 8% used [0x0000000080000000,0x0000000087197650,0x00000000d5580000)
 Metaspace       used 69207K, capacity 70274K, committed 72360K, reserved 1110016K
  class space    used 10749K, capacity 11028K, committed 11440K, reserved 1048576K
}
Event: 4178.176 GC heap before
{Heap before GC invocations=70 (full 33):
 PSYoungGen      total 671744K, used 660666K [0x00000000d5580000, 0x0000000100000000, 0x0000000100000000)
  eden space 646656K, 100% used [0x00000000d5580000,0x00000000fcd00000,0x00000000fcd00000)
  from space 25088K, 55% used [0x00000000fe780000,0x00000000ff52e888,0x0000000100000000)
  to   space 26112K, 0% used [0x00000000fcd00000,0x00000000fcd00000,0x00000000fe680000)
 ParOldGen       total 1398272K, used 116317K [0x0000000080000000, 0x00000000d5580000, 0x00000000d5580000)
  object space 1398272K, 8% used [0x0000000080000000,0x0000000087197650,0x00000000d5580000)
 Metaspace       used 69223K, capacity 70338K, committed 72616K, reserved 1110016K
  class space    used 10749K, capacity 11028K, committed 11440K, reserved 1048576K
Event: 4178.182 GC heap after
Heap after GC invocations=70 (full 33):
 PSYoungGen      total 672768K, used 10806K [0x00000000d5580000, 0x0000000100000000, 0x0000000100000000)
  eden space 646656K, 0% used [0x00000000d5580000,0x00000000d5580000,0x00000000fcd00000)
  from space 26112K, 41% used [0x00000000fcd00000,0x00000000fd78d9b0,0x00000000fe680000)
  to   space 26112K, 0% used [0x00000000fe680000,0x00000000fe680000,0x0000000100000000)
 ParOldGen       total 1398272K, used 116317K [0x0000000080000000, 0x00000000d5580000, 0x00000000d5580000)
  object space 1398272K, 8% used [0x0000000080000000,0x0000000087197650,0x00000000d5580000)
 Metaspace       used 69223K, capacity 70338K, committed 72616K, reserved 1110016K
  class space    used 10749K, capacity 11028K, committed 11440K, reserved 1048576K
}
Event: 4186.346 GC heap before
{Heap before GC invocations=71 (full 33):
 PSYoungGen      total 672768K, used 657462K [0x00000000d5580000, 0x0000000100000000, 0x0000000100000000)
  eden space 646656K, 100% used [0x00000000d5580000,0x00000000fcd00000,0x00000000fcd00000)
  from space 26112K, 41% used [0x00000000fcd00000,0x00000000fd78d9b0,0x00000000fe680000)
  to   space 26112K, 0% used [0x00000000fe680000,0x00000000fe680000,0x0000000100000000)
 ParOldGen       total 1398272K, used 116317K [0x0000000080000000, 0x00000000d5580000, 0x00000000d5580000)
  object space 1398272K, 8% used [0x0000000080000000,0x0000000087197650,0x00000000d5580000)
 Metaspace       used 69230K, capacity 70344K, committed 72616K, reserved 1110016K
  class space    used 10750K, capacity 11029K, committed 11440K, reserved 1048576K
Event: 4186.352 GC heap after
Heap after GC invocations=71 (full 33):
 PSYoungGen      total 673280K, used 11044K [0x00000000d5580000, 0x0000000100000000, 0x0000000100000000)
  eden space 647168K, 0% used [0x00000000d5580000,0x00000000d5580000,0x00000000fcd80000)
  from space 26112K, 42% used [0x00000000fe680000,0x00000000ff149208,0x0000000100000000)
  to   space 25600K, 0% used [0x00000000fcd80000,0x00000000fcd80000,0x00000000fe680000)
 ParOldGen       total 1398272K, used 116317K [0x0000000080000000, 0x00000000d5580000, 0x00000000d5580000)
  object space 1398272K, 8% used [0x0000000080000000,0x0000000087197650,0x00000000d5580000)
 Metaspace       used 69230K, capacity 70344K, committed 72616K, reserved 1110016K
  class space    used 10750K, capacity 11029K, committed 11440K, reserved 1048576K
}
Event: 4194.550 GC heap before
{Heap before GC invocations=72 (full 33):
 PSYoungGen      total 673280K, used 658212K [0x00000000d5580000, 0x0000000100000000, 0x0000000100000000)
  eden space 647168K, 100% used [0x00000000d5580000,0x00000000fcd80000,0x00000000fcd80000)
  from space 26112K, 42% used [0x00000000fe680000,0x00000000ff149208,0x0000000100000000)
  to   space 25600K, 0% used [0x00000000fcd80000,0x00000000fcd80000,0x00000000fe680000)
 ParOldGen       total 1398272K, used 116317K [0x0000000080000000, 0x00000000d5580000, 0x00000000d5580000)
  object space 1398272K, 8% used [0x0000000080000000,0x0000000087197650,0x00000000d5580000)
 Metaspace       used 69238K, capacity 70344K, committed 72616K, reserved 1110016K
  class space    used 10751K, capacity 11029K, committed 11440K, reserved 1048576K
Event: 4194.557 GC heap after
Heap after GC invocations=72 (full 33):
 PSYoungGen      total 672768K, used 11246K [0x00000000d5580000, 0x0000000100000000, 0x0000000100000000)
  eden space 647168K, 0% used [0x00000000d5580000,0x00000000d5580000,0x00000000fcd80000)
  from space 25600K, 43% used [0x00000000fcd80000,0x00000000fd87b940,0x00000000fe680000)
  to   space 25088K, 0% used [0x00000000fe780000,0x00000000fe780000,0x0000000100000000)
 ParOldGen       total 1398272K, used 116317K [0x0000000080000000, 0x00000000d5580000, 0x00000000d5580000)
  object space 1398272K, 8% used [0x0000000080000000,0x0000000087197650,0x00000000d5580000)
 Metaspace       used 69238K, capacity 70344K, committed 72616K, reserved 1110016K
  class space    used 10751K, capacity 11029K, committed 11440K, reserved 1048576K
}

Deoptimization events (10 events):
Event: 4167.058 Thread 0x000000002c4c6000 Uncommon trap: reason=unstable_if action=reinterpret pc=0x000000000489a85c method=sun.swing.SwingUtilities2.stringWidth(Ljavax/swing/JComponent;Ljava/awt/FontMetrics;Ljava/lang/String;)I @ 10
Event: 4167.058 Thread 0x000000002c4c6000 Uncommon trap: reason=unstable_if action=reinterpret pc=0x00000000060c056c method=javax.swing.SwingUtilities.layoutCompoundLabelImpl(Ljavax/swing/JComponent;Ljava/awt/FontMetrics;Ljava/lang/String;Ljavax/swing/Icon;IIIILjava/awt/Rectangle;Ljava/awt/Rectangù\ÚDìG°@
Event: 4167.923 Thread 0x000000002c4c8800 Uncommon trap: reason=unstable_if action=reinterpret pc=0x0000000004b20d5c method=cad.core.common.dynamic.states.StateProject.manageWarning(Ljava/lang/String;)V @ 91
Event: 4167.923 Thread 0x000000002c4c8800 Uncommon trap: reason=unstable_if action=reinterpret pc=0x0000000005514338 method=cad.core.common.dynamic.states.StateProject.manageUndo(Ljava/lang/String;Lcad/core/sdai/metamodel/CUndo_mode;Ljava/lang/String;)V @ 45
Event: 4167.923 Thread 0x000000002c4c8800 Uncommon trap: reason=unstable_if action=reinterpret pc=0x0000000004c9e9a8 method=cad.core.common.dynamic.states.NotifyAgent.buildNotification(Ljava/lang/String;ZZ)Lcad/core/common/dynamic/states/Notification; @ 188
Event: 4167.926 Thread 0x000000002c4c8800 Uncommon trap: reason=bimorphic action=maybe_recompile pc=0x0000000005329998 method=cad.core.common.dynamic.states.StateProject.changeState(Ljava/lang/String;)Lcad/core/common/dynamic/states/stateslist/State; @ 63
Event: 4190.314 Thread 0x000000002c4c6000 Uncommon trap: reason=class_check action=maybe_recompile pc=0x0000000004e2874c method=java.awt.Component.addNotify()V @ 397
Event: 4190.315 Thread 0x000000002c4c6000 Uncommon trap: reason=bimorphic action=maybe_recompile pc=0x0000000005fb66b8 method=java.awt.BorderLayout.preferredLayoutSize(Ljava/awt/Container;)Ljava/awt/Dimension; @ 101
Event: 4190.315 Thread 0x000000002c4c6000 Uncommon trap: reason=bimorphic action=maybe_recompile pc=0x0000000005fb66b8 method=java.awt.BorderLayout.preferredLayoutSize(Ljava/awt/Container;)Ljava/awt/Dimension; @ 101
Event: 4195.415 Thread 0x000000002c4c6000 Uncommon trap: reason=unstable_if action=reinterpret pc=0x000000000532846c method=cad.core.common.dynamic.states.StateProject.changeState(Ljava/lang/String;)Lcad/core/common/dynamic/states/stateslist/State; @ 903

Internal exceptions (10 events):
Event: 2991.127 Thread 0x000000002c4cf000 Exception <a 'java/lang/InterruptedException': sleep interrupted> (0x00000000eac0a860) thrown at [C:\re\workspace\8-2-build-windows-amd64-cygwin\jdk8u101\7261\hotspot\src\share\vm\prims\jvm.cpp, line 3167]
Event: 2993.246 Thread 0x0000000033ad9000 Exception <a 'java/lang/InterruptedException': sleep interrupted> (0x00000000ea9d1b18) thrown at [C:\re\workspace\8-2-build-windows-amd64-cygwin\jdk8u101\7261\hotspot\src\share\vm\prims\jvm.cpp, line 3167]
Event: 2995.501 Thread 0x000000002c4cf000 Exception <a 'java/lang/InterruptedException': sleep interrupted> (0x00000000eacb7490) thrown at [C:\re\workspace\8-2-build-windows-amd64-cygwin\jdk8u101\7261\hotspot\src\share\vm\prims\jvm.cpp, line 3167]
Event: 2995.964 Thread 0x0000000033ad9000 Exception <a 'java/lang/InterruptedException': sleep interrupted> (0x00000000eaa36ce0) thrown at [C:\re\workspace\8-2-build-windows-amd64-cygwin\jdk8u101\7261\hotspot\src\share\vm\prims\jvm.cpp, line 3167]
Event: 3408.843 Thread 0x000000002c4c8800 Exception <a 'stdcom/error/UserFortranException'> (0x00000000e45dda10) thrown at [C:\re\workspace\8-2-build-windows-amd64-cygwin\jdk8u101\7261\hotspot\src\share\vm\prims\jni.cpp, line 709]
Event: 3448.391 Thread 0x000000002c4c8800 Exception <a 'stdcom/error/UserFortranException'> (0x00000000f1f238d8) thrown at [C:\re\workspace\8-2-build-windows-amd64-cygwin\jdk8u101\7261\hotspot\src\share\vm\prims\jni.cpp, line 709]
Event: 3492.261 Thread 0x000000002c4c8800 Exception <a 'stdcom/error/SoftwareFortranException'> (0x00000000d6509c98) thrown at [C:\re\workspace\8-2-build-windows-amd64-cygwin\jdk8u101\7261\hotspot\src\share\vm\prims\jni.cpp, line 709]
Event: 3967.257 Thread 0x000000002c4c8800 Exception <a 'stdcom/error/SoftwareFortranException'> (0x00000000dd346640) thrown at [C:\re\workspace\8-2-build-windows-amd64-cygwin\jdk8u101\7261\hotspot\src\share\vm\prims\jni.cpp, line 709]
Event: 4041.736 Thread 0x000000002c4c6000 Implicit null exception at 0x0000000004e66f3f to 0x0000000004e6755d
Event: 4132.476 Thread 0x000000002c4c8800 Exception <a 'stdcom/error/WarningFortranException'> (0x00000000ee155988) thrown at [C:\re\workspace\8-2-build-windows-amd64-cygwin\jdk8u101\7261\hotspot\src\share\vm\prims\jni.cpp, line 709]

Events (10 events):
Event: 4190.315 Thread 0x000000002c4c6000 DEOPT PACKING pc=0x0000000005fb66b8 sp=0x000000003636cd60
Event: 4190.315 Thread 0x000000002c4c6000 DEOPT UNPACKING pc=0x000000000332582a sp=0x000000003636cd18 mode 2
Event: 4194.549 Executing VM operation: ParallelGCFailedAllocation
Event: 4194.557 Executing VM operation: ParallelGCFailedAllocation done
Event: 4195.415 Thread 0x000000002c4c6000 Uncommon trap: trap_request=0xffffff65 fr.pc=0x000000000532846c
Event: 4195.415 Thread 0x000000002c4c6000 DEOPT PACKING pc=0x000000000532846c sp=0x000000003636d2f0
Event: 4195.415 Thread 0x000000002c4c6000 DEOPT UNPACKING pc=0x000000000332582a sp=0x000000003636d2e8 mode 2
Event: 4195.418 Thread 0x00000000207e7800 flushing nmethod 0x0000000004912a10
Event: 4195.419 Thread 0x00000000207e7800 flushing nmethod 0x00000000049378d0
Event: 4195.419 Thread 0x00000000207e7800 flushing nmethod 0x0000000004940ad0


Dynamic libraries:
0x0000000140000000 - 0x000000014007e000 	C:\Program Files\Altair\2018\flux\Flux\Bin\prg\win64\flux.exe
0x0000000077b50000 - 0x0000000077cef000 	C:\windows\SYSTEM32\ntdll.dll
0x0000000077930000 - 0x0000000077a4f000 	C:\windows\system32\kernel32.dll
0x000007fefd9e0000 - 0x000007fefda4a000 	C:\windows\system32\KERNELBASE.dll
0x000007fef51b0000 - 0x000007fef51b3000 	C:\windows\system32\api-ms-win-core-synch-l1-2-0.DLL
0x000000006ffa0000 - 0x000000007083a000 	C:\Program Files\Altair\2018\flux\Flux\Third_party\jre1.8.0_101\win64\bin\server\jvm.dll
0x0000000077a50000 - 0x0000000077b4a000 	C:\windows\system32\USER32.dll
0x000007fefe3f0000 - 0x000007fefe457000 	C:\windows\system32\GDI32.dll
0x000007fefded0000 - 0x000007fefdede000 	C:\windows\system32\LPK.dll
0x000007feffb70000 - 0x000007feffc3b000 	C:\windows\system32\USP10.dll
0x000007fefdbb0000 - 0x000007fefdc4f000 	C:\windows\system32\msvcrt.dll
0x000007fefe460000 - 0x000007fefe53b000 	C:\windows\system32\ADVAPI32.dll
0x000007fefdb90000 - 0x000007fefdbaf000 	C:\windows\SYSTEM32\sechost.dll
0x000007fefe590000 - 0x000007fefe6bd000 	C:\windows\system32\RPCRT4.dll
0x000007fef7b50000 - 0x000007fef7b59000 	C:\windows\system32\WSOCK32.dll
0x000007fefe540000 - 0x000007fefe58d000 	C:\windows\system32\WS2_32.dll
0x000007fefe340000 - 0x000007fefe348000 	C:\windows\system32\NSI.dll
0x000007fefb790000 - 0x000007fefb7cb000 	C:\windows\system32\WINMM.dll
0x000007fefc750000 - 0x000007fefc75c000 	C:\windows\system32\VERSION.dll
0x0000000077cf0000 - 0x0000000077cf7000 	C:\windows\system32\PSAPI.DLL
0x0000000069730000 - 0x0000000069802000 	C:\Program Files\Altair\2018\flux\Flux\Bin\prg\win64\MSVCR100.dll
0x000007feffb40000 - 0x000007feffb6e000 	C:\windows\system32\IMM32.DLL
0x000007fefda60000 - 0x000007fefdb69000 	C:\windows\system32\MSCTF.dll
0x0000000069720000 - 0x000000006972f000 	C:\Program Files\Altair\2018\flux\Flux\Third_party\jre1.8.0_101\win64\bin\verify.dll
0x00000000696f0000 - 0x0000000069719000 	C:\Program Files\Altair\2018\flux\Flux\Third_party\jre1.8.0_101\win64\bin\java.dll
0x00000000696d0000 - 0x00000000696e6000 	C:\Program Files\Altair\2018\flux\Flux\Third_party\jre1.8.0_101\win64\bin\zip.dll
0x000007fefe6c0000 - 0x000007feff44a000 	C:\windows\system32\SHELL32.dll
0x000007fefdcf0000 - 0x000007fefdd61000 	C:\windows\system32\SHLWAPI.dll
0x000007feffc40000 - 0x000007feffe3f000 	C:\windows\system32\ole32.dll
0x000007fefd6b0000 - 0x000007fefd6bf000 	C:\windows\system32\profapi.dll
0x00000000696a0000 - 0x00000000696ba000 	C:\Program Files\Altair\2018\flux\Flux\Third_party\jre1.8.0_101\win64\bin\net.dll
0x000007fefce20000 - 0x000007fefce75000 	C:\windows\system32\mswsock.dll
0x000007fefce10000 - 0x000007fefce17000 	C:\windows\System32\wship6.dll
0x0000000063890000 - 0x0000000063a28000 	C:\Program Files\Altair\2018\flux\Flux\Third_party\jre1.8.0_101\win64\bin\awt.dll
0x000007fefddf0000 - 0x000007fefdeca000 	C:\windows\system32\OLEAUT32.dll
0x0000000069680000 - 0x0000000069691000 	C:\Program Files\Altair\2018\flux\Flux\Third_party\jre1.8.0_101\win64\bin\nio.dll
0x000007fefa170000 - 0x000007fefa210000 	C:\windows\WinSxS\amd64_microsoft.windows.common-controls_6595b64144ccf1df_5.82.7601.18837_none_a4d981ff711297b6\COMCTL32.dll
0x000007fefc1d0000 - 0x000007fefc226000 	C:\windows\system32\uxtheme.dll
0x000007fefb730000 - 0x000007fefb748000 	C:\windows\system32\dwmapi.dll
0x000007fefd4e0000 - 0x000007fefd4ef000 	C:\windows\system32\CRYPTBASE.dll
0x0000000069630000 - 0x0000000069677000 	C:\Program Files\Altair\2018\flux\Flux\Third_party\jre1.8.0_101\win64\bin\fontmanager.dll
0x00000000695e0000 - 0x0000000069622000 	C:\Program Files\Altair\2018\flux\Flux\Third_party\jre1.8.0_101\win64\bin\t2k.dll
0x000007fe33570000 - 0x000007fe51eec000 	C:\Program Files\Altair\2018\flux\Flux\Bin\dll\win64\flux_project.dll
0x000007fee0680000 - 0x000007fee07f5000 	C:\Program Files\Altair\2018\flux\Flux\Third_party\IntelCompiler-2017.2\win64\libiomp5md.dll
0x00000000016b0000 - 0x00000000016cf000 	C:\Program Files\Altair\2018\flux\Flux\Bin\dll\win64\flux_mp.dll
0x0000000039560000 - 0x00000000395d5000 	C:\Program Files\Altair\2018\flux\Flux\Bin\dll\win64\rsiflux.dll
0x000007fef90a0000 - 0x000007fef90b7000 	C:\windows\system32\VCRUNTIME140.dll
0x000007fef7130000 - 0x000007fef7134000 	C:\windows\system32\api-ms-win-crt-runtime-l1-1-0.dll
0x000007feef850000 - 0x000007feef945000 	C:\windows\system32\ucrtbase.DLL
0x000007fef90d0000 - 0x000007fef90d3000 	C:\windows\system32\api-ms-win-core-timezone-l1-1-0.dll
0x000007fef7110000 - 0x000007fef7113000 	C:\windows\system32\api-ms-win-core-file-l2-1-0.dll
0x000007fef7100000 - 0x000007fef7103000 	C:\windows\system32\api-ms-win-core-localization-l1-2-0.dll
0x000007fef6e20000 - 0x000007fef6e23000 	C:\windows\system32\api-ms-win-core-processthreads-l1-1-1.dll
0x000007fef6e30000 - 0x000007fef6e33000 	C:\windows\system32\api-ms-win-core-file-l1-2-0.dll
0x000007fef6e00000 - 0x000007fef6e04000 	C:\windows\system32\api-ms-win-crt-string-l1-1-0.dll
0x000007fef6e10000 - 0x000007fef6e13000 	C:\windows\system32\api-ms-win-crt-heap-l1-1-0.dll
0x000007fef6d10000 - 0x000007fef6d14000 	C:\windows\system32\api-ms-win-crt-stdio-l1-1-0.dll
0x000007fef6d20000 - 0x000007fef6d24000 	C:\windows\system32\api-ms-win-crt-convert-l1-1-0.dll
0x000007fef6900000 - 0x000007fef6903000 	C:\windows\system32\api-ms-win-crt-environment-l1-1-0.dll
0x000007fef93c0000 - 0x000007fef93d0000 	C:\Program Files\Altair\2018\flux\Flux\Bin\dll\win64\fluxmumps.dll
0x000007fec8eb0000 - 0x000007feca5e7000 	C:\Program Files\Altair\2018\flux\Flux\Third_party\IntelMKL-2017.2\win64\mkl_intel_thread.dll
0x000007feaee20000 - 0x000007feb0667000 	C:\Program Files\Altair\2018\flux\Flux\Third_party\IntelMKL-2017.2\win64\mkl_core.dll
0x000007fedf6d0000 - 0x000007fedfa35000 	C:\Program Files\Altair\2018\flux\Flux\Bin\dll\win64\zmumps_seq_2015.dll
0x000007fee7c60000 - 0x000007fee7cd4000 	C:\Program Files\Altair\2018\flux\Flux\Bin\dll\win64\metis_2015.dll
0x000007fedf370000 - 0x000007fedf6c7000 	C:\Program Files\Altair\2018\flux\Flux\Third_party\IntelCompiler-2017.2\win64\libmmd.dll
0x000007fef6120000 - 0x000007fef6123000 	C:\windows\system32\api-ms-win-crt-utility-l1-1-0.dll
0x000007fef69a0000 - 0x000007fef69a3000 	C:\windows\system32\api-ms-win-crt-time-l1-1-0.dll
0x000007fecb210000 - 0x000007fecbd2a000 	C:\Program Files\Altair\2018\flux\Flux\Third_party\IntelCompiler-2017.2\win64\svml_dispmd.dll
0x000007fede7f0000 - 0x000007fede9b7000 	C:\Program Files\Altair\2018\flux\Flux\Third_party\IntelCompiler-2017.2\win64\libifcoremd.dll
0x000007fefdb70000 - 0x000007fefdb89000 	C:\windows\system32\imagehlp.dll
0x000007fef6990000 - 0x000007fef6993000 	C:\windows\system32\api-ms-win-crt-filesystem-l1-1-0.dll
0x000007feef6a0000 - 0x000007feef6fe000 	C:\Program Files\Altair\2018\flux\Flux\Third_party\IntelCompiler-2017.2\win64\libifportMD.dll
0x000007fed2420000 - 0x000007fed2783000 	C:\Program Files\Altair\2018\flux\Flux\Bin\dll\win64\dmumps_seq_2015.dll
0x000007fef4dd0000 - 0x000007fef4def000 	C:\Program Files\Altair\2018\flux\Flux\Bin\dll\win64\fluxpardiso.dll
0x000007feef640000 - 0x000007feef69b000 	C:\Program Files\Altair\2018\flux\Flux\Bin\dll\win64\fluxsuperlu.dll
0x000007fef6ad0000 - 0x000007fef6ad3000 	C:\windows\system32\api-ms-win-crt-locale-l1-1-0.dll
0x000007fef93f0000 - 0x000007fef93f3000 	C:\windows\system32\api-ms-win-crt-conio-l1-1-0.dll
0x000007fef93b0000 - 0x000007fef93ba000 	C:\Program Files\Altair\2018\flux\Flux\Bin\dll\win64\user_flux.dll
0x000007fef9120000 - 0x000007fef912f000 	C:\Program Files\Altair\2018\flux\Flux\Bin\dll\win64\flux_coupling.dll
0x00000000395e0000 - 0x000000003994e000 	C:\Program Files\Altair\2018\flux\Flux\Bin\dll\win64\fluxcoregeom.dll
0x000007fea92a0000 - 0x000007feaca91000 	C:\Program Files\Altair\2018\flux\Flux\Third_party\acis-R2017.1.0.2\win64\NT_VC14_64_DLL\code\bin\SpaACIS.dll
0x000007fef4f20000 - 0x000007fef4fbf000 	C:\windows\system32\MSVCP140.dll
0x000007fef6ac0000 - 0x000007fef6ac5000 	C:\windows\system32\api-ms-win-crt-math-l1-1-0.dll
0x000007fef69d0000 - 0x000007fef69d5000 	C:\windows\system32\api-ms-win-crt-multibyte-l1-1-0.dll
0x000007fefb470000 - 0x000007fefb486000 	C:\windows\system32\NETAPI32.dll
0x000007fefccf0000 - 0x000007fefccfc000 	C:\windows\system32\netutils.dll
0x000007fefd240000 - 0x000007fefd263000 	C:\windows\system32\srvcli.dll
0x000007fefb440000 - 0x000007fefb455000 	C:\windows\system32\wkscli.dll
0x000007fef9cd0000 - 0x000007fef9cf7000 	C:\windows\system32\IPHLPAPI.DLL
0x000007fef9cc0000 - 0x000007fef9ccb000 	C:\windows\system32\WINNSI.DLL
0x000007feef610000 - 0x000007feef63f000 	C:\Program Files\Altair\2018\flux\Flux\Third_party\acis-R2017.1.0.2\win64\NT_VC14_64_DLL\code\bin\SPAIInterop.dll
0x000007fef3290000 - 0x000007fef32a6000 	C:\Program Files\Altair\2018\flux\Flux\Third_party\acis-R2017.1.0.2\win64\NT_VC14_64_DLL\code\bin\SPAIInteropC.dll
0x000007fede670000 - 0x000007fede7e1000 	C:\Program Files\Altair\2018\flux\Flux\Third_party\acis-R2017.1.0.2\win64\NT_VC14_64_DLL\code\bin\SPAXBase.dll
0x000007fef4ef0000 - 0x000007fef4efd000 	C:\Program Files\Altair\2018\flux\Flux\Third_party\acis-R2017.1.0.2\win64\NT_VC14_64_DLL\code\bin\SPAXCommon.dll
0x000007fee7b80000 - 0x000007fee7c54000 	C:\Program Files\Altair\2018\flux\Flux\Bin\prg\win64\MSVCR110.dll
0x000007fef4ed0000 - 0x000007fef4edc000 	C:\Program Files\Altair\2018\flux\Flux\Third_party\acis-R2017.1.0.2\win64\NT_VC14_64_DLL\code\bin\SPAXicuC.dll
0x000007fed7650000 - 0x000007fed77a3000 	C:\Program Files\Altair\2018\flux\Flux\Third_party\acis-R2017.1.0.2\win64\NT_VC14_64_DLL\code\bin\SPAXicuuc54.dll
0x000000004ac20000 - 0x000000004c44c000 	C:\Program Files\Altair\2018\flux\Flux\Third_party\acis-R2017.1.0.2\win64\NT_VC14_64_DLL\code\bin\icudt54.dll
0x000007fee78d0000 - 0x000007fee7977000 	C:\Program Files\Altair\2018\flux\Flux\Bin\prg\win64\MSVCP110.dll
0x000007fea1a30000 - 0x000007fea44af000 	C:\Program Files\Altair\2018\flux\Flux\Third_party\acis-R2017.1.0.2\win64\NT_VC14_64_DLL\code\bin\SPAAcisDs.dll
0x000007fee3fa0000 - 0x000007fee4024000 	C:\Program Files\Altair\2018\flux\Flux\Third_party\acis-R2017.1.0.2\win64\NT_VC14_64_DLL\code\bin\SPAXInterop.dll
0x000007fee8080000 - 0x000007fee80cb000 	C:\Program Files\Altair\2018\flux\Flux\Third_party\acis-R2017.1.0.2\win64\NT_VC14_64_DLL\code\bin\SPAXBoundaryRep.dll
0x000007fedcdb0000 - 0x000007fedcee1000 	C:\Program Files\Altair\2018\flux\Flux\Third_party\acis-R2017.1.0.2\win64\NT_VC14_64_DLL\code\bin\SPAXGeometryRepresentation.dll
0x000007fef4d00000 - 0x000007fef4d14000 	C:\Program Files\Altair\2018\flux\Flux\Third_party\acis-R2017.1.0.2\win64\NT_VC14_64_DLL\code\bin\SPAIAcis.dll
0x000007fedc340000 - 0x000007fedc46e000 	C:\Program Files\Altair\2018\flux\Flux\Third_party\acis-R2017.1.0.2\win64\NT_VC14_64_DLL\code\bin\SPAIop.dll
0x000007fee8640000 - 0x000007fee868d000 	C:\Program Files\Altair\2018\flux\Flux\Third_party\acis-R2017.1.0.2\win64\NT_VC14_64_DLL\code\bin\SPAIopC.dll
0x000007fedb530000 - 0x000007fedb65b000 	C:\Program Files\Altair\2018\flux\Flux\Third_party\acis-R2017.1.0.2\win64\NT_VC14_64_DLL\code\bin\SPAXIop.dll
0x000007feebca0000 - 0x000007feebcbf000 	C:\Program Files\Altair\2018\flux\Flux\Third_party\acis-R2017.1.0.2\win64\NT_VC14_64_DLL\code\bin\SPAXAssemblyRep.dll
0x000007fee7880000 - 0x000007fee78c5000 	C:\Program Files\Altair\2018\flux\Flux\Third_party\acis-R2017.1.0.2\win64\NT_VC14_64_DLL\code\bin\SPAXVisualizationRep.dll
0x000007feebc80000 - 0x000007feebc92000 	C:\Program Files\Altair\2018\flux\Flux\Third_party\acis-R2017.1.0.2\win64\NT_VC14_64_DLL\code\bin\SPAXVisualizationAsm.dll
0x000007fee8340000 - 0x000007fee8353000 	C:\Program Files\Altair\2018\flux\Flux\Third_party\acis-R2017.1.0.2\win64\NT_VC14_64_DLL\code\bin\SPAXPMIRep.dll
0x000007fef3300000 - 0x000007fef330c000 	C:\Program Files\Altair\2018\flux\Flux\Third_party\acis-R2017.1.0.2\win64\NT_VC14_64_DLL\code\bin\SPAXManufacturingRep.dll
0x000007fef31b0000 - 0x000007fef31ba000 	C:\Program Files\Altair\2018\flux\Flux\Third_party\acis-R2017.1.0.2\win64\NT_VC14_64_DLL\code\bin\SPAIopAcisC.dll
0x000007fee7b50000 - 0x000007fee7b76000 	C:\Program Files\Altair\2018\flux\Flux\Third_party\acis-R2017.1.0.2\win64\NT_VC14_64_DLL\code\bin\SPAXIopAcis.dll
0x000007fee6610000 - 0x000007fee6660000 	C:\Program Files\Altair\2018\flux\Flux\Third_party\acis-R2017.1.0.2\win64\NT_VC14_64_DLL\code\bin\SPAXAcisBase.dll
0x000007fee65f0000 - 0x000007fee660c000 	C:\Program Files\Altair\2018\flux\Flux\Third_party\acis-R2017.1.0.2\win64\NT_VC14_64_DLL\code\bin\SPAXAcisKernel.dll
0x000007feefe70000 - 0x000007feefe7d000 	C:\Program Files\Altair\2018\flux\Flux\Third_party\acis-R2017.1.0.2\win64\NT_VC14_64_DLL\code\bin\SPAXAcisMeshDS.dll
0x000007fee65d0000 - 0x000007fee65e7000 	C:\Program Files\Altair\2018\flux\Flux\Third_party\acis-R2017.1.0.2\win64\NT_VC14_64_DLL\code\bin\SPAXAcisManufacturingImporter.dll
0x000007fee3f30000 - 0x000007fee3f66000 	C:\Program Files\Altair\2018\flux\Flux\Third_party\acis-R2017.1.0.2\win64\NT_VC14_64_DLL\code\bin\SPAXAcisPMIImporter.dll
0x000007fee3ef0000 - 0x000007fee3f2d000 	C:\Program Files\Altair\2018\flux\Flux\Third_party\acis-R2017.1.0.2\win64\NT_VC14_64_DLL\code\bin\SPAXAcisPMIEntitiesDS.dll
0x000007fed2000000 - 0x000007fed2211000 	C:\Program Files\Altair\2018\flux\Flux\Third_party\acis-R2017.1.0.2\win64\NT_VC14_64_DLL\code\bin\SPADefeature.dll
0x000007fedab90000 - 0x000007fedac7a000 	C:\Program Files\Altair\2018\flux\Flux\Bin\dll\win64\fluxmeshgems.dll
0x000007fede600000 - 0x000007fede66a000 	C:\Program Files\Altair\2018\flux\Flux\Third_party\MeshGems-2.4\windows\Products\lib\Win7_64_VC14\meshgems.dll
0x000007feefdf0000 - 0x000007feefdf8000 	C:\Program Files\Altair\2018\flux\Flux\Third_party\MeshGems-2.4\windows\Products\lib\Win7_64_VC14\meshgems_stubs.dll
0x000007feca650000 - 0x000007fecb207000 	C:\Program Files\Altair\2018\flux\Flux\Third_party\MeshGems-2.4\windows\Products\lib\Win7_64_VC14\mg-tetra.dll
0x000007fefb3e0000 - 0x000007fefb3f5000 	C:\windows\system32\NLAapi.dll
0x000007fef8740000 - 0x000007fef8755000 	C:\windows\system32\napinsp.dll
0x000007fef8720000 - 0x000007fef8739000 	C:\windows\system32\pnrpnsp.dll

VM Arguments:
jvm_args: -Dextension.dir=C:\Program Files\Altair\2018\flux\Flux\extensions -Dfile.encoding=cp1252 -Dflux_library=C:\Program Files\Altair\2018\flux\Flux\Bin\dll\win64\flux_project.dll -Dinstall.dir=C:\Program Files\Altair\2018\flux\Flux\Resources -Djava.library.path=.;C:\Program Files\Altair\2018\flux\Flux\Bin\prg\win64;C:\Program Files\Altair\2018\flux\Flux\Bin\dll\win64;C:\Program Files\Altair\2018\flux\Flux\Third_party\IntelCompiler-2017.2\win64;C:\Program Files\Altair\2018\flux\Flux\Third_party\IntelMKL-2017.2\win64;C:\Program Files\Altair\2018\flux\Flux\Third_party\IntelMPI-2017.2\win64;C:\Program Files\Altair\2018\flux\Flux\Third_party\MeshGems-2.4\windows\Products\lib\Win7_64_VC14;C:\Program Files\Altair\2018\flux\Flux\Third_party\jre1.8.0_101\win64\bin;C:\Program Files\Altair\2018\flux\Flux\Third_party/Java3D-1.5.1\bin;C:\Program Files\Altair\2018\flux\Flux\Third_party/jogl-1.1.1a\lib\win64 -Djava.util.logging.config.class=stdcom.util.loggin.LogginConfiguration -Dsun.jnu.encoding=cp1252 -DUseImageBuffer -DJogl_graphic=true -DJogl_mode=VBO_MODE -DJogl_show_picking=true -DJogl_ShowFps=false -DJogl_transparence=0.25 -DJogl_NoPlayList=true -DJogl_numRealArrows=33 -DJogl_numRealValues=57 -DJogl_arrowSlices=8 -Dmateri.path=;C:\Program Files\Altair\2018\flux\Materials -Xmx2048m -Xms2048m -DSync_socket=48545 -Dpython.path=C:\Program Files\Altair\2018\flux\Flux\Bin\jar;;C:\Program Files\Altair\2018\flux\Flux\Bin\prg\win64;C:\Program Files\Altair\2018\flux\Flux\Third_party\PythonLibraries;C:\Program Files\Altair\2018\flux\Flux\Third_party/jython-2.7.1\Lib;C:\Program Files\Altair\2018\flux\Flux\Resources\userobject;C:\Program Files\Altair\2018\flux\Flux\Resources\libraries -Dsun.java2d.noddraw=true -Duser.language=fr -Dcertifiedoverlay.dir=C:\Program Files\Altair\2018\flux\Flux\Overlays -Dusermacro.dir=C:\Program Files\Altair\2018\flux\Extensions\Macros -Duseroverlay.dir=C:\Program Files\Altair\2018\flux\Extensions\Overlays -DLookandFeel=PLASTIC_3D 
java_command: <unknown>
java_class_path (initial): .;C:\Program Files\Altair\2018\flux\Flux\Third_party\Java3D-1.5.1\lib\ext\vecmath.jar;C:\Program Files\Altair\2018\flux\Flux\Third_party\Java3D-1.5.1\lib\ext\j3dcore.jar;C:\Program Files\Altair\2018\flux\Flux\Third_party\Java3D-1.5.1\lib\ext\j3dutils.jar;C:\Program Files\Altair\2018\flux\Flux\Third_party\jogl-1.1.1a\jar\gluegen-rt.jar;C:\Program Files\Altair\2018\flux\Flux\Third_party\jogl-1.1.1a\jar\jogl.jar;C:\Program Files\Altair\2018\flux\Flux\Third_party\JMF-2.1.1e\lib\customizer.jar;C:\Program Files\Altair\2018\flux\Flux\Third_party\JMF-2.1.1e\lib\jmf.jar;C:\Program Files\Altair\2018\flux\Flux\Third_party\JMF-2.1.1e\lib\mediaplayer.jar;C:\Program Files\Altair\2018\flux\Flux\Third_party\JMF-2.1.1e\lib\multiplayer.jar;C:\Program Files\Altair\2018\flux\Flux\Third_party\cybergarage-x3d-1.4.2\cybergarage-x3d-core-1.4.2.jar;C:\Program Files\Altair\2018\flux\Flux\Third_party\groovy-2.4.8\lib\groovy-2.4.8.jar;C:\Program Files\Altair\2018\flux\Flux\Third_party\ImageJ-1.50\ij.jar;C:\Program Files\Altair\2018\flux\Flux\Third_party\jdom-1.1.3\build\jdom-1.1.3.jar;C:\Program Files\Altair\2018\flux\Flux\Third_party\poi-3.12\poi-3.12-20150511.jar;C:\Program Files\Altair\2018\flux\Flux\Third_party\jgoodies-looks-1.2.2\jgoodies-looks-1.2.2.jar;C:\Program Files\Altair\2018\flux\Flux\Third_party\jyaml-1.3\jyaml-1.3.jar;C:\Program Files\Altair\2018\flux\Flux\Third_party\ant-1.9.9\lib\ant.jar;C:\Program Files\Altair\2018\flux\Flux\Third_party\jython-2.7.1\javalib\antlr-3.1.3.jar;C:\Program Files\Altair\2018\flux\Flux\Third_party\jython-2.7.1\javalib\antlr-runtime-3.1.3.jar;C:\Program Files\Altair\2018\flux\Flux\Third_party\jython-2.7.1\javalib\asm-5.2.jar;C:\Program Files\Altair\2018\flux\Flux\Third_party\jython-2.7.1\javalib\asm-commons-5.2.jar;C:\Program Files\Altair\2018\flux\Flux\Third_party\jython-2.7.1\javalib\asm-util-5.2.jar;C:\Program Files\Altair\2018\flux\Flux\Third_party\jython-2.7.1\javalib\bcpkix-jdk15on-1.57.jar;C:\Program Files\Altair\2
Launcher Type: generic

Environment Variables:
USERNAME=jperalta
OS=win64
PROCESSOR_IDENTIFIER=Intel64 Family 6 Model 94 Stepping 3, GenuineIntel



---------------  S Y S T E M  ---------------

OS: Windows 7 , 64 bit Build 7601 (6.1.7601.24335)

CPU:total 8 (4 cores per cpu, 2 threads per core) family 6 model 94 stepping 3, cmov, cx8, fxsr, mmx, sse, sse2, sse3, ssse3, sse4.1, sse4.2, popcnt, avx, avx2, aes, clmul, erms, rtm, 3dnowpref, lzcnt, ht, tsc, tscinvbit, bmi1, bmi2, adx

Memory: 4k page, physical 33437484k(14023488k free), swap 66873064k(41202396k free)

vm_info: Java HotSpot(TM) 64-Bit Server VM (25.101-b13) for windows-amd64 JRE (1.8.0_101-b13), built on Jun 22 2016 01:21:29 by "java_re" with MS VC++ 10.0 (VS2010)

time: Mon Feb 25 10:00:13 2019
elapsed time: 4195 seconds (0d 1h 9m 55s)

