Loading data model 'Flux_model.stp'
Recording commands in 'C:/Users/jperalta/Documents/github_pato/flux/2_int_rotor/1_int_rotor_slotless/6_proto_1/20mm_with_hole/Flux3D_log_1.py'
 
                                                             FLUX3D_18.1.0 : 3D Finite Element Electromagnetism
                                                                   4096 MiB N. + 127 MiB C. + 2048 MiB J.
                                                                  HWU licensing used: 6200@stilic5.epfl.ch
                                           Build 1806291121 Flux_Release_2018.1 CL15346 Win64 4/8 cores LAIB108233:22904 jperalta
 
15:51:34       0 sec. FLUX3D_18.1.0 kernel initialized

Flux3D (application 2018.1) running

Loading new project
Creating ANONYM
... end loading new project
   GeomMeshOptions[1] modified
   openModelerContext executed
Modeler context opened
closeModelerContext()
   closeModelerContext executed
Modeler context closed
 
Multiplying coefficient for the flux in the coils and for coupling with electrical circuits :
Automatically calculated value = 1
 
   Application[2] created
The final derivative of points defining the spline curve of material MATERIAL_1 must be equal to Mu0. The final relative permeability is equal to: 0.399042716513289
   Material[MATERIAL_1] created
   Material[METGLAS] created
Anomaly (1) - User error:
The H values of the spline curve must be purely increasing
Failed to create a new instance of Material.
Can not execute the following command :
lastInstance = Material(name='METGLAS_1',
         propertyBH=PropertyBhNonlinearSpline(splinePoints=[BHPoint(h=0.0,
                                                                    b=0.0),
                                                            BHPoint(h=1.8688,
                                                                    b=0.8049),
                                                            BHPoint(h=1.9637,
                                                                    b=0.8507),
                                                            BHPoint(h=2.0728,
                                                                    b=0.9039),
                                                            BHPoint(h=2.1736,
                                                                    b=0.9702),
                                                            BHPoint(h=2.2738,
                                                                    b=1.0209),
                                                            BHPoint(h=2.3787,
                                                                    b=1.0708),
                                                            BHPoint(h=2.585,
                                                                    b=1.1223),
                                                            BHPoint(h=2.8855,
                                                                    b=1.1681),
                                                            BHPoint(h=3.2137,
                                                                    b=1.2163),
                                                            BHPoint(h=3.4917,
                                                                    b=1.24),
                                                            BHPoint(h=3.6931,
                                                                    b=1.2604),
                                                            BHPoint(h=4.0576,
                                                                    b=1.28),
                                                            BHPoint(h=4.6103,
                                                                    b=1.3036),
                                                            BHPoint(h=5.2267,
                                                                    b=1.3289),
                                                            BHPoint(h=5.8858,
                                                                    b=1.3526),
                                                            BHPoint(h=6.5539,
                                                                    b=1.3681),
                                                            BHPoint(h=7.6663,
                                                                    b=1.3884),
                                                            BHPoint(h=8.8081,
                                                                    b=1.403),
                                                            BHPoint(h=10.3487,
                                                                    b=1.4144),
                                                            BHPoint(h=12.7437,
                                                                    b=1.4241),
                                                            BHPoint(h=17.2009,
                                                                    b=1.4353),
                                                            BHPoint(h=25.6192,
                                                                    b=1.4457),
                                                            BHPoint(h=34.5012,
                                                                    b=1.4512),
                                                            BHPoint(h=45.7399,
                                                                    b=1.4551),
                                                            BHPoint(h=58.6383,
                                                                    b=1.4598),
                                                            BHPoint(h=70.2915,
                                                                    b=1.4633),
                                                            BHPoint(h=80.3945,
                                                                    b=1.4662),
                                                            BHPoint(h=100.0,
                                                                    b=1.470424438),
                                                            BHPoint(h=200.0,
                                                                    b=1.484426011),
                                                            BHPoint(h=500.0,
                                                                    b=1.502935084),
                                                            BHPoint(h=1000.0,
                                                                    b=1.516936657),
                                                            BHPoint(h=5000.0,
                                                                    b=1.549447302),
                                                            BHPoint(h=10000.0,
                                                                    b=1.563448876),
                                                            BHPoint(h=50000.0,
                                                                    b=1.595959521),
                                                            BHPoint(h=10000.0,
                                                                    b=1.563448876)]))

The final derivative of points defining the spline curve of material METGLAS_1 must be equal to Mu0. The final relative permeability is equal to: 0.646778731856974
   Material[METGLAS_1] created
The final derivative of points defining the spline curve of material MATERIAL_1 must be equal to Mu0. The final relative permeability is equal to: 0.399042716513289
The final derivative of points defining the spline curve of material METGLAS_1 must be equal to Mu0. The final relative permeability is equal to: 0.646778731856974
Closing project
Close of ANONYM
... end closing project
Maximum use of 18 MiB. in numerical memory
For the dynamic table ID 57916
Maximum use of 7 MiB. in character memory
For the dynamic table ID 32300
 
   NUMZM         ADRES    SUIV    PREC    CODE          LONG           UID     PROP4   ...
 
       1             5       6       4   R08 5             0             0
       2             1       5       5   C80 8             0             0
       4     536870913       1       6   R08 5             0             0
       5       1677722       2       2   C80 8             0             0
       6             5       4       1   I04 2        600037             0
Numerical memory: Total length                   = 536870912
(8 byte words)    Present length                 =    600041
                  Useful length                  =    600041
                  Number of numerical arrays     =         3
Character memory: Total length                   =   1677721
(80 byte words)   Present length                 =         0
                  Useful length                  =         0
                  Number of character arrays     =         2
Maximum number of arrays (num+char)              =    100006
 
16:00:51     556 sec. FLUX3D_18.1.0 kernel finalized
