Loading data model 'Flux_model.stp'
Recording commands in 'C:/Users/jperalta/Desktop/03_flux_int_rotor_slotless/8_market_rotors/17mm/sims/Flux3D_log.py'
 
                                       FLUX3D_12.0.2 : 3D Finite Element Electromagnetism
                                            13349 MiB N. + 226 MiB C. + 3828 MiB J.
                                      Build 1506161529 Win64 5/8 cores LAIB108233 jperalta
 
10:23:44       0 sec. FLUX3D_12.0.2 kernel initialized

Flux3D (application 12.0.2) running

Loading project 'C:/Users/jperalta/Desktop/03_flux_int_rotor_slotless/8_market_rotors/17mm/sims/20180830_int_rotor_slotless_rev1_n42_20mm_hole.FLU'
10:23:47       2 sec. Start reading ...
10:23:48       3 sec. ... end reading
Updating the data structure: merge standard database
... end loading project
   Material[COGENT_M235_35A_50HZ] created
Material[7]
Closing project
Close of C:/USERS/JPERALTA/DESKTOP/03_FLUX_INT_ROTOR_SLOTLESS/8_MARKET_ROTORS/17MM/SIMS/20180830_INT_ROTOR_SLOTLESS_REV1_N42_20MM_HOLE
... end closing project
Maximum use of 16 Mo. in numerical memory
For the dynamic table ID 161967
Maximum use of 6 Mo. in character memory
For the dynamic table ID 162134
 
   NUMZM         ADRES    SUIV    PREC    CODE          LONG           UID     PROP4   ...
 
       1             5       6       4   R08 5             0             0
       2             1       5       5   C80 8             0             0
       4    1749707436       1       6   R08 5             0             0
       5       2967697       2       2   C80 8             0             0
       6             5       4       1   I04 2        600037             0
Numerical memory: Total length                   =1749707435
(8 byte words)    Present length                 =    600041
                  Useful length                  =    600041
                  Number of numerical arrays     =         3
Character memory: Total length                   =   2967696
(80 byte words)   Present length                 =         0
                  Useful length                  =         0
                  Number of character arrays     =         2
Maximum number of arrays (num+char)              =    100006
 
