Loading data model 'Flux_model.stp'
Recording commands in 'C:/Users/jperalta/Documents/github_pato/flux/2_int_rotor/1_int_rotor_slotless/6_proto_1/17mm/Flux3D_log.py'
 
                                                             FLUX3D_18.1.0 : 3D Finite Element Electromagnetism
                                                                   4096 MiB N. + 127 MiB C. + 2048 MiB J.
                                                                  HWU licensing used: 6200@stilic5.epfl.ch
                                           Build 1806291121 Flux_Release_2018.1 CL15346 Win64 4/8 cores LAIB108233:24232 jperalta
 
14:52:55       0 sec. FLUX3D_18.1.0 kernel initialized

Flux3D (application 2018.1) running

Execution of command file 'C:/Users/jperalta/Documents/github_pato/flux/2_int_rotor/1_int_rotor_slotless/6_proto_1/17mm/00_main.py' in batch mode ...
Loading new project
Creating ANONYM
... end loading new project
Execution of command file '1_param_revF.py' in batch mode ...
FICHIER PARAM.PY

   ParameterGeom[BETA] created
   ParameterGeom[R_ROT_OUT] created
ParameterGeom[2]
   ParameterGeom[ALPHA_H] created
   ParameterGeom[ALPHA_CASE] created
   ParameterGeom[D_AGAP] created
   ParameterGeom[D_ST] created
   ParameterGeom[R_ST_OUT] created
   ParameterGeom[R_ST_IN] created
   ParameterGeom[D_MOT] created
   ParameterGeom[D_ROT] created
   ParameterGeom[R_ROT_IN] created
   ParameterGeom[H_ROT] created
   ParameterGeom[H_ST] created
ParameterGeom[13]
   ParameterGeom[D_MECHGAP] created
   ParameterGeom[DTHETA] created
   ParameterGeom[DALPHA] created
   ParameterGeom[DBETA] created
   ParameterGeom[DX] created
   ParameterGeom[DY] created
   ParameterGeom[X_H_DIFF] created
   ParameterGeom[DZ] created
   ParameterGeom[DR_0] created
   ParameterGeom[DTHETA_0] created
End execution of command file '1_param_revF.py' in batch mode ...
Execution of command file '2_app_def.py' in batch mode ...
 
Multiplying coefficient for the flux in the coils and for coupling with electrical circuits :
Automatically calculated value = 1
 
   Application[2] created
End execution of command file '2_app_def.py' in batch mode ...
Execution of command file '3_mesh_info.py' in batch mode ...
   AidedMesh[1] modified
End execution of command file '3_mesh_info.py' in batch mode ...
Execution of command file '4_geom_revC_circular.py' in batch mode ...

Anomaly (1) - Program error:
Can not execute the following command :
executeBatchSpy('C:/Users/jperalta/Documents/github_pato/flux/2_int_rotor/1_int_rotor_slotless/6_proto_1/17mm/00_main.py')

Error occured while executing the command file :
   C:/Users/jperalta/Documents/github_pato/flux/2_int_rotor/1_int_rotor_slotless/6_proto_1/17mm/00_main.py.
Line : 32.


4_geom_revC_circular.py : Unable to open file.
Check the path.
Closing project
Close of ANONYM
... end closing project
Maximum use of 20 MiB. in numerical memory
For the dynamic table ID 50330
Maximum use of 8 MiB. in character memory
For the dynamic table ID 50263
 
   NUMZM         ADRES    SUIV    PREC    CODE          LONG           UID     PROP4   ...
 
       1             5       6       4   R08 5             0             0
       2             1       5       5   C80 8             0             0
       4     536870913       1       6   R08 5             0             0
       5       1677722       2       2   C80 8             0             0
       6             5       4       1   I04 2        600037             0
Numerical memory: Total length                   = 536870912
(8 byte words)    Present length                 =    600041
                  Useful length                  =    600041
                  Number of numerical arrays     =         3
Character memory: Total length                   =   1677721
(80 byte words)   Present length                 =         0
                  Useful length                  =         0
                  Number of character arrays     =         2
Maximum number of arrays (num+char)              =    100006
 
14:53:15      19 sec. FLUX3D_18.1.0 kernel finalized
