Loading data model 'Flux_model.stp'
Recording commands in 'C:/Users/jperalta/Documents/github_pato/flux/2_int_rotor/1_int_rotor_slotless/7_icems_journal_2018_2d/Flux2D_log.py'
 
                                                             FLUX2D_18.1.0 : 2D Finite Element Electromagnetism
                                                                   2048 MiB N. + 127 MiB C. + 1024 MiB J.
                                                                  HWU licensing used: 6200@stilic5.epfl.ch
                                           Build 1806291121 Flux_Release_2018.1 CL15346 Win64 4/8 cores LAIB108233:24012 jperalta
 
15:31:53       0 sec. FLUX2D_18.1.0 kernel initialized

Flux2D (application 2018.1) running

Execution of command file 'C:/Users/jperalta/Documents/github_pato/flux/2_int_rotor/1_int_rotor_slotless/7_icems_journal_2018_2d/00_main.py' in batch mode ...
Loading new project
Creating ANONYM
... end loading new project
   MagnetizationGrid[2] created
   SketcherOption[1] modified
Start to open Sketcher
... Sketcher opened
Start to close Sketcher
... Sketcher closed
Execution of command file '1_param_revI.py' in batch mode ...
FICHIER PARAM.PY

   ParameterGeom[R_ROT_OUT] created
ParameterGeom[1]
   ParameterGeom[D_MECHGAP] created
   ParameterGeom[D_AGAP] created
   ParameterGeom[D_ST] created
ParameterGeom[4]
   ParameterGeom[R_ST_IN] created
   ParameterGeom[R_ST_OUT] created
   ParameterGeom[D_MOT] created
   ParameterGeom[DTHETA] created
   ParameterGeom[DX] created
   ParameterGeom[DY] created
   ParameterGeom[DR_0] created
   ParameterGeom[DTHETA_0] created
End execution of command file '1_param_revI.py' in batch mode ...
Execution of command file '2_app_def.py' in batch mode ...
 
Multiplying coefficient for the flux in the coils and for coupling with electrical circuits :
Automatically calculated value = 1
 
   Application[2] created
End execution of command file '2_app_def.py' in batch mode ...
Execution of command file '3_mesh_info.py' in batch mode ...
   AidedMesh[1] modified
End execution of command file '3_mesh_info.py' in batch mode ...
Execution of command file '4_geom_2D_revF.py' in batch mode ...
   CoordSys[COORD_SYS_ST] created
   CoordSys[COORD_SYS_ROT] created
   Point[1] created
   Point[2] created
   Point[3] created
   Point[4] created
   Point[5] created
   Transf[PROP_ST] created
   Transf[PROP_ROT] created
Creation of 6 line(s) done :
1  2  3  4  5  6
   extrude executed
Creation of 24 line(s) done :
7  8  9  10  11  12  13  14  15  16  17  18  19  20  21  22  23  24  25  26  27  28  29  30
   extrude executed
   Line[31] created
   Line[32] created
Creation of 10 line(s) done :
33  34  35  36  37  38  39  40  41  42
   propagate executed
   InfiniteBox[InfiniteBoxDisc] created
Creation of 17 FACES :
1  2  3  4  5  6  7  8  9  10  11  12  13  14  15  16  17
   buildFaces executed
   setInvisible executed
End execution of command file '4_geom_2D_revF.py' in batch mode ...
Execution of command file '5_mat_def.py' in batch mode ...
   Material[BMT_42UH] created
Material[1]
The final derivative of points defining the spline curve of material NO12 must be equal to Mu0. The final relative permeability is equal to: 1.10924599072956
   Material[NO12] created
The final derivative of points defining the spline curve of material METGLAS_2605SA1 must be equal to Mu0. The final relative permeability is equal to: 0.646778731856974
   Material[METGLAS_2605SA1] created
The final derivative of points defining the spline curve of material METGLAS_NETL must be equal to Mu0. The final relative permeability is equal to: 33.2103049326848
   Material[METGLAS_NETL] created
   Material[AIR] created
End execution of command file '5_mat_def.py' in batch mode ...
Execution of command file '6_assign_mats_and_coils_revA.py' in batch mode ...
   RegionFace[IRON_ST] created
   RegionFace[PM] created
   RegionFace[AIRGAP] created
   VariationParameter[TH_COIL_CIRC] created
   VariationParameter[R_ST_IN_PH] created
   VariationParameter[A_COIL] created
   ParameterGeom[COIL_KCU] created
   VariationParameter[A_CU] created
   VariationParameter[I_T_PEAK] created
   VariationParameter[THETA_T] created
   VariationParameter[JT_RMS] created
   VariationParameter[IT_HAT] created
   VariationParameter[I_F_PEAK] created
   VariationParameter[THETA_F0] created
   VariationParameter[THETA_F_DIR] created
   VariationParameter[THETA_F] created
   VariationParameter[JF_RMS] created
   VariationParameter[IF_HAT] created
   VariationParameter[I_T_1] created
   VariationParameter[I_F_1] created
   CoilConductor[I_1] created
   RegionFace[COIL_PLUS_1] created
   RegionFace[COIL_MINUS_1] created
   VariationParameter[I_T_2] created
   VariationParameter[I_F_2] created
   CoilConductor[I_2] created
   RegionFace[COIL_PLUS_2] created
   RegionFace[COIL_MINUS_2] created
   VariationParameter[I_T_3] created
   VariationParameter[I_F_3] created
   CoilConductor[I_3] created
   RegionFace[COIL_PLUS_3] created
   RegionFace[COIL_MINUS_3] created
   VariationParameter[I_T_4] created
   VariationParameter[I_F_4] created
   CoilConductor[I_4] created
   RegionFace[COIL_PLUS_4] created
   RegionFace[COIL_MINUS_4] created
   VariationParameter[I_T_5] created
   VariationParameter[I_F_5] created
   CoilConductor[I_5] created
   RegionFace[COIL_PLUS_5] created
   RegionFace[COIL_MINUS_5] created
   VariationParameter[I_T_6] created
   VariationParameter[I_F_6] created
   CoilConductor[I_6] created
   RegionFace[COIL_PLUS_6] created
   RegionFace[COIL_MINUS_6] created
   assignRegionToFaces executed
   assignRegionToFaces executed
   assignRegionToFaces executed
   assignRegionToFaces executed
   assignRegionToFaces executed
   assignRegionToFaces executed
   assignRegionToFaces executed
   assignRegionToFaces executed
   assignRegionToFaces executed
   assignRegionToFaces executed
   assignRegionToFaces executed
   assignRegionToFaces executed
   assignRegionToFaces executed
   assignRegionToFaces executed
   assignRegionToFaces executed
   assignRegionToFaces executed
   orientRegSurfMaterial executed
End execution of command file '6_assign_mats_and_coils_revA.py' in batch mode ...
Execution of command file '7_sensors.py' in batch mode ...
   Sensor[F_ROT] created
   Sensor[F_ST] created
   Sensor[TZ_ROT] created
   Sensor[TZ_ST] created
   Sensor[TZ_COILS] created
   Sensor[F_COILS] created
End execution of command file '7_sensors.py' in batch mode ...
Execution of command file '8_scenarios_test.py' in batch mode ...
   Scenario[0_FIELDS] created
Scenario[1]
   addPilot executed
   Scenario[1_DX] created
Scenario[2]
   addPilot executed
   Scenario[2_DY] created
Scenario[3]
   addPilot executed
   Scenario[3_JTORQUE] created
Scenario[4]
   addPilot executed
   Scenario[4_JFORCE] created
Scenario[5]
   addPilot executed
   Scenario[5_THETA_TORQUE] created
Scenario[6]
   addPilot executed
   addPilot executed
   Scenario[6_THETA_FORCE] created
Scenario[7]
   addPilot executed
   addPilot executed
End execution of command file '8_scenarios_test.py' in batch mode ...
 
Meshing of 17 faces
 
Automatic mesh of 46 lines
15:31:59       6 sec. Internal meshing of the lines
 
Automatic meshing of 17  faces
Boundary meshing of the faces achieved in 1 iteration(s)
Internal meshing of the 17 faces
Faces internal meshing achieved
Boundary meshing of the faces achieved in 1 iteration(s)
Internal meshing of the 17 faces
Faces internal meshing achieved
Boundary meshing of the faces achieved in 1 iteration(s)
Internal meshing of the 17 faces
Faces internal meshing achieved
End of topological mesh regularization
15:32:00       6 sec.    2980 1st order surfacic elements created
 
15:32:00       6 sec. Generating 2nd order elements is running
  Total number of nodes --> 5989
15:32:00       6 sec. End generating 2nd order elements
 
Surface elements :
   Number of elements not evaluated     : 0  %
   Number of excellent quality elements : 98.79  %
   Number of good quality elements      : 1.21  %
   Number of average quality elements   : 0  %
   Number of poor quality elements      : 0  %
   meshDomain executed
 
15:32:00       6 sec. Generating 2nd order elements is running
  Total number of nodes --> 5989
15:32:00       6 sec. End generating 2nd order elements
   generateSecondOrderElements executed

End execution of command file 'C:/Users/jperalta/Documents/github_pato/flux/2_int_rotor/1_int_rotor_slotless/7_icems_journal_2018_2d/00_main.py' in batch mode ...
   Scenario[TORQUE_JT10] created
   addPilot executed
   addPilot executed
Begin of physical check ...
The final derivative of points defining the spline curve of material NO12 must be equal to Mu0. The final relative permeability is equal to: 1.10924599072956
Please, verify the properties of the material: NO12
The final derivative of points defining the spline curve of material METGLAS_2605SA1 must be equal to Mu0. The final relative permeability is equal to: 0.646778731856974
Please, verify the properties of the material: METGLAS_2605SA1
The final derivative of points defining the spline curve of material METGLAS_NETL must be equal to Mu0. The final relative permeability is equal to: 33.2103049326848
Please, verify the properties of the material: METGLAS_NETL
 
An electric circuit exists.
The active physical application does not take account of it.
 
End of physical check.
15:35:29     215 sec. Start save ...
15:35:29     216 sec. ... end save
Active formulation(s) :
MS2VEC : 2D magnetostatic vector potential formulation
Matrix system : non linear, real, symmetrical
 
15:35:30     216 sec. Start solving problem ...
 
Step number 1
Value of parameter COIL_KCU : 0.4
Value of parameter DR_0 : 0
Value of parameter DTHETA : 0
Value of parameter DTHETA_0 : 0
Value of parameter DX : 0
Value of parameter DY : 0
Value of parameter D_AGAP : 5
Value of parameter D_MECHGAP : 2
Value of parameter I_F_PEAK : 0
Value of parameter I_T_PEAK : 0
Value of parameter JF_RMS : 0
Value of parameter JT_RMS : 10
Value of parameter R_ROT_OUT : 10
Value of parameter THETA_F0 : 30
Value of parameter THETA_F_DIR : 0
Value of parameter THETA_T : 150
 
Meshing of 17 faces
 
Automatic mesh of 46 lines
15:35:30     216 sec. Internal meshing of the lines
 
Automatic meshing of 17  faces
Boundary meshing of the faces achieved in 1 iteration(s)
Internal meshing of the 17 faces
Faces internal meshing achieved
Boundary meshing of the faces achieved in 1 iteration(s)
Internal meshing of the 17 faces
Faces internal meshing achieved
Boundary meshing of the faces achieved in 1 iteration(s)
Internal meshing of the 17 faces
Faces internal meshing achieved
End of topological mesh regularization
15:35:30     217 sec.    2980 1st order surfacic elements created
 
15:35:30     217 sec. Generating 2nd order elements is running
  Total number of nodes --> 5989
15:35:30     217 sec. End generating 2nd order elements
The final derivative of points defining the spline curve of material NO12 must be equal to Mu0. The final relative permeability is equal to: 1.10924599072956
 
15:35:30     217 sec. Start creating Dirichlet constraints at points...
15:35:30     217 sec. ... end creating Dirichlet constraints at points.
 
  AN1 unknowns are initialized to zero
15:35:31     217 sec. Numbering of     5989 nodal values done.
15:35:31     217 sec. Number of non zero matrix elements estimated to be      541520
15:35:31     217 sec. Renumbering due to boundary conditions done.
 
Building of topologic matrix ...
Memory used during the building:           13 Mo.
 
TOPOLOGY OF LINEAR SYSTEM :
 
 Number of equations                 =                                   5933
 Length of the shortest line         =                                      6
 Length of the longest line          =                                     25
 Average line length                 =                                     11
 Number of the longest line          =                                   2092
 
 Redundance for vectorization                                             NON
 Number of nonzero coefficients      =                                  67821
 
NUMERIC MEMORY INFORMATION :
 
   Total reserved memory:                                     2147 Mo.
   Total memory allocated before solving process:               13 Mo.
   Memory allocated during solving process:                     14 Mo.
 
15:35:31     217 sec. Integration on the region COIL_MINUS_4 finished ( 26  elements )
15:35:31     217 sec. Integration on the region COIL_MINUS_2 finished ( 26  elements )
15:35:31     217 sec. Integration on the region COIL_MINUS_5 finished ( 26  elements )
15:35:31     217 sec. Integration on the region COIL_MINUS_6 finished ( 26  elements )
15:35:31     217 sec. Integration on the region COIL_MINUS_1 finished ( 26  elements )
15:35:31     217 sec. Integration on the region COIL_MINUS_3 finished ( 26  elements )
15:35:31     217 sec. Integration on the region COIL_PLUS_6 finished ( 80  elements )
15:35:31     217 sec. Integration on the region COIL_PLUS_5 finished ( 80  elements )
15:35:31     217 sec. Integration on the region COIL_PLUS_2 finished ( 80  elements )
15:35:31     217 sec. Integration on the region COIL_PLUS_4 finished ( 80  elements )
15:35:31     217 sec. Integration on the region COIL_PLUS_1 finished ( 80  elements )
15:35:31     217 sec. Integration on the region COIL_PLUS_3 finished ( 82  elements )
15:35:31     217 sec. Integration on the region PM finished ( 418  elements )
15:35:31     217 sec. Integration on the region AIRGAP finished ( 420  elements )
15:35:31     217 sec. Integration on the region INFINITE finished ( 948  elements )
15:35:31     217 sec. Linear part has been integrated and assembled.
15:35:31     217 sec. Integration on the region IRON_ST finished ( 556  elements )
15:35:31     217 sec. Non linear part has been integrated and assembled.
15:35:31     217 sec. Scaling linear system
15:35:31     217 sec. Solving linear system with Mumps.
 Estimated RAM for Factorization - Incore: 6 MiBytes
 Estimated RAM for factorization - Memory on Disk: 4 MiBytes
 RAM effectively used during factorization : 5 MiBytes
 RAM effectively used during solve phase : 5 MiBytes
15:35:31     217 sec. Linear system has been solved.
       Prec. rel. = 4.93E-14/ 2.05E+00
15:35:31     217 sec. Integration on the region IRON_ST finished ( 556  elements )
   Newton-Raphson:  No iter=   1/ 100 Relax= 1.00E+00
       Prec. rel. = 1.00E+00/ 1.00E-04
15:35:31     217 sec. Integration on the region IRON_ST finished ( 556  elements )
15:35:31     217 sec. Non linear part has been integrated and assembled.
15:35:31     217 sec. Scaling linear system
15:35:31     217 sec. Solving linear system with Mumps.
 Estimated RAM for Factorization - Incore: 6 MiBytes
 Estimated RAM for factorization - Memory on Disk: 4 MiBytes
 RAM effectively used during factorization : 5 MiBytes
 RAM effectively used during solve phase : 5 MiBytes
15:35:31     217 sec. Linear system has been solved.
       Prec. rel. = 2.13E-15/ 6.93E-02
15:35:31     217 sec. Integration on the region IRON_ST finished ( 556  elements )
   Newton-Raphson:  No iter=   2/ 100 Relax= 1.00E+00
       Prec. rel. = 1.45E-02/ 1.00E-04
15:35:31     217 sec. Integration on the region IRON_ST finished ( 556  elements )
15:35:31     217 sec. Non linear part has been integrated and assembled.
15:35:31     217 sec. Scaling linear system
15:35:31     217 sec. Solving linear system with Mumps.
 Estimated RAM for Factorization - Incore: 6 MiBytes
 Estimated RAM for factorization - Memory on Disk: 4 MiBytes
 RAM effectively used during factorization : 5 MiBytes
 RAM effectively used during solve phase : 5 MiBytes
15:35:31     218 sec. Linear system has been solved.
       Prec. rel. = 2.34E-15/ 4.60E-02
15:35:31     218 sec. Integration on the region IRON_ST finished ( 556  elements )
   Newton-Raphson:  No iter=   3/ 100 Relax= 1.00E+00
       Prec. rel. = 4.65E-03/ 1.00E-04
15:35:31     218 sec. Integration on the region IRON_ST finished ( 556  elements )
15:35:31     218 sec. Non linear part has been integrated and assembled.
15:35:31     218 sec. Scaling linear system
15:35:31     218 sec. Solving linear system with Mumps.
 Estimated RAM for Factorization - Incore: 6 MiBytes
 Estimated RAM for factorization - Memory on Disk: 4 MiBytes
 RAM effectively used during factorization : 5 MiBytes
 RAM effectively used during solve phase : 5 MiBytes
15:35:31     218 sec. Linear system has been solved.
       Prec. rel. = 8.50E-16/ 1.50E-02
15:35:31     218 sec. Integration on the region IRON_ST finished ( 556  elements )
   Newton-Raphson:  No iter=   4/ 100 Relax= 1.00E+00
       Prec. rel. = 1.05E-03/ 1.00E-04
15:35:31     218 sec. Integration on the region IRON_ST finished ( 556  elements )
15:35:31     218 sec. Non linear part has been integrated and assembled.
15:35:31     218 sec. Scaling linear system
15:35:31     218 sec. Solving linear system with Mumps.
 Estimated RAM for Factorization - Incore: 6 MiBytes
 Estimated RAM for factorization - Memory on Disk: 4 MiBytes
 RAM effectively used during factorization : 5 MiBytes
 RAM effectively used during solve phase : 5 MiBytes
15:35:31     218 sec. Linear system has been solved.
       Prec. rel. = 3.92E-15/ 1.95E-03
15:35:31     218 sec. Integration on the region IRON_ST finished ( 556  elements )
   Newton-Raphson:  No iter=   5/ 100 Relax= 1.00E+00
       Prec. rel. = 1.09E-04/ 1.00E-04
15:35:31     218 sec. Integration on the region IRON_ST finished ( 556  elements )
15:35:31     218 sec. Non linear part has been integrated and assembled.
15:35:31     218 sec. Scaling linear system
15:35:31     218 sec. Solving linear system with Mumps.
 Estimated RAM for Factorization - Incore: 6 MiBytes
 Estimated RAM for factorization - Memory on Disk: 4 MiBytes
 RAM effectively used during factorization : 5 MiBytes
 RAM effectively used during solve phase : 5 MiBytes
15:35:31     218 sec. Linear system has been solved.
       Prec. rel. = 5.69E-15/ 4.43E-05
15:35:31     218 sec. Integration on the region IRON_ST finished ( 556  elements )
   Newton-Raphson:  No iter=   6/ 100 Relax= 1.00E+00
       Prec. rel. = 5.36E-08/ 1.00E-04
15:35:31     218 sec. Computation of F_ROT
15:35:31     218 sec. Value of F_ROT : -.800117328503E-06 0.12235963695E-04 0
15:35:31     218 sec. Computation of F_ST
Some boundaries of the region IRON_ST are not in contact with air or vacuum region.
*** WARNING : The computation of FMag(IRON_ST) may be wrong. ***
15:35:31     218 sec. Value of F_ST : -.320449833095E-04 -.233456189174E-03 0
15:35:31     218 sec. Computation of TZ_ROT
15:35:31     218 sec. Value of TZ_ROT : 0.005940323001177
15:35:31     218 sec. Computation of TZ_ST
Some boundaries of the region IRON_ST are not in contact with air or vacuum region.
*** WARNING : The computation of TMag(IRON_ST) may be wrong. ***
15:35:31     218 sec. Value of TZ_ST : -0.001188604188622
15:35:31     218 sec. Computation of TZ_COILS
The region COIL_PLUS_1 has a relative permeability close to 1.
The region COIL_PLUS_2 has a relative permeability close to 1.
The region COIL_PLUS_3 has a relative permeability close to 1.
The region COIL_PLUS_4 has a relative permeability close to 1.
The region COIL_PLUS_5 has a relative permeability close to 1.
The region COIL_MINUS_1 has a relative permeability close to 1.
The region COIL_MINUS_2 has a relative permeability close to 1.
The region COIL_MINUS_3 has a relative permeability close to 1.
The region COIL_MINUS_4 has a relative permeability close to 1.
The region COIL_MINUS_5 has a relative permeability close to 1.
The region COIL_MINUS_6 has a relative permeability close to 1.
The region COIL_PLUS_6 has a relative permeability close to 1.
The formulation associated to region IRON_ST, neighbor of the region COIL_PLUS_1,COIL_PLUS_2,COIL_PLUS_3,COIL_PLUS_4,COIL_PLUS_5,COIL_MINUS_1,COIL_MINUS_2,COIL_MINUS_3,COIL_MINUS_4,COIL_MIN, is non linear.
*** Computing TMag(COIL_PLUS_1,COIL_PLUS_2,COIL_PLUS_3,COIL_PLUS_4,COIL_PLUS_5,COIL_MINUS_1,COIL_MINUS_2,COIL_MINUS_3,COIL_MINUS_4,COI is impossible. ***
15:35:31     218 sec. Value of TZ_COILS : NaN
15:35:31     218 sec. Computation of F_COILS
The region COIL_PLUS_1 has a relative permeability close to 1.
The region COIL_PLUS_2 has a relative permeability close to 1.
The region COIL_PLUS_3 has a relative permeability close to 1.
The region COIL_PLUS_4 has a relative permeability close to 1.
The region COIL_PLUS_5 has a relative permeability close to 1.
The region COIL_MINUS_1 has a relative permeability close to 1.
The region COIL_MINUS_2 has a relative permeability close to 1.
The region COIL_MINUS_3 has a relative permeability close to 1.
The region COIL_MINUS_4 has a relative permeability close to 1.
The region COIL_MINUS_5 has a relative permeability close to 1.
The region COIL_MINUS_6 has a relative permeability close to 1.
The region COIL_PLUS_6 has a relative permeability close to 1.
The formulation associated to region IRON_ST, neighbor of the region COIL_PLUS_1,COIL_PLUS_2,COIL_PLUS_3,COIL_PLUS_4,COIL_PLUS_5,COIL_MINUS_1,COIL_MINUS_2,COIL_MINUS_3,COIL_MINUS_4,COIL_MIN, is non linear.
*** Computing FMag(COIL_PLUS_1,COIL_PLUS_2,COIL_PLUS_3,COIL_PLUS_4,COIL_PLUS_5,COIL_MINUS_1,COIL_MINUS_2,COIL_MINUS_3,COIL_MINUS_4,COI is impossible. ***
15:35:31     218 sec. Value of F_COILS : NaN
15:35:31     218 sec. Value of TH_COIL_CIRC : 3
15:35:31     218 sec. Value of R_ST_IN_PH : 15
15:35:31     218 sec. Value of A_COIL : 42.4115008234622
15:35:31     218 sec. Value of A_CU : 16.9646003293849
15:35:31     218 sec. Value of IT_HAT : 239.915678660552
15:35:31     218 sec. Value of THETA_F : 30
15:35:31     218 sec. Value of IF_HAT : 0
15:35:31     218 sec. Value of I_T_1 : -207.773072486222
15:35:31     218 sec. Value of I_F_1 : 0
15:35:31     218 sec. Value of I_T_2 : 0.146905983968E-13
15:35:31     218 sec. Value of I_F_2 : 0
15:35:31     218 sec. Value of I_T_3 : 207.773072486222
15:35:31     218 sec. Value of I_F_3 : 0
15:35:31     218 sec. Value of I_T_4 : 207.773072486222
15:35:31     218 sec. Value of I_F_4 : 0
15:35:31     218 sec. Value of I_T_5 : 0.146905983968E-13
15:35:31     218 sec. Value of I_F_5 : 0
15:35:31     218 sec. Value of I_T_6 : -207.773072486222
15:35:31     218 sec. Value of I_F_6 : 0
 
Step number 2
Value of parameter JT_RMS : 10
Value of parameter R_ROT_OUT : 15
 
Meshing of 17 faces
 
Automatic mesh of 46 lines
15:35:31     218 sec. Internal meshing of the lines
 
Automatic meshing of 17  faces
Boundary meshing of the faces achieved in 1 iteration(s)
Internal meshing of the 17 faces
Faces internal meshing achieved
Boundary meshing of the faces achieved in 1 iteration(s)
Internal meshing of the 17 faces
Faces internal meshing achieved
Boundary meshing of the faces achieved in 1 iteration(s)
Internal meshing of the 17 faces
Faces internal meshing achieved
End of topological mesh regularization
15:35:32     219 sec.    2476 1st order surfacic elements created
 
15:35:32     219 sec. Generating 2nd order elements is running
  Total number of nodes --> 4981
15:35:32     219 sec. End generating 2nd order elements
The final derivative of points defining the spline curve of material NO12 must be equal to Mu0. The final relative permeability is equal to: 1.10924599072956
 
15:35:32     219 sec. Start creating Dirichlet constraints at points...
15:35:32     219 sec. ... end creating Dirichlet constraints at points.
 
15:35:32     219 sec. Numbering of     4981 nodal values done.
15:35:32     219 sec. Number of non zero matrix elements estimated to be      459920
15:35:32     219 sec. Renumbering due to boundary conditions done.
 
Building of topologic matrix ...
Memory used during the building:           12 Mo.
 
TOPOLOGY OF LINEAR SYSTEM :
 
 Number of equations                 =                                   4925
 Length of the shortest line         =                                      6
 Length of the longest line          =                                     25
 Average line length                 =                                     11
 Number of the longest line          =                                   1994
 
 Redundance for vectorization                                             NON
 Number of nonzero coefficients      =                                  56229
 
NUMERIC MEMORY INFORMATION :
 
   Total reserved memory:                                     2147 Mo.
   Total memory allocated before solving process:               12 Mo.
   Memory allocated during solving process:                     13 Mo.
 
15:35:32     219 sec. Integration on the region COIL_MINUS_4 finished ( 24  elements )
15:35:32     219 sec. Integration on the region COIL_MINUS_6 finished ( 24  elements )
15:35:32     219 sec. Integration on the region COIL_MINUS_5 finished ( 24  elements )
15:35:32     219 sec. Integration on the region COIL_MINUS_2 finished ( 24  elements )
15:35:32     219 sec. Integration on the region COIL_MINUS_1 finished ( 24  elements )
15:35:32     219 sec. Integration on the region COIL_MINUS_3 finished ( 24  elements )
15:35:32     219 sec. Integration on the region COIL_PLUS_6 finished ( 26  elements )
15:35:32     219 sec. Integration on the region COIL_PLUS_5 finished ( 26  elements )
15:35:32     219 sec. Integration on the region COIL_PLUS_2 finished ( 26  elements )
15:35:32     219 sec. Integration on the region COIL_PLUS_4 finished ( 26  elements )
15:35:32     219 sec. Integration on the region COIL_PLUS_3 finished ( 26  elements )
15:35:32     219 sec. Integration on the region COIL_PLUS_1 finished ( 26  elements )
15:35:32     219 sec. Integration on the region AIRGAP finished ( 144  elements )
15:35:32     219 sec. Integration on the region PM finished ( 418  elements )
15:35:32     219 sec. Integration on the region INFINITE finished ( 952  elements )
15:35:32     219 sec. Linear part has been integrated and assembled.
15:35:32     219 sec. Integration on the region IRON_ST finished ( 662  elements )
15:35:32     219 sec. Non linear part has been integrated and assembled.
15:35:32     219 sec. Scaling linear system
15:35:32     219 sec. Solving linear system with Mumps.
 Estimated RAM for Factorization - Incore: 5 MiBytes
 Estimated RAM for factorization - Memory on Disk: 4 MiBytes
 RAM effectively used during factorization : 4 MiBytes
 RAM effectively used during solve phase : 4 MiBytes
15:35:32     219 sec. Linear system has been solved.
       Prec. rel. = 4.11E-14/ 2.91E+00
15:35:32     219 sec. Integration on the region IRON_ST finished ( 662  elements )
   Newton-Raphson:  No iter=   1/ 100 Relax= 1.00E+00
       Prec. rel. = 1.00E+00/ 1.00E-04
15:35:32     219 sec. Integration on the region IRON_ST finished ( 662  elements )
15:35:32     219 sec. Non linear part has been integrated and assembled.
15:35:32     219 sec. Scaling linear system
15:35:32     219 sec. Solving linear system with Mumps.
 Estimated RAM for Factorization - Incore: 5 MiBytes
 Estimated RAM for factorization - Memory on Disk: 4 MiBytes
 RAM effectively used during factorization : 4 MiBytes
 RAM effectively used during solve phase : 4 MiBytes
15:35:32     219 sec. Linear system has been solved.
       Prec. rel. = 1.60E-15/ 9.45E-02
15:35:32     219 sec. Integration on the region IRON_ST finished ( 662  elements )
   Newton-Raphson:  No iter=   2/ 100 Relax= 1.00E+00
       Prec. rel. = 2.60E-02/ 1.00E-04
15:35:32     219 sec. Integration on the region IRON_ST finished ( 662  elements )
15:35:32     219 sec. Non linear part has been integrated and assembled.
15:35:32     219 sec. Scaling linear system
15:35:32     219 sec. Solving linear system with Mumps.
 Estimated RAM for Factorization - Incore: 5 MiBytes
 Estimated RAM for factorization - Memory on Disk: 4 MiBytes
 RAM effectively used during factorization : 4 MiBytes
 RAM effectively used during solve phase : 4 MiBytes
15:35:32     219 sec. Linear system has been solved.
       Prec. rel. = 9.97E-16/ 4.92E-02
15:35:32     219 sec. Integration on the region IRON_ST finished ( 662  elements )
   Newton-Raphson:  No iter=   3/ 100 Relax= 1.00E+00
       Prec. rel. = 8.95E-03/ 1.00E-04
15:35:32     219 sec. Integration on the region IRON_ST finished ( 662  elements )
15:35:32     219 sec. Non linear part has been integrated and assembled.
15:35:32     219 sec. Scaling linear system
15:35:32     219 sec. Solving linear system with Mumps.
 Estimated RAM for Factorization - Incore: 5 MiBytes
 Estimated RAM for factorization - Memory on Disk: 4 MiBytes
 RAM effectively used during factorization : 4 MiBytes
 RAM effectively used during solve phase : 4 MiBytes
15:35:32     219 sec. Linear system has been solved.
       Prec. rel. = 1.15E-15/ 2.40E-02
15:35:32     219 sec. Integration on the region IRON_ST finished ( 662  elements )
   Newton-Raphson:  No iter=   4/ 100 Relax= 1.00E+00
       Prec. rel. = 4.37E-03/ 1.00E-04
15:35:32     219 sec. Integration on the region IRON_ST finished ( 662  elements )
15:35:32     219 sec. Non linear part has been integrated and assembled.
15:35:32     219 sec. Scaling linear system
15:35:32     219 sec. Solving linear system with Mumps.
 Estimated RAM for Factorization - Incore: 5 MiBytes
 Estimated RAM for factorization - Memory on Disk: 4 MiBytes
 RAM effectively used during factorization : 4 MiBytes
 RAM effectively used during solve phase : 4 MiBytes
15:35:32     219 sec. Linear system has been solved.
       Prec. rel. = 5.09E-15/ 5.68E-03
15:35:32     219 sec. Integration on the region IRON_ST finished ( 662  elements )
   Newton-Raphson:  No iter=   5/ 100 Relax= 1.00E+00
       Prec. rel. = 7.38E-04/ 1.00E-04
15:35:32     219 sec. Integration on the region IRON_ST finished ( 662  elements )
15:35:32     219 sec. Non linear part has been integrated and assembled.
15:35:32     219 sec. Scaling linear system
15:35:32     219 sec. Solving linear system with Mumps.
 Estimated RAM for Factorization - Incore: 5 MiBytes
 Estimated RAM for factorization - Memory on Disk: 4 MiBytes
 RAM effectively used during factorization : 4 MiBytes
 RAM effectively used during solve phase : 4 MiBytes
15:35:32     219 sec. Linear system has been solved.
       Prec. rel. = 6.05E-15/ 2.90E-04
15:35:32     219 sec. Integration on the region IRON_ST finished ( 662  elements )
   Newton-Raphson:  No iter=   6/ 100 Relax= 1.00E+00
       Prec. rel. = 1.05E-05/ 1.00E-04
15:35:32     219 sec. Computation of F_ROT
15:35:32     219 sec. Value of F_ROT : 0.374560002028E-06 -.198624382485E-04 0
15:35:32     219 sec. Computation of F_ST
Some boundaries of the region IRON_ST are not in contact with air or vacuum region.
*** WARNING : The computation of FMag(IRON_ST) may be wrong. ***
15:35:32     219 sec. Value of F_ST : 0.21729625005E-06 0.676203822805E-06 0
15:35:32     219 sec. Computation of TZ_ROT
15:35:32     219 sec. Value of TZ_ROT : 0.013756540177063
15:35:32     219 sec. Computation of TZ_ST
Some boundaries of the region IRON_ST are not in contact with air or vacuum region.
*** WARNING : The computation of TMag(IRON_ST) may be wrong. ***
15:35:32     219 sec. Value of TZ_ST : -0.007054306916065
15:35:32     219 sec. Computation of TZ_COILS
The region COIL_PLUS_1 has a relative permeability close to 1.
The region COIL_PLUS_2 has a relative permeability close to 1.
The region COIL_PLUS_3 has a relative permeability close to 1.
The region COIL_PLUS_4 has a relative permeability close to 1.
The region COIL_PLUS_5 has a relative permeability close to 1.
The region COIL_MINUS_1 has a relative permeability close to 1.
The region COIL_MINUS_2 has a relative permeability close to 1.
The region COIL_MINUS_3 has a relative permeability close to 1.
The region COIL_MINUS_4 has a relative permeability close to 1.
The region COIL_MINUS_5 has a relative permeability close to 1.
The region COIL_MINUS_6 has a relative permeability close to 1.
The region COIL_PLUS_6 has a relative permeability close to 1.
The formulation associated to region IRON_ST, neighbor of the region COIL_PLUS_1,COIL_PLUS_2,COIL_PLUS_3,COIL_PLUS_4,COIL_PLUS_5,COIL_MINUS_1,COIL_MINUS_2,COIL_MINUS_3,COIL_MINUS_4,COIL_MIN, is non linear.
*** Computing TMag(COIL_PLUS_1,COIL_PLUS_2,COIL_PLUS_3,COIL_PLUS_4,COIL_PLUS_5,COIL_MINUS_1,COIL_MINUS_2,COIL_MINUS_3,COIL_MINUS_4,COI is impossible. ***
15:35:32     219 sec. Value of TZ_COILS : NaN
15:35:32     219 sec. Computation of F_COILS
The region COIL_PLUS_1 has a relative permeability close to 1.
The region COIL_PLUS_2 has a relative permeability close to 1.
The region COIL_PLUS_3 has a relative permeability close to 1.
The region COIL_PLUS_4 has a relative permeability close to 1.
The region COIL_PLUS_5 has a relative permeability close to 1.
The region COIL_MINUS_1 has a relative permeability close to 1.
The region COIL_MINUS_2 has a relative permeability close to 1.
The region COIL_MINUS_3 has a relative permeability close to 1.
The region COIL_MINUS_4 has a relative permeability close to 1.
The region COIL_MINUS_5 has a relative permeability close to 1.
The region COIL_MINUS_6 has a relative permeability close to 1.
The region COIL_PLUS_6 has a relative permeability close to 1.
The formulation associated to region IRON_ST, neighbor of the region COIL_PLUS_1,COIL_PLUS_2,COIL_PLUS_3,COIL_PLUS_4,COIL_PLUS_5,COIL_MINUS_1,COIL_MINUS_2,COIL_MINUS_3,COIL_MINUS_4,COIL_MIN, is non linear.
*** Computing FMag(COIL_PLUS_1,COIL_PLUS_2,COIL_PLUS_3,COIL_PLUS_4,COIL_PLUS_5,COIL_MINUS_1,COIL_MINUS_2,COIL_MINUS_3,COIL_MINUS_4,COI is impossible. ***
15:35:32     219 sec. Value of F_COILS : NaN
15:35:32     219 sec. Value of TH_COIL_CIRC : 3
15:35:32     219 sec. Value of R_ST_IN_PH : 20
15:35:32     219 sec. Value of A_COIL : 58.1194640914112
15:35:32     219 sec. Value of A_CU : 23.2477856365645
15:35:32     219 sec. Value of IT_HAT : 328.773337423719
15:35:32     219 sec. Value of THETA_F : 30
15:35:32     219 sec. Value of IF_HAT : 0
15:35:32     219 sec. Value of I_T_1 : -284.726062295934
15:35:32     219 sec. Value of I_F_1 : 0
15:35:32     219 sec. Value of I_T_2 : 0.20131560766E-13
15:35:32     219 sec. Value of I_F_2 : 0
15:35:32     219 sec. Value of I_T_3 : 284.726062295934
15:35:32     219 sec. Value of I_F_3 : 0
15:35:32     219 sec. Value of I_T_4 : 284.726062295934
15:35:32     219 sec. Value of I_F_4 : 0
15:35:32     219 sec. Value of I_T_5 : 0.20131560766E-13
15:35:32     219 sec. Value of I_F_5 : 0
15:35:32     219 sec. Value of I_T_6 : -284.726062295934
15:35:32     219 sec. Value of I_F_6 : 0
 
Step number 3
Value of parameter JT_RMS : 10
Value of parameter R_ROT_OUT : 20
 
Meshing of 17 faces
 
Automatic mesh of 46 lines
15:35:33     219 sec. Internal meshing of the lines
 
Automatic meshing of 17  faces
Boundary meshing of the faces achieved in 1 iteration(s)
Internal meshing of the 17 faces
Faces internal meshing achieved
Boundary meshing of the faces achieved in 1 iteration(s)
Internal meshing of the 17 faces
Faces internal meshing achieved
Boundary meshing of the faces achieved in 1 iteration(s)
Internal meshing of the 17 faces
Faces internal meshing achieved
End of topological mesh regularization
15:35:33     220 sec.    3182 1st order surfacic elements created
 
15:35:33     220 sec. Generating 2nd order elements is running
  Total number of nodes --> 6393
15:35:34     220 sec. End generating 2nd order elements
The final derivative of points defining the spline curve of material NO12 must be equal to Mu0. The final relative permeability is equal to: 1.10924599072956
 
15:35:34     220 sec. Start creating Dirichlet constraints at points...
15:35:34     220 sec. ... end creating Dirichlet constraints at points.
 
15:35:34     220 sec. Numbering of     6393 nodal values done.
15:35:34     220 sec. Number of non zero matrix elements estimated to be      571920
15:35:34     220 sec. Renumbering due to boundary conditions done.
 
Building of topologic matrix ...
Memory used during the building:           13 Mo.
 
TOPOLOGY OF LINEAR SYSTEM :
 
 Number of equations                 =                                   6337
 Length of the shortest line         =                                      4
 Length of the longest line          =                                     25
 Average line length                 =                                     11
 Number of the longest line          =                                      2
 
 Redundance for vectorization                                             NON
 Number of nonzero coefficients      =                                  72455
 
NUMERIC MEMORY INFORMATION :
 
   Total reserved memory:                                     2147 Mo.
   Total memory allocated before solving process:               13 Mo.
   Memory allocated during solving process:                     14 Mo.
 
15:35:34     220 sec. Integration on the region COIL_MINUS_6 finished ( 24  elements )
15:35:34     220 sec. Integration on the region COIL_PLUS_6 finished ( 24  elements )
15:35:34     220 sec. Integration on the region COIL_PLUS_1 finished ( 24  elements )
15:35:34     220 sec. Integration on the region COIL_MINUS_1 finished ( 24  elements )
15:35:34     220 sec. Integration on the region COIL_PLUS_2 finished ( 24  elements )
15:35:34     220 sec. Integration on the region COIL_MINUS_2 finished ( 24  elements )
15:35:34     220 sec. Integration on the region COIL_PLUS_3 finished ( 24  elements )
15:35:34     220 sec. Integration on the region COIL_MINUS_3 finished ( 24  elements )
15:35:34     220 sec. Integration on the region COIL_PLUS_4 finished ( 24  elements )
15:35:34     220 sec. Integration on the region COIL_MINUS_4 finished ( 24  elements )
15:35:34     220 sec. Integration on the region COIL_PLUS_5 finished ( 24  elements )
15:35:34     220 sec. Integration on the region COIL_MINUS_5 finished ( 24  elements )
15:35:34     220 sec. Integration on the region AIRGAP finished ( 144  elements )
15:35:34     220 sec. Integration on the region PM finished ( 418  elements )
15:35:34     220 sec. Integration on the region INFINITE finished ( 1470  elements )
15:35:34     220 sec. Linear part has been integrated and assembled.
15:35:34     220 sec. Integration on the region IRON_ST finished ( 862  elements )
15:35:34     220 sec. Non linear part has been integrated and assembled.
15:35:34     220 sec. Scaling linear system
15:35:34     220 sec. Solving linear system with Mumps.
 Estimated RAM for Factorization - Incore: 7 MiBytes
 Estimated RAM for factorization - Memory on Disk: 5 MiBytes
 RAM effectively used during factorization : 6 MiBytes
 RAM effectively used during solve phase : 5 MiBytes
15:35:34     220 sec. Linear system has been solved.
       Prec. rel. = 4.47E-14/ 3.96E+00
15:35:34     221 sec. Integration on the region IRON_ST finished ( 862  elements )
   Newton-Raphson:  No iter=   1/ 100 Relax= 1.00E+00
       Prec. rel. = 1.00E+00/ 1.00E-04
15:35:34     221 sec. Integration on the region IRON_ST finished ( 862  elements )
15:35:34     221 sec. Non linear part has been integrated and assembled.
15:35:34     221 sec. Scaling linear system
15:35:34     221 sec. Solving linear system with Mumps.
 Estimated RAM for Factorization - Incore: 7 MiBytes
 Estimated RAM for factorization - Memory on Disk: 5 MiBytes
 RAM effectively used during factorization : 6 MiBytes
 RAM effectively used during solve phase : 5 MiBytes
15:35:34     221 sec. Linear system has been solved.
       Prec. rel. = 1.56E-15/ 1.11E-01
15:35:34     221 sec. Integration on the region IRON_ST finished ( 862  elements )
   Newton-Raphson:  No iter=   2/ 100 Relax= 1.00E+00
       Prec. rel. = 3.04E-02/ 1.00E-04
15:35:34     221 sec. Integration on the region IRON_ST finished ( 862  elements )
15:35:34     221 sec. Non linear part has been integrated and assembled.
15:35:34     221 sec. Scaling linear system
15:35:34     221 sec. Solving linear system with Mumps.
 Estimated RAM for Factorization - Incore: 7 MiBytes
 Estimated RAM for factorization - Memory on Disk: 5 MiBytes
 RAM effectively used during factorization : 6 MiBytes
 RAM effectively used during solve phase : 5 MiBytes
15:35:34     221 sec. Linear system has been solved.
       Prec. rel. = 1.19E-15/ 5.40E-02
15:35:34     221 sec. Integration on the region IRON_ST finished ( 862  elements )
   Newton-Raphson:  No iter=   3/ 100 Relax= 1.00E+00
       Prec. rel. = 1.34E-02/ 1.00E-04
15:35:34     221 sec. Integration on the region IRON_ST finished ( 862  elements )
15:35:34     221 sec. Non linear part has been integrated and assembled.
15:35:34     221 sec. Scaling linear system
15:35:34     221 sec. Solving linear system with Mumps.
 Estimated RAM for Factorization - Incore: 7 MiBytes
 Estimated RAM for factorization - Memory on Disk: 5 MiBytes
 RAM effectively used during factorization : 6 MiBytes
 RAM effectively used during solve phase : 5 MiBytes
15:35:34     221 sec. Linear system has been solved.
       Prec. rel. = 1.74E-15/ 2.86E-02
15:35:34     221 sec. Integration on the region IRON_ST finished ( 862  elements )
   Newton-Raphson:  No iter=   4/ 100 Relax= 1.00E+00
       Prec. rel. = 5.73E-03/ 1.00E-04
15:35:34     221 sec. Integration on the region IRON_ST finished ( 862  elements )
15:35:34     221 sec. Non linear part has been integrated and assembled.
15:35:34     221 sec. Scaling linear system
15:35:34     221 sec. Solving linear system with Mumps.
 Estimated RAM for Factorization - Incore: 7 MiBytes
 Estimated RAM for factorization - Memory on Disk: 5 MiBytes
 RAM effectively used during factorization : 6 MiBytes
 RAM effectively used during solve phase : 5 MiBytes
15:35:34     221 sec. Linear system has been solved.
       Prec. rel. = 1.92E-15/ 1.10E-02
15:35:34     221 sec. Integration on the region IRON_ST finished ( 862  elements )
   Newton-Raphson:  No iter=   5/ 100 Relax= 1.00E+00
       Prec. rel. = 1.18E-03/ 1.00E-04
15:35:34     221 sec. Integration on the region IRON_ST finished ( 862  elements )
15:35:34     221 sec. Non linear part has been integrated and assembled.
15:35:34     221 sec. Scaling linear system
15:35:34     221 sec. Solving linear system with Mumps.
 Estimated RAM for Factorization - Incore: 7 MiBytes
 Estimated RAM for factorization - Memory on Disk: 5 MiBytes
 RAM effectively used during factorization : 6 MiBytes
 RAM effectively used during solve phase : 5 MiBytes
15:35:34     221 sec. Linear system has been solved.
       Prec. rel. = 2.52E-15/ 5.44E-04
15:35:34     221 sec. Integration on the region IRON_ST finished ( 862  elements )
   Newton-Raphson:  No iter=   6/ 100 Relax= 1.00E+00
       Prec. rel. = 2.84E-06/ 1.00E-04
15:35:34     221 sec. Computation of F_ROT
15:35:34     221 sec. Value of F_ROT : -.509405495563E-08 -.10156977053E-04 0
15:35:34     221 sec. Computation of F_ST
Some boundaries of the region IRON_ST are not in contact with air or vacuum region.
*** WARNING : The computation of FMag(IRON_ST) may be wrong. ***
15:35:34     221 sec. Value of F_ST : 0.174138293019E-06 0.727568686081E-06 0
15:35:34     221 sec. Computation of TZ_ROT
15:35:34     221 sec. Value of TZ_ROT : 0.024868189562345
15:35:34     221 sec. Computation of TZ_ST
Some boundaries of the region IRON_ST are not in contact with air or vacuum region.
*** WARNING : The computation of TMag(IRON_ST) may be wrong. ***
15:35:34     221 sec. Value of TZ_ST : -0.013256428086058
15:35:34     221 sec. Computation of TZ_COILS
The region COIL_PLUS_1 has a relative permeability close to 1.
The region COIL_PLUS_2 has a relative permeability close to 1.
The region COIL_PLUS_3 has a relative permeability close to 1.
The region COIL_PLUS_4 has a relative permeability close to 1.
The region COIL_PLUS_5 has a relative permeability close to 1.
The region COIL_MINUS_1 has a relative permeability close to 1.
The region COIL_MINUS_2 has a relative permeability close to 1.
The region COIL_MINUS_3 has a relative permeability close to 1.
The region COIL_MINUS_4 has a relative permeability close to 1.
The region COIL_MINUS_5 has a relative permeability close to 1.
The region COIL_MINUS_6 has a relative permeability close to 1.
The region COIL_PLUS_6 has a relative permeability close to 1.
The formulation associated to region IRON_ST, neighbor of the region COIL_PLUS_1,COIL_PLUS_2,COIL_PLUS_3,COIL_PLUS_4,COIL_PLUS_5,COIL_MINUS_1,COIL_MINUS_2,COIL_MINUS_3,COIL_MINUS_4,COIL_MIN, is non linear.
*** Computing TMag(COIL_PLUS_1,COIL_PLUS_2,COIL_PLUS_3,COIL_PLUS_4,COIL_PLUS_5,COIL_MINUS_1,COIL_MINUS_2,COIL_MINUS_3,COIL_MINUS_4,COI is impossible. ***
15:35:34     221 sec. Value of TZ_COILS : NaN
15:35:34     221 sec. Computation of F_COILS
The region COIL_PLUS_1 has a relative permeability close to 1.
The region COIL_PLUS_2 has a relative permeability close to 1.
The region COIL_PLUS_3 has a relative permeability close to 1.
The region COIL_PLUS_4 has a relative permeability close to 1.
The region COIL_PLUS_5 has a relative permeability close to 1.
The region COIL_MINUS_1 has a relative permeability close to 1.
The region COIL_MINUS_2 has a relative permeability close to 1.
The region COIL_MINUS_3 has a relative permeability close to 1.
The region COIL_MINUS_4 has a relative permeability close to 1.
The region COIL_MINUS_5 has a relative permeability close to 1.
The region COIL_MINUS_6 has a relative permeability close to 1.
The region COIL_PLUS_6 has a relative permeability close to 1.
The formulation associated to region IRON_ST, neighbor of the region COIL_PLUS_1,COIL_PLUS_2,COIL_PLUS_3,COIL_PLUS_4,COIL_PLUS_5,COIL_MINUS_1,COIL_MINUS_2,COIL_MINUS_3,COIL_MINUS_4,COIL_MIN, is non linear.
*** Computing FMag(COIL_PLUS_1,COIL_PLUS_2,COIL_PLUS_3,COIL_PLUS_4,COIL_PLUS_5,COIL_MINUS_1,COIL_MINUS_2,COIL_MINUS_3,COIL_MINUS_4,COI is impossible. ***
15:35:34     221 sec. Value of F_COILS : NaN
15:35:34     221 sec. Value of TH_COIL_CIRC : 3
15:35:34     221 sec. Value of R_ST_IN_PH : 25
15:35:34     221 sec. Value of A_COIL : 73.8274273593601
15:35:34     221 sec. Value of A_CU : 29.5309709437441
15:35:34     221 sec. Value of IT_HAT : 417.630996186886
15:35:34     221 sec. Value of THETA_F : 30
15:35:34     221 sec. Value of IF_HAT : 0
15:35:34     221 sec. Value of I_T_1 : -361.679052105646
15:35:34     221 sec. Value of I_F_1 : 0
15:35:34     221 sec. Value of I_T_2 : 0.255725231352E-13
15:35:34     221 sec. Value of I_F_2 : 0
15:35:34     221 sec. Value of I_T_3 : 361.679052105646
15:35:34     221 sec. Value of I_F_3 : 0
15:35:34     221 sec. Value of I_T_4 : 361.679052105646
15:35:34     221 sec. Value of I_F_4 : 0
15:35:34     221 sec. Value of I_T_5 : 0.255725231352E-13
15:35:34     221 sec. Value of I_F_5 : 0
15:35:34     221 sec. Value of I_T_6 : -361.679052105646
15:35:34     221 sec. Value of I_F_6 : 0
15:35:34     221 sec. Start reading ...
15:35:34     221 sec. ... end reading
 
15:35:34     221 sec. ... end solving problem.
 
15:35:34     221 sec. Start save ...
15:35:35     221 sec. ... end save
Value of parameter COIL_KCU : 0.4
Value of parameter DR_0 : 0
Value of parameter DTHETA : 0
Value of parameter DTHETA_0 : 0
Value of parameter DX : 0
Value of parameter DY : 0
Value of parameter D_AGAP : 5
Value of parameter D_MECHGAP : 2
Value of parameter I_F_PEAK : 0
Value of parameter I_T_PEAK : 0
Value of parameter JF_RMS : 0
Value of parameter JT_RMS : 10
Value of parameter R_ROT_OUT : 20
Value of parameter THETA_F0 : 30
Value of parameter THETA_F_DIR : 0
Value of parameter THETA_T : 150
The final derivative of points defining the spline curve of material NO12 must be equal to Mu0. The final relative permeability is equal to: 1.10924599072956
   solve executed
Anomaly (1) - Warning:
Some boundaries of the region IRON_ST are not in contact with air or vacuum region.
Some boundaries of the region IRON_ST are not in contact with air or vacuum region.
Some boundaries of the region IRON_ST are not in contact with air or vacuum region.
Some boundaries of the region IRON_ST are not in contact with air or vacuum region.
Some boundaries of the region IRON_ST are not in contact with air or vacuum region.
Some boundaries of the region IRON_ST are not in contact with air or vacuum region.
Some boundaries of the region IRON_ST are not in contact with air or vacuum region.
Some boundaries of the region IRON_ST are not in contact with air or vacuum region.
Some boundaries of the region IRON_ST are not in contact with air or vacuum region.
Some boundaries of the region IRON_ST are not in contact with air or vacuum region.
Some boundaries of the region IRON_ST are not in contact with air or vacuum region.
Some boundaries of the region IRON_ST are not in contact with air or vacuum region.
*** WARNING : The computation of FMag(IRON_ST) may be wrong. ***
Some boundaries of the region IRON_ST are not in contact with air or vacuum region.
Some boundaries of the region IRON_ST are not in contact with air or vacuum region.
Some boundaries of the region IRON_ST are not in contact with air or vacuum region.
Some boundaries of the region IRON_ST are not in contact with air or vacuum region.
Some boundaries of the region IRON_ST are not in contact with air or vacuum region.
Some boundaries of the region IRON_ST are not in contact with air or vacuum region.
Some boundaries of the region IRON_ST are not in contact with air or vacuum region.
Some boundaries of the region IRON_ST are not in contact with air or vacuum region.
Some boundaries of the region IRON_ST are not in contact with air or vacuum region.
Some boundaries of the region IRON_ST are not in contact with air or vacuum region.
Some boundaries of the region IRON_ST are not in contact with air or vacuum region.
Some boundaries of the region IRON_ST are not in contact with air or vacuum region.
*** WARNING : The computation of TMag(IRON_ST) may be wrong. ***
The region COIL_PLUS_1 has a relative permeability close to 1.
The region COIL_PLUS_2 has a relative permeability close to 1.
The region COIL_PLUS_3 has a relative permeability close to 1.
The region COIL_PLUS_4 has a relative permeability close to 1.
The region COIL_PLUS_5 has a relative permeability close to 1.
The region COIL_MINUS_1 has a relative permeability close to 1.
The region COIL_MINUS_2 has a relative permeability close to 1.
The region COIL_MINUS_3 has a relative permeability close to 1.
The region COIL_MINUS_4 has a relative permeability close to 1.
The region COIL_MINUS_5 has a relative permeability close to 1.
The region COIL_MINUS_6 has a relative permeability close to 1.
The region COIL_PLUS_6 has a relative permeability close to 1.
The formulation associated to region IRON_ST, neighbor of the region COIL_PLUS_1,COIL_PLUS_2,COIL_PLUS_3,COIL_PLUS_4,COIL_PLUS_5,COIL_MINUS_1,COIL_MINUS_2,COIL_MINUS_3,COIL_MINUS_4,COIL_MIN, is non linear.
*** Computing TMag(COIL_PLUS_1,COIL_PLUS_2,COIL_PLUS_3,COIL_PLUS_4,COIL_PLUS_5,COIL_MINUS_1,COIL_MINUS_2,COIL_MINUS_3,COIL_MINUS_4,COI is impossible. ***
The region COIL_PLUS_1 has a relative permeability close to 1.
The region COIL_PLUS_2 has a relative permeability close to 1.
The region COIL_PLUS_3 has a relative permeability close to 1.
The region COIL_PLUS_4 has a relative permeability close to 1.
The region COIL_PLUS_5 has a relative permeability close to 1.
The region COIL_MINUS_1 has a relative permeability close to 1.
The region COIL_MINUS_2 has a relative permeability close to 1.
The region COIL_MINUS_3 has a relative permeability close to 1.
The region COIL_MINUS_4 has a relative permeability close to 1.
The region COIL_MINUS_5 has a relative permeability close to 1.
The region COIL_MINUS_6 has a relative permeability close to 1.
The region COIL_PLUS_6 has a relative permeability close to 1.
The formulation associated to region IRON_ST, neighbor of the region COIL_PLUS_1,COIL_PLUS_2,COIL_PLUS_3,COIL_PLUS_4,COIL_PLUS_5,COIL_MINUS_1,COIL_MINUS_2,COIL_MINUS_3,COIL_MINUS_4,COIL_MIN, is non linear.
*** Computing FMag(COIL_PLUS_1,COIL_PLUS_2,COIL_PLUS_3,COIL_PLUS_4,COIL_PLUS_5,COIL_MINUS_1,COIL_MINUS_2,COIL_MINUS_3,COIL_MINUS_4,COI is impossible. ***
Some boundaries of the region IRON_ST are not in contact with air or vacuum region.
Some boundaries of the region IRON_ST are not in contact with air or vacuum region.
Some boundaries of the region IRON_ST are not in contact with air or vacuum region.
Some boundaries of the region IRON_ST are not in contact with air or vacuum region.
Some boundaries of the region IRON_ST are not in contact with air or vacuum region.
Some boundaries of the region IRON_ST are not in contact with air or vacuum region.
Some boundaries of the region IRON_ST are not in contact with air or vacuum region.
Some boundaries of the region IRON_ST are not in contact with air or vacuum region.
Some boundaries of the region IRON_ST are not in contact with air or vacuum region.
Some boundaries of the region IRON_ST are not in contact with air or vacuum region.
Some boundaries of the region IRON_ST are not in contact with air or vacuum region.
Some boundaries of the region IRON_ST are not in contact with air or vacuum region.
*** WARNING : The computation of FMag(IRON_ST) may be wrong. ***
Some boundaries of the region IRON_ST are not in contact with air or vacuum region.
Some boundaries of the region IRON_ST are not in contact with air or vacuum region.
Some boundaries of the region IRON_ST are not in contact with air or vacuum region.
Some boundaries of the region IRON_ST are not in contact with air or vacuum region.
Some boundaries of the region IRON_ST are not in contact with air or vacuum region.
Some boundaries of the region IRON_ST are not in contact with air or vacuum region.
Some boundaries of the region IRON_ST are not in contact with air or vacuum region.
Some boundaries of the region IRON_ST are not in contact with air or vacuum region.
Some boundaries of the region IRON_ST are not in contact with air or vacuum region.
Some boundaries of the region IRON_ST are not in contact with air or vacuum region.
Some boundaries of the region IRON_ST are not in contact with air or vacuum region.
Some boundaries of the region IRON_ST are not in contact with air or vacuum region.
*** WARNING : The computation of TMag(IRON_ST) may be wrong. ***
The region COIL_PLUS_1 has a relative permeability close to 1.
The region COIL_PLUS_2 has a relative permeability close to 1.
The region COIL_PLUS_3 has a relative permeability close to 1.
The region COIL_PLUS_4 has a relative permeability close to 1.
The region COIL_PLUS_5 has a relative permeability close to 1.
The region COIL_MINUS_1 has a relative permeability close to 1.
The region COIL_MINUS_2 has a relative permeability close to 1.
The region COIL_MINUS_3 has a relative permeability close to 1.
The region COIL_MINUS_4 has a relative permeability close to 1.
The region COIL_MINUS_5 has a relative permeability close to 1.
The region COIL_MINUS_6 has a relative permeability close to 1.
The region COIL_PLUS_6 has a relative permeability close to 1.
The formulation associated to region IRON_ST, neighbor of the region COIL_PLUS_1,COIL_PLUS_2,COIL_PLUS_3,COIL_PLUS_4,COIL_PLUS_5,COIL_MINUS_1,COIL_MINUS_2,COIL_MINUS_3,COIL_MINUS_4,COIL_MIN, is non linear.
*** Computing TMag(COIL_PLUS_1,COIL_PLUS_2,COIL_PLUS_3,COIL_PLUS_4,COIL_PLUS_5,COIL_MINUS_1,COIL_MINUS_2,COIL_MINUS_3,COIL_MINUS_4,COI is impossible. ***
The region COIL_PLUS_1 has a relative permeability close to 1.
The region COIL_PLUS_2 has a relative permeability close to 1.
The region COIL_PLUS_3 has a relative permeability close to 1.
The region COIL_PLUS_4 has a relative permeability close to 1.
The region COIL_PLUS_5 has a relative permeability close to 1.
The region COIL_MINUS_1 has a relative permeability close to 1.
The region COIL_MINUS_2 has a relative permeability close to 1.
The region COIL_MINUS_3 has a relative permeability close to 1.
The region COIL_MINUS_4 has a relative permeability close to 1.
The region COIL_MINUS_5 has a relative permeability close to 1.
The region COIL_MINUS_6 has a relative permeability close to 1.
The region COIL_PLUS_6 has a relative permeability close to 1.
The formulation associated to region IRON_ST, neighbor of the region COIL_PLUS_1,COIL_PLUS_2,COIL_PLUS_3,COIL_PLUS_4,COIL_PLUS_5,COIL_MINUS_1,COIL_MINUS_2,COIL_MINUS_3,COIL_MINUS_4,COIL_MIN, is non linear.
*** Computing FMag(COIL_PLUS_1,COIL_PLUS_2,COIL_PLUS_3,COIL_PLUS_4,COIL_PLUS_5,COIL_MINUS_1,COIL_MINUS_2,COIL_MINUS_3,COIL_MINUS_4,COI is impossible. ***
Some boundaries of the region IRON_ST are not in contact with air or vacuum region.
Some boundaries of the region IRON_ST are not in contact with air or vacuum region.
Some boundaries of the region IRON_ST are not in contact with air or vacuum region.
Some boundaries of the region IRON_ST are not in contact with air or vacuum region.
Some boundaries of the region IRON_ST are not in contact with air or vacuum region.
Some boundaries of the region IRON_ST are not in contact with air or vacuum region.
Some boundaries of the region IRON_ST are not in contact with air or vacuum region.
Some boundaries of the region IRON_ST are not in contact with air or vacuum region.
Some boundaries of the region IRON_ST are not in contact with air or vacuum region.
Some boundaries of the region IRON_ST are not in contact with air or vacuum region.
Some boundaries of the region IRON_ST are not in contact with air or vacuum region.
Some boundaries of the region IRON_ST are not in contact with air or vacuum region.
*** WARNING : The computation of FMag(IRON_ST) may be wrong. ***
Some boundaries of the region IRON_ST are not in contact with air or vacuum region.
Some boundaries of the region IRON_ST are not in contact with air or vacuum region.
Some boundaries of the region IRON_ST are not in contact with air or vacuum region.
Some boundaries of the region IRON_ST are not in contact with air or vacuum region.
Some boundaries of the region IRON_ST are not in contact with air or vacuum region.
Some boundaries of the region IRON_ST are not in contact with air or vacuum region.
Some boundaries of the region IRON_ST are not in contact with air or vacuum region.
Some boundaries of the region IRON_ST are not in contact with air or vacuum region.
Some boundaries of the region IRON_ST are not in contact with air or vacuum region.
Some boundaries of the region IRON_ST are not in contact with air or vacuum region.
Some boundaries of the region IRON_ST are not in contact with air or vacuum region.
Some boundaries of the region IRON_ST are not in contact with air or vacuum region.
*** WARNING : The computation of TMag(IRON_ST) may be wrong. ***
The region COIL_PLUS_1 has a relative permeability close to 1.
The region COIL_PLUS_2 has a relative permeability close to 1.
The region COIL_PLUS_3 has a relative permeability close to 1.
The region COIL_PLUS_4 has a relative permeability close to 1.
The region COIL_PLUS_5 has a relative permeability close to 1.
The region COIL_MINUS_1 has a relative permeability close to 1.
The region COIL_MINUS_2 has a relative permeability close to 1.
The region COIL_MINUS_3 has a relative permeability close to 1.
The region COIL_MINUS_4 has a relative permeability close to 1.
The region COIL_MINUS_5 has a relative permeability close to 1.
The region COIL_MINUS_6 has a relative permeability close to 1.
The region COIL_PLUS_6 has a relative permeability close to 1.
The formulation associated to region IRON_ST, neighbor of the region COIL_PLUS_1,COIL_PLUS_2,COIL_PLUS_3,COIL_PLUS_4,COIL_PLUS_5,COIL_MINUS_1,COIL_MINUS_2,COIL_MINUS_3,COIL_MINUS_4,COIL_MIN, is non linear.
*** Computing TMag(COIL_PLUS_1,COIL_PLUS_2,COIL_PLUS_3,COIL_PLUS_4,COIL_PLUS_5,COIL_MINUS_1,COIL_MINUS_2,COIL_MINUS_3,COIL_MINUS_4,COI is impossible. ***
The region COIL_PLUS_1 has a relative permeability close to 1.
The region COIL_PLUS_2 has a relative permeability close to 1.
The region COIL_PLUS_3 has a relative permeability close to 1.
The region COIL_PLUS_4 has a relative permeability close to 1.
The region COIL_PLUS_5 has a relative permeability close to 1.
The region COIL_MINUS_1 has a relative permeability close to 1.
The region COIL_MINUS_2 has a relative permeability close to 1.
The region COIL_MINUS_3 has a relative permeability close to 1.
The region COIL_MINUS_4 has a relative permeability close to 1.
The region COIL_MINUS_5 has a relative permeability close to 1.
The region COIL_MINUS_6 has a relative permeability close to 1.
The region COIL_PLUS_6 has a relative permeability close to 1.
The formulation associated to region IRON_ST, neighbor of the region COIL_PLUS_1,COIL_PLUS_2,COIL_PLUS_3,COIL_PLUS_4,COIL_PLUS_5,COIL_MINUS_1,COIL_MINUS_2,COIL_MINUS_3,COIL_MINUS_4,COIL_MIN, is non linear.
*** Computing FMag(COIL_PLUS_1,COIL_PLUS_2,COIL_PLUS_3,COIL_PLUS_4,COIL_PLUS_5,COIL_MINUS_1,COIL_MINUS_2,COIL_MINUS_3,COIL_MINUS_4,COI is impossible. ***

Start of evaluation sensors
Any sensor requires a new valuation
End evaluation
 
TZ ROT
   R_ROT_OUT
    Interval = 10 (10, 20)
      Minimal value = 0.005940323001177
      Maximal value = 0.024868189562345
      Mean value                 = 0.01458
      Rectified mean value       = 0.01458
      R.m.s value                = 0.016064
      Integral along the curve = 0.145804
 
Analysis of variation computation(s) finished
   EvolutiveCurve2D[TZ_ROT_1] created
Saving project '../../../../../../Google Drive/4_EPFL_Dropbox/10_Publications/5_ICEMS_journal/flux_simulations/2d/post 3d/20160516_slotless_lslot_tuning_alpha15.FLU'
08:23:49   60716 sec. Start reading ...
08:23:49   60716 sec. ... end reading
Failed to open the following file because the path exceeds 255 caracters:
C:\Users\jperalta\Documents\github_pato\flux\2_int_rotor\1_int_rotor_slotless\7_icems_journal_2018_2d\..\..\..\..\..\..\Google Drive\4_EPFL_Dropbox\10_Publications\5_ICEMS_journal\flux_simulations\2d\post 3d\20160516_slotless_lslot_tuning_alpha15.FLU\fileT07
Try with a shorter path name.
08:23:49   60716 sec. Start save ...
Failed to open the following file because the path exceeds 255 caracters:
C:\Users\jperalta\Documents\github_pato\flux\2_int_rotor\1_int_rotor_slotless\7_icems_journal_2018_2d\..\..\..\..\..\..\Google Drive\4_EPFL_Dropbox\10_Publications\5_ICEMS_journal\flux_simulations\2d\post 3d\20160516_slotless_lslot_tuning_alpha15.FLU\PROBL|7
Try with a shorter path name.
Anomaly (2) - User error:
Can not execute the following command :
saveProject()

Failed to open the following file because the path exceeds 255 caracters:
C:\Users\jperalta\Documents\github_pato\flux\2_int_rotor\1_int_rotor_slotless\7_icems_journal_2018_2d\..\..\..\..\..\..\Google Drive\4_EPFL_Dropbox\10_Publications\5_ICEMS_journal\flux_simulations\2d\post 3d\20160516_slotless_lslot_tuning_alpha15.FLU\fileTemp
Try with a shorter path name.
Failed to open the following file because the path exceeds 255 caracters:
C:\Users\jperalta\Documents\github_pato\flux\2_int_rotor\1_int_rotor_slotless\7_icems_journal_2018_2d\..\..\..\..\..\..\Google Drive\4_EPFL_Dropbox\10_Publications\5_ICEMS_journal\flux_simulations\2d\post 3d\20160516_slotless_lslot_tuning_alpha15.FLU\PROBLEM_FLU.PFL
Try with a shorter path name.

Closing project
Close of C:/Users/jperalta/Google Drive/4_EPFL_Dropbox/10_Publications/5_ICEMS_journal/flux_simulations/2d/post 3d/20160516_slotless_lslot_tuning_alpha15
... end closing project
Maximum use of 335 MiB. in numerical memory
For the dynamic table ID 263066
Maximum use of 19 MiB. in character memory
For the dynamic table ID 2538868
 
   NUMZM         ADRES    SUIV    PREC    CODE          LONG           UID     PROP4   ...
 
       1             5       6       4   R08 5             0             0
       2             1       5       5   C80 8             0             0
       4     268435457       1       6   R08 5             0             0
       5       1677722       2       2   C80 8             0             0
       6             5       4       1   I04 2        600037             0
Numerical memory: Total length                   = 268435456
(8 byte words)    Present length                 =    600041
                  Useful length                  =    600041
                  Number of numerical arrays     =         3
Character memory: Total length                   =   1677721
(80 byte words)   Present length                 =         0
                  Useful length                  =         0
                  Number of character arrays     =         2
Maximum number of arrays (num+char)              =    100006
 
08:23:52   60719 sec. FLUX2D_18.1.0 kernel finalized
