Loading data model 'Flux_model.stp'
Recording commands in 'C:/Users/jperalta/Documents/github_pato/flux/2_int_rotor/1_int_rotor_slotless/7_icems_journal_2018_2d/Flux2D_log_1.py'
 
                                                             FLUX2D_18.1.0 : 2D Finite Element Electromagnetism
                                                                   2048 MiB N. + 127 MiB C. + 1024 MiB J.
                                                                  HWU licensing used: 6200@stilic5.epfl.ch
                                           Build 1806291121 Flux_Release_2018.1 CL15346 Win64 4/8 cores LAIB108233:12860 jperalta
 
09:11:07       0 sec. FLUX2D_18.1.0 kernel initialized

Flux2D (application 2018.1) running

Loading new project
Creating ANONYM
... end loading new project
   MagnetizationGrid[2] created
   SketcherOption[1] modified
Start to open Sketcher
... Sketcher opened
   MagnetizationGrid[1] created
   SketcherOption[1] modified
Start to open Sketcher
... Sketcher opened
Start to close Sketcher
... Sketcher closed
FICHIER PARAM.PY

   ParameterGeom[R_ROT_OUT] created
ParameterGeom[1]
   ParameterGeom[D_AGAP] created
   ParameterGeom[L_SLOT] created
ParameterGeom[3]
   ParameterGeom[R_ST_IN] created
   ParameterGeom[D_ST] created
   ParameterGeom[R_ST_OUT] created
   ParameterGeom[D_MOT] created
   ParameterGeom[W_SLOT] created
ParameterGeom[8]
   ParameterGeom[Y] created
   ParameterGeom[DTHETA] created
   ParameterGeom[DX] created
   ParameterGeom[DY] created
   ParameterGeom[DR_0] created
   ParameterGeom[DTHETA_0] created
   ParameterGeom[Y2] created
 
Multiplying coefficient for the flux in the coils and for coupling with electrical circuits :
Automatically calculated value = 1
 
   Application[2] created
   AidedMesh[1] modified
   CoordSys[COORD_SYS_ST] created
   CoordSys[COORD_SYS_ROT] created
   Point[1] created
   Point[2] created
   Point[3] created
   Point[4] created
   Point[5] created
   Point[6] created
   Line[1] created
   Line[2] created
   Line[3] created
   Line[4] created
   Transf[TRANSF_ST_60] created
Creation of 20 line(s) done :
5  6  7  8  9  10  11  12  13  14  15  16  17  18  19  20  21  22  23  24
   propagate executed
   Line[25] created
Creation of 5 line(s) done :
26  27  28  29  30
   propagate executed
   Point[37] created
   Point[38] created
   Line[31] created
   Line[32] created
   Line[33] created
   Line[34] created
   Line[35] created
Creation of 25 line(s) done :
36  37  38  39  40  41  42  43  44  45  46  47  48  49  50  51  52  53  54  55  56  57  58  59  60
   propagate executed
   Point[49] created
   Transf[TRANSF_ROT_180] created
Creation of 2 line(s) done :
61  62
   extrude executed
   InfiniteBox[InfiniteBoxDisc] created
Creation of 17 FACES :
1  2  3  4  5  6  7  8  9  10  11  12  13  14  15  16  17
   buildFaces executed
   setInvisible executed
   Material[BMT_42UH] created
Material[1]
The final derivative of points defining the spline curve of material NO12 must be equal to Mu0. The final relative permeability is equal to: 1.10924599072956
   Material[NO12] created
The final derivative of points defining the spline curve of material METGLAS_2605SA1 must be equal to Mu0. The final relative permeability is equal to: 0.646778731856974
   Material[METGLAS_2605SA1] created
The final derivative of points defining the spline curve of material METGLAS_NETL must be equal to Mu0. The final relative permeability is equal to: 33.2103049326848
   Material[METGLAS_NETL] created
   Material[AIR] created
   RegionFace[IRON_ST] created
   RegionFace[PM] created
   RegionFace[AIRGAP] created
Anomaly (1) - Program error:
Can not execute the following command :
#! Flux2D 18.1

##define regions without current
#########
lastInstance = RegionFace(name='IRON_ST',
           magneticDC2D=MagneticDC2DFaceMagnetic(material=Material['NO12']),
           color=Color['Black'],
           visibility=Visibility['VISIBLE'])

lastInstance = RegionFace(name='PM',
           magneticDC2D=MagneticDC2DFaceMagnetic(material=Material['BMT_42UH']),
           color=Color['Red'],
           visibility=Visibility['VISIBLE'])
             
lastInstance = RegionFace(name='AIRGAP',
           magneticDC2D=MagneticDC2DFaceVacuum(),
           color=Color['Turquoise'],
           visibility=Visibility['VISIBLE'])
                     
## coil geometric parameters
lastInstance = ParameterGeom(name='COIL_KCU : copper filling factor',
              expression='.4')     

Entity : RegionFace['IRON_ST_ABCDEF1']
Cause :
IRON_ST : this name has already been used by another entity. 
Transaction failed.
   ParameterGeom[COIL_KCU] created
   VariationParameter[R_ST_OUT_PH] created
   VariationParameter[ST_A_SLOT] created
   VariationParameter[ST_BI_SLOT] created
   VariationParameter[ST_TOOTH_A] created
   VariationParameter[A_SLOT] created
   VariationParameter[A_COIL] created
   VariationParameter[A_CU] created
   VariationParameter[I_T_PEAK] created
   VariationParameter[THETA_T] created
   VariationParameter[JT_RMS] created
   VariationParameter[IT_HAT] created
   VariationParameter[I_F_PEAK] created
   VariationParameter[THETA_F0] created
   VariationParameter[THETA_F_DIR] created
   VariationParameter[THETA_F] created
   VariationParameter[JF_RMS] created
   VariationParameter[IF_HAT] created
   VariationParameter[I_T_1] created
   VariationParameter[I_F_1] created
   CoilConductor[I_1] created
   RegionFace[COIL_PLUS_1] created
   RegionFace[COIL_MINUS_1] created
   VariationParameter[I_T_2] created
   VariationParameter[I_F_2] created
   CoilConductor[I_2] created
   RegionFace[COIL_PLUS_2] created
   RegionFace[COIL_MINUS_2] created
   VariationParameter[I_T_3] created
   VariationParameter[I_F_3] created
   CoilConductor[I_3] created
   RegionFace[COIL_PLUS_3] created
   RegionFace[COIL_MINUS_3] created
   VariationParameter[I_T_4] created
   VariationParameter[I_F_4] created
   CoilConductor[I_4] created
   RegionFace[COIL_PLUS_4] created
   RegionFace[COIL_MINUS_4] created
   VariationParameter[I_T_5] created
   VariationParameter[I_F_5] created
   CoilConductor[I_5] created
   RegionFace[COIL_PLUS_5] created
   RegionFace[COIL_MINUS_5] created
   VariationParameter[I_T_6] created
   VariationParameter[I_F_6] created
   CoilConductor[I_6] created
   RegionFace[COIL_PLUS_6] created
   RegionFace[COIL_MINUS_6] created
   assignRegionToFaces executed
   assignRegionToFaces executed
   assignRegionToFaces executed
   assignRegionToFaces executed
   assignRegionToFaces executed
   assignRegionToFaces executed
   assignRegionToFaces executed
   assignRegionToFaces executed
   assignRegionToFaces executed
   assignRegionToFaces executed
   assignRegionToFaces executed
   assignRegionToFaces executed
   assignRegionToFaces executed
   assignRegionToFaces executed
   assignRegionToFaces executed
   assignRegionToFaces executed
   setInvisible executed
   orientRegSurfMaterial executed
   ParameterGeom[L_SLOT] modified
   ParameterGeom[L_SLOT] modified
Closing project
Close of ANONYM
... end closing project
Maximum use of 302 MiB. in numerical memory
For the dynamic table ID 455486
Maximum use of 10 MiB. in character memory
For the dynamic table ID 256236
 
   NUMZM         ADRES    SUIV    PREC    CODE          LONG           UID     PROP4   ...
 
       1             5       6       4   R08 5             0             0
       2             1       5       5   C80 8             0             0
       4     268435457       1       6   R08 5             0             0
       5       1677722       2       2   C80 8             0             0
       6             5       4       1   I04 2        600037             0
Numerical memory: Total length                   = 268435456
(8 byte words)    Present length                 =    600041
                  Useful length                  =    600041
                  Number of numerical arrays     =         3
Character memory: Total length                   =   1677721
(80 byte words)   Present length                 =         0
                  Useful length                  =         0
                  Number of character arrays     =         2
Maximum number of arrays (num+char)              =    100006
 
09:26:34     927 sec. FLUX2D_18.1.0 kernel finalized
